Namespace(batch_size=128, epochs=100, lr_min=0.0, lr_max=0.1, weight_decay=0.0005, momentum=0.9, gamma=0.0, opt_level='O2', loss_scale='1.0', conv_layer='soc', init_channels=32, activation='maxmin', block_size=1, lln=False, data_dir='./cifar-data', dataset='cifar10', epsilon=36, out_dir='LipConvnet_cifar10_1_soc_32_maxmin_cr0.0', seed=0)
Epoch 	 Seconds 	 LR 	 Train Loss 	 Train Acc 	 Test Loss 	 Test Acc 	 Test Robust (36) 	 Test Robust (72) 	 Test Robust (108) 	 Test Cert
0 	 43.0 	 0.1000 	 1.9064 	 0.3338 	 1.4706 	 0.4717 	 0.2233 	 0.0783 	 0.0190 	 0.1609
1 	 40.7 	 0.1000 	 1.5290 	 0.4476 	 1.3841 	 0.5094 	 0.2696 	 0.1235 	 0.0482 	 0.1936
2 	 47.4 	 0.1000 	 1.4296 	 0.4876 	 1.2950 	 0.5370 	 0.3547 	 0.1979 	 0.0817 	 0.2419
3 	 42.2 	 0.1000 	 1.3550 	 0.5165 	 1.2144 	 0.5730 	 0.3915 	 0.2328 	 0.1153 	 0.2655
4 	 43.0 	 0.1000 	 1.2859 	 0.5453 	 1.2011 	 0.5791 	 0.3798 	 0.2322 	 0.1325 	 0.2748
5 	 45.9 	 0.1000 	 1.2411 	 0.5579 	 1.1254 	 0.6005 	 0.4225 	 0.2604 	 0.1405 	 0.2853
6 	 44.0 	 0.1000 	 1.1988 	 0.5778 	 1.1228 	 0.5990 	 0.4259 	 0.2713 	 0.1565 	 0.2991
7 	 45.0 	 0.1000 	 1.1689 	 0.5889 	 1.0593 	 0.6215 	 0.4533 	 0.2961 	 0.1691 	 0.3086
8 	 42.9 	 0.1000 	 1.1424 	 0.5977 	 1.0386 	 0.6421 	 0.4514 	 0.2925 	 0.1653 	 0.2959
9 	 45.0 	 0.1000 	 1.1236 	 0.6050 	 1.0218 	 0.6454 	 0.4841 	 0.3231 	 0.1902 	 0.3228
10 	 44.6 	 0.1000 	 1.1074 	 0.6121 	 0.9887 	 0.6574 	 0.4919 	 0.3247 	 0.1950 	 0.3251
11 	 42.7 	 0.1000 	 1.0934 	 0.6183 	 1.0025 	 0.6514 	 0.4839 	 0.3367 	 0.2166 	 0.3466
12 	 45.3 	 0.1000 	 1.0750 	 0.6242 	 0.9840 	 0.6615 	 0.4963 	 0.3343 	 0.2053 	 0.3310
13 	 43.2 	 0.1000 	 1.0769 	 0.6220 	 0.9815 	 0.6612 	 0.5045 	 0.3534 	 0.2224 	 0.3534
14 	 48.6 	 0.1000 	 1.0663 	 0.6262 	 1.0130 	 0.6437 	 0.4810 	 0.3311 	 0.2185 	 0.3545
15 	 46.0 	 0.1000 	 1.0558 	 0.6327 	 1.0471 	 0.6334 	 0.4857 	 0.3381 	 0.2105 	 0.3488
16 	 47.0 	 0.1000 	 1.0461 	 0.6367 	 0.9966 	 0.6572 	 0.5107 	 0.3639 	 0.2335 	 0.3600
17 	 50.6 	 0.1000 	 1.0535 	 0.6325 	 0.9768 	 0.6573 	 0.4984 	 0.3428 	 0.2085 	 0.3380
18 	 42.7 	 0.1000 	 1.0419 	 0.6366 	 1.0555 	 0.6292 	 0.4898 	 0.3494 	 0.2268 	 0.3681
19 	 42.2 	 0.1000 	 1.0324 	 0.6409 	 0.9409 	 0.6733 	 0.5176 	 0.3614 	 0.2366 	 0.3639
20 	 42.5 	 0.1000 	 1.0221 	 0.6433 	 0.9362 	 0.6828 	 0.5282 	 0.3732 	 0.2393 	 0.3591
21 	 41.9 	 0.1000 	 1.0260 	 0.6410 	 1.0074 	 0.6504 	 0.4911 	 0.3361 	 0.2065 	 0.3394
22 	 43.5 	 0.1000 	 1.0214 	 0.6439 	 0.9056 	 0.6907 	 0.5192 	 0.3551 	 0.2212 	 0.3411
23 	 41.6 	 0.1000 	 1.0142 	 0.6468 	 0.9398 	 0.6722 	 0.5171 	 0.3568 	 0.2350 	 0.3606
24 	 42.8 	 0.1000 	 1.0137 	 0.6455 	 0.9369 	 0.6752 	 0.5090 	 0.3538 	 0.2235 	 0.3463
25 	 42.8 	 0.1000 	 1.0065 	 0.6488 	 0.9449 	 0.6735 	 0.5156 	 0.3599 	 0.2412 	 0.3650
26 	 43.1 	 0.1000 	 1.0036 	 0.6501 	 0.9209 	 0.6810 	 0.5217 	 0.3734 	 0.2449 	 0.3660
27 	 43.7 	 0.1000 	 1.0100 	 0.6462 	 0.9416 	 0.6708 	 0.5159 	 0.3635 	 0.2357 	 0.3598
28 	 43.2 	 0.1000 	 0.9971 	 0.6508 	 0.9457 	 0.6694 	 0.5100 	 0.3542 	 0.2247 	 0.3612
29 	 44.4 	 0.1000 	 1.0057 	 0.6492 	 0.9582 	 0.6641 	 0.5132 	 0.3645 	 0.2462 	 0.3765
30 	 46.6 	 0.1000 	 0.9913 	 0.6552 	 0.9117 	 0.6809 	 0.5375 	 0.3910 	 0.2622 	 0.3835
31 	 43.0 	 0.1000 	 0.9911 	 0.6552 	 0.9036 	 0.6867 	 0.5367 	 0.3851 	 0.2524 	 0.3711
32 	 42.7 	 0.1000 	 0.9909 	 0.6527 	 0.9762 	 0.6607 	 0.5170 	 0.3753 	 0.2527 	 0.3880
33 	 45.0 	 0.1000 	 0.9892 	 0.6544 	 0.9049 	 0.6901 	 0.5312 	 0.3670 	 0.2318 	 0.3519
34 	 42.6 	 0.1000 	 0.9968 	 0.6532 	 0.9260 	 0.6794 	 0.5359 	 0.3999 	 0.2715 	 0.3940
35 	 43.7 	 0.1000 	 0.9835 	 0.6572 	 0.8967 	 0.6871 	 0.5440 	 0.3960 	 0.2702 	 0.3871
36 	 43.8 	 0.1000 	 0.9800 	 0.6571 	 0.9616 	 0.6651 	 0.5142 	 0.3668 	 0.2364 	 0.3662
37 	 41.8 	 0.1000 	 0.9881 	 0.6549 	 0.9284 	 0.6746 	 0.5262 	 0.3727 	 0.2486 	 0.3782
38 	 42.6 	 0.1000 	 0.9880 	 0.6555 	 0.8890 	 0.6920 	 0.5344 	 0.3864 	 0.2583 	 0.3770
39 	 43.4 	 0.1000 	 0.9807 	 0.6570 	 0.9157 	 0.6795 	 0.5246 	 0.3793 	 0.2506 	 0.3734
40 	 43.8 	 0.1000 	 0.9771 	 0.6595 	 0.9566 	 0.6687 	 0.5124 	 0.3579 	 0.2284 	 0.3568
41 	 42.7 	 0.1000 	 0.9855 	 0.6575 	 0.9103 	 0.6841 	 0.5381 	 0.3942 	 0.2726 	 0.3961
42 	 41.0 	 0.1000 	 0.9752 	 0.6583 	 0.9331 	 0.6727 	 0.5354 	 0.3960 	 0.2756 	 0.4016
43 	 43.2 	 0.1000 	 0.9787 	 0.6592 	 0.9073 	 0.6845 	 0.5374 	 0.3918 	 0.2675 	 0.3839
44 	 43.2 	 0.1000 	 0.9826 	 0.6572 	 0.9284 	 0.6766 	 0.5286 	 0.3699 	 0.2369 	 0.3665
45 	 45.3 	 0.1000 	 0.9657 	 0.6635 	 0.8982 	 0.6919 	 0.5474 	 0.3990 	 0.2700 	 0.3868
46 	 43.6 	 0.1000 	 0.9760 	 0.6617 	 0.9208 	 0.6817 	 0.5310 	 0.3815 	 0.2573 	 0.3814
47 	 42.7 	 0.1000 	 0.9704 	 0.6609 	 0.8984 	 0.6956 	 0.5421 	 0.3900 	 0.2638 	 0.3804
48 	 43.4 	 0.1000 	 0.9713 	 0.6619 	 0.9085 	 0.6763 	 0.5356 	 0.3881 	 0.2621 	 0.3868
49 	 42.8 	 0.0100 	 0.9654 	 0.6629 	 0.8804 	 0.6975 	 0.5617 	 0.4237 	 0.2932 	 0.4131
50 	 40.7 	 0.0100 	 0.8133 	 0.7245 	 0.7568 	 0.7454 	 0.6071 	 0.4589 	 0.3246 	 0.4211
51 	 41.5 	 0.0100 	 0.7696 	 0.7385 	 0.7365 	 0.7491 	 0.6212 	 0.4781 	 0.3440 	 0.4411
52 	 41.5 	 0.0100 	 0.7466 	 0.7457 	 0.7412 	 0.7482 	 0.6196 	 0.4788 	 0.3434 	 0.4415
53 	 43.9 	 0.0100 	 0.7366 	 0.7499 	 0.7200 	 0.7578 	 0.6292 	 0.4860 	 0.3504 	 0.4458
54 	 43.2 	 0.0100 	 0.7273 	 0.7543 	 0.7182 	 0.7582 	 0.6255 	 0.4837 	 0.3489 	 0.4443
55 	 42.9 	 0.0100 	 0.7162 	 0.7590 	 0.7083 	 0.7601 	 0.6367 	 0.4957 	 0.3592 	 0.4590
56 	 47.5 	 0.0100 	 0.7116 	 0.7608 	 0.7059 	 0.7633 	 0.6390 	 0.5002 	 0.3656 	 0.4580
57 	 45.2 	 0.0100 	 0.7046 	 0.7631 	 0.7074 	 0.7594 	 0.6341 	 0.4942 	 0.3529 	 0.4514
58 	 45.1 	 0.0100 	 0.6974 	 0.7641 	 0.7061 	 0.7597 	 0.6407 	 0.4916 	 0.3600 	 0.4558
59 	 43.9 	 0.0100 	 0.6934 	 0.7670 	 0.6995 	 0.7633 	 0.6374 	 0.5026 	 0.3724 	 0.4664
60 	 47.1 	 0.0100 	 0.6925 	 0.7667 	 0.6931 	 0.7674 	 0.6448 	 0.5183 	 0.3873 	 0.4779
61 	 43.9 	 0.0100 	 0.6848 	 0.7700 	 0.6933 	 0.7620 	 0.6401 	 0.5088 	 0.3742 	 0.4723
62 	 44.2 	 0.0100 	 0.6799 	 0.7714 	 0.6825 	 0.7683 	 0.6481 	 0.5089 	 0.3795 	 0.4782
63 	 46.3 	 0.0100 	 0.6777 	 0.7717 	 0.7074 	 0.7572 	 0.6342 	 0.4976 	 0.3702 	 0.4682
64 	 44.4 	 0.0100 	 0.6755 	 0.7724 	 0.6994 	 0.7615 	 0.6388 	 0.5088 	 0.3843 	 0.4819
65 	 46.9 	 0.0100 	 0.6723 	 0.7758 	 0.6933 	 0.7672 	 0.6411 	 0.4966 	 0.3656 	 0.4599
66 	 47.5 	 0.0100 	 0.6723 	 0.7752 	 0.6880 	 0.7653 	 0.6458 	 0.5114 	 0.3794 	 0.4761
67 	 49.5 	 0.0100 	 0.6672 	 0.7748 	 0.6978 	 0.7587 	 0.6449 	 0.5108 	 0.3868 	 0.4882
68 	 52.3 	 0.0100 	 0.6675 	 0.7750 	 0.6918 	 0.7635 	 0.6447 	 0.5070 	 0.3797 	 0.4750
69 	 53.7 	 0.0100 	 0.6631 	 0.7792 	 0.6938 	 0.7603 	 0.6437 	 0.5178 	 0.3928 	 0.4996
70 	 53.5 	 0.0100 	 0.6590 	 0.7792 	 0.6802 	 0.7685 	 0.6531 	 0.5168 	 0.3864 	 0.4859
71 	 54.7 	 0.0100 	 0.6582 	 0.7778 	 0.6944 	 0.7559 	 0.6433 	 0.5085 	 0.3803 	 0.4867
72 	 53.7 	 0.0100 	 0.6549 	 0.7801 	 0.6946 	 0.7611 	 0.6425 	 0.5085 	 0.3731 	 0.4802
73 	 53.9 	 0.0100 	 0.6526 	 0.7806 	 0.6884 	 0.7654 	 0.6494 	 0.5252 	 0.3929 	 0.4915
74 	 55.4 	 0.0010 	 0.6518 	 0.7801 	 0.6954 	 0.7579 	 0.6427 	 0.5086 	 0.3855 	 0.4879
75 	 55.1 	 0.0010 	 0.6063 	 0.8012 	 0.6434 	 0.7792 	 0.6692 	 0.5426 	 0.4096 	 0.5053
76 	 55.9 	 0.0010 	 0.5867 	 0.8087 	 0.6467 	 0.7775 	 0.6677 	 0.5404 	 0.4058 	 0.5054
77 	 58.5 	 0.0010 	 0.5803 	 0.8118 	 0.6370 	 0.7806 	 0.6748 	 0.5490 	 0.4196 	 0.5172
78 	 55.0 	 0.0010 	 0.5734 	 0.8135 	 0.6345 	 0.7833 	 0.6715 	 0.5458 	 0.4121 	 0.5079
79 	 57.5 	 0.0010 	 0.5713 	 0.8128 	 0.6354 	 0.7800 	 0.6736 	 0.5499 	 0.4178 	 0.5155
80 	 57.0 	 0.0010 	 0.5681 	 0.8155 	 0.6330 	 0.7834 	 0.6755 	 0.5497 	 0.4151 	 0.5118
81 	 54.7 	 0.0010 	 0.5644 	 0.8183 	 0.6315 	 0.7840 	 0.6764 	 0.5460 	 0.4132 	 0.5103
82 	 54.7 	 0.0010 	 0.5655 	 0.8154 	 0.6364 	 0.7791 	 0.6761 	 0.5536 	 0.4221 	 0.5222
83 	 57.6 	 0.0010 	 0.5604 	 0.8179 	 0.6322 	 0.7833 	 0.6756 	 0.5493 	 0.4195 	 0.5157
84 	 55.0 	 0.0010 	 0.5585 	 0.8183 	 0.6324 	 0.7827 	 0.6772 	 0.5489 	 0.4160 	 0.5139
85 	 50.8 	 0.0010 	 0.5564 	 0.8193 	 0.6291 	 0.7853 	 0.6769 	 0.5504 	 0.4210 	 0.5147
86 	 49.1 	 0.0010 	 0.5535 	 0.8211 	 0.6323 	 0.7824 	 0.6785 	 0.5553 	 0.4225 	 0.5177
87 	 47.8 	 0.0010 	 0.5546 	 0.8215 	 0.6338 	 0.7850 	 0.6742 	 0.5447 	 0.4116 	 0.5048
88 	 47.5 	 0.0010 	 0.5534 	 0.8208 	 0.6275 	 0.7859 	 0.6781 	 0.5521 	 0.4229 	 0.5163
89 	 49.6 	 0.0010 	 0.5512 	 0.8223 	 0.6292 	 0.7854 	 0.6750 	 0.5497 	 0.4208 	 0.5148
90 	 46.1 	 0.0010 	 0.5520 	 0.8220 	 0.6285 	 0.7833 	 0.6776 	 0.5516 	 0.4222 	 0.5195
91 	 45.7 	 0.0010 	 0.5496 	 0.8221 	 0.6256 	 0.7860 	 0.6805 	 0.5565 	 0.4282 	 0.5230
92 	 47.4 	 0.0010 	 0.5455 	 0.8231 	 0.6248 	 0.7852 	 0.6813 	 0.5582 	 0.4313 	 0.5276
93 	 45.9 	 0.0010 	 0.5454 	 0.8243 	 0.6274 	 0.7855 	 0.6750 	 0.5503 	 0.4206 	 0.5151
94 	 48.2 	 0.0010 	 0.5447 	 0.8257 	 0.6259 	 0.7845 	 0.6807 	 0.5505 	 0.4227 	 0.5184
95 	 46.7 	 0.0010 	 0.5429 	 0.8249 	 0.6237 	 0.7877 	 0.6805 	 0.5555 	 0.4328 	 0.5275
96 	 45.6 	 0.0010 	 0.5423 	 0.8264 	 0.6250 	 0.7854 	 0.6800 	 0.5568 	 0.4250 	 0.5245
97 	 45.4 	 0.0010 	 0.5411 	 0.8254 	 0.6233 	 0.7863 	 0.6795 	 0.5535 	 0.4241 	 0.5189
98 	 47.0 	 0.0010 	 0.5398 	 0.8286 	 0.6244 	 0.7850 	 0.6825 	 0.5587 	 0.4332 	 0.5302
99 	 47.0 	 0.0010 	 0.5366 	 0.8276 	 0.6194 	 0.7885 	 0.6826 	 0.5577 	 0.4320 	 0.5266
Total train time: 78.2385 minutes
Best Epoch 	 Test Loss 	 Test Acc 	 Test Robust (36) 	 Test Robust (72) 	 Test Robust (108) 	 Mean Cert 	 Test Time
99 	 0.6195 	 0.7883 	 0.6818 	 0.5575 	 0.4319 	 0.5264 	 2.7803
Last Epoch 	 Test Loss 	 Test Acc 	 Test Robust (36) 	 Test Robust (72) 	 Test Robust (108) 	 Mean Cert 	 Test Time
99 	 0.6195 	 0.7883 	 0.6818 	 0.5575 	 0.4319 	 0.5264 	 2.6992
