Namespace(batch_size=128, epochs=100, lr_min=0.0, lr_max=0.1, weight_decay=0.0005, momentum=0.9, gamma=0.0, opt_level='O2', loss_scale='1.0', conv_layer='soc', init_channels=32, activation='maxmin', block_size=1, lln=False, data_dir='./cifar-data', dataset='cifar10', epsilon=36, out_dir='LipConvnet_cifar10_1_soc_32_maxmin_cr0.0', seed=0)
Epoch 	 Seconds 	 LR 	 Train Loss 	 Train Acc 	 Test Loss 	 Test Acc 	 Test Robust (36) 	 Test Robust (72) 	 Test Robust (108) 	 Test Cert
0 	 51.1 	 0.1000 	 1.8115 	 0.3539 	 1.4625 	 0.4805 	 0.2441 	 0.0978 	 0.0289 	 0.1757
1 	 53.3 	 0.1000 	 1.5138 	 0.4592 	 1.3614 	 0.5188 	 0.2975 	 0.1487 	 0.0624 	 0.2115
2 	 51.8 	 0.1000 	 1.4234 	 0.4940 	 1.2996 	 0.5371 	 0.3489 	 0.1901 	 0.0782 	 0.2391
3 	 53.4 	 0.1000 	 1.3697 	 0.5158 	 1.2517 	 0.5660 	 0.3627 	 0.1986 	 0.0903 	 0.2418
4 	 54.9 	 0.1000 	 1.3211 	 0.5373 	 1.2683 	 0.5500 	 0.3346 	 0.1752 	 0.0829 	 0.2306
5 	 56.0 	 0.1000 	 1.2867 	 0.5492 	 1.1716 	 0.5897 	 0.3908 	 0.2193 	 0.1021 	 0.2497
6 	 55.6 	 0.1000 	 1.2568 	 0.5656 	 1.1615 	 0.5966 	 0.4031 	 0.2379 	 0.1257 	 0.2659
7 	 52.7 	 0.1000 	 1.2359 	 0.5734 	 1.1390 	 0.6123 	 0.4097 	 0.2417 	 0.1248 	 0.2642
8 	 54.9 	 0.1000 	 1.2178 	 0.5786 	 1.1512 	 0.5977 	 0.4027 	 0.2306 	 0.1078 	 0.2556
9 	 56.3 	 0.1000 	 1.2112 	 0.5836 	 1.0968 	 0.6267 	 0.4328 	 0.2562 	 0.1259 	 0.2670
10 	 55.1 	 0.1000 	 1.1968 	 0.5890 	 1.1172 	 0.6189 	 0.4178 	 0.2420 	 0.1199 	 0.2615
11 	 54.4 	 0.1000 	 1.1829 	 0.5917 	 1.0707 	 0.6451 	 0.4422 	 0.2568 	 0.1324 	 0.2684
12 	 53.9 	 0.1000 	 1.1760 	 0.5939 	 1.0997 	 0.6229 	 0.4271 	 0.2531 	 0.1315 	 0.2748
13 	 54.2 	 0.1000 	 1.1781 	 0.5972 	 1.1007 	 0.6218 	 0.4378 	 0.2684 	 0.1496 	 0.2893
14 	 56.0 	 0.1000 	 1.1677 	 0.6005 	 1.0983 	 0.6212 	 0.4265 	 0.2585 	 0.1385 	 0.2786
15 	 55.4 	 0.1000 	 1.1614 	 0.6024 	 1.1068 	 0.6144 	 0.4379 	 0.2726 	 0.1528 	 0.2922
16 	 57.0 	 0.1000 	 1.1573 	 0.6080 	 1.1344 	 0.6103 	 0.4403 	 0.2859 	 0.1634 	 0.3017
17 	 58.5 	 0.1000 	 1.1598 	 0.6046 	 1.0644 	 0.6436 	 0.4493 	 0.2673 	 0.1397 	 0.2757
18 	 56.0 	 0.1000 	 1.1499 	 0.6073 	 1.1731 	 0.5942 	 0.4287 	 0.2796 	 0.1630 	 0.3081
19 	 54.5 	 0.1000 	 1.1464 	 0.6118 	 1.0343 	 0.6565 	 0.4545 	 0.2755 	 0.1430 	 0.2768
20 	 54.5 	 0.1000 	 1.1348 	 0.6142 	 1.0490 	 0.6431 	 0.4666 	 0.2991 	 0.1664 	 0.2980
21 	 53.1 	 0.1000 	 1.1393 	 0.6126 	 1.0992 	 0.6240 	 0.4457 	 0.2786 	 0.1539 	 0.2897
22 	 56.6 	 0.1000 	 1.1425 	 0.6122 	 1.0719 	 0.6308 	 0.4509 	 0.2843 	 0.1540 	 0.2893
23 	 58.4 	 0.1000 	 1.1323 	 0.6167 	 1.0327 	 0.6579 	 0.4565 	 0.2786 	 0.1443 	 0.2761
24 	 54.4 	 0.1000 	 1.1336 	 0.6154 	 1.0501 	 0.6547 	 0.4481 	 0.2678 	 0.1432 	 0.2753
25 	 57.9 	 0.1000 	 1.1264 	 0.6168 	 1.0716 	 0.6388 	 0.4336 	 0.2595 	 0.1346 	 0.2725
26 	 59.1 	 0.1000 	 1.1216 	 0.6192 	 1.0415 	 0.6536 	 0.4572 	 0.2686 	 0.1356 	 0.2717
27 	 58.3 	 0.1000 	 1.1289 	 0.6180 	 1.0475 	 0.6545 	 0.4672 	 0.2887 	 0.1479 	 0.2861
28 	 57.9 	 0.1000 	 1.1209 	 0.6189 	 1.0757 	 0.6399 	 0.4357 	 0.2672 	 0.1517 	 0.2850
29 	 60.2 	 0.1000 	 1.1179 	 0.6207 	 1.0933 	 0.6248 	 0.4292 	 0.2685 	 0.1498 	 0.2843
30 	 59.5 	 0.1000 	 1.1187 	 0.6233 	 1.0303 	 0.6504 	 0.4559 	 0.2838 	 0.1552 	 0.2859
31 	 56.5 	 0.1000 	 1.1140 	 0.6214 	 1.0452 	 0.6514 	 0.4532 	 0.2766 	 0.1483 	 0.2802
32 	 56.6 	 0.1000 	 1.1158 	 0.6219 	 1.0646 	 0.6423 	 0.4523 	 0.2781 	 0.1552 	 0.2888
33 	 54.3 	 0.1000 	 1.1152 	 0.6221 	 1.0443 	 0.6458 	 0.4550 	 0.2836 	 0.1489 	 0.2828
34 	 55.5 	 0.1000 	 1.1211 	 0.6216 	 1.0463 	 0.6489 	 0.4643 	 0.2975 	 0.1654 	 0.2975
35 	 58.5 	 0.1000 	 1.1146 	 0.6230 	 1.0710 	 0.6371 	 0.4565 	 0.2967 	 0.1624 	 0.2985
36 	 58.1 	 0.1000 	 1.1123 	 0.6243 	 1.0527 	 0.6536 	 0.4565 	 0.2771 	 0.1431 	 0.2786
37 	 57.2 	 0.1000 	 1.1164 	 0.6233 	 1.0639 	 0.6286 	 0.4536 	 0.2903 	 0.1675 	 0.3033
38 	 58.7 	 0.1000 	 1.1114 	 0.6251 	 1.0439 	 0.6370 	 0.4637 	 0.3037 	 0.1805 	 0.3099
39 	 58.0 	 0.1000 	 1.1122 	 0.6217 	 1.0259 	 0.6524 	 0.4632 	 0.2931 	 0.1645 	 0.2944
40 	 57.0 	 0.1000 	 1.1091 	 0.6242 	 1.0283 	 0.6546 	 0.4621 	 0.2861 	 0.1566 	 0.2859
41 	 57.8 	 0.1000 	 1.1130 	 0.6224 	 1.0331 	 0.6499 	 0.4655 	 0.2976 	 0.1742 	 0.3019
42 	 56.4 	 0.1000 	 1.1083 	 0.6248 	 1.0611 	 0.6383 	 0.4635 	 0.3019 	 0.1695 	 0.3025
43 	 58.4 	 0.1000 	 1.1090 	 0.6252 	 1.0559 	 0.6406 	 0.4643 	 0.3033 	 0.1744 	 0.3061
44 	 53.7 	 0.1000 	 1.1149 	 0.6231 	 1.0420 	 0.6448 	 0.4545 	 0.2831 	 0.1551 	 0.2878
45 	 54.1 	 0.1000 	 1.1060 	 0.6249 	 1.0346 	 0.6514 	 0.4698 	 0.3053 	 0.1740 	 0.3019
46 	 56.1 	 0.1000 	 1.1058 	 0.6279 	 1.0193 	 0.6649 	 0.4745 	 0.2931 	 0.1579 	 0.2881
47 	 57.5 	 0.1000 	 1.1054 	 0.6253 	 1.0329 	 0.6446 	 0.4562 	 0.2808 	 0.1509 	 0.2874
48 	 57.0 	 0.1000 	 1.1021 	 0.6292 	 1.0461 	 0.6408 	 0.4595 	 0.2908 	 0.1648 	 0.2967
49 	 55.7 	 0.0100 	 1.1024 	 0.6281 	 1.0206 	 0.6578 	 0.4785 	 0.3053 	 0.1705 	 0.3040
50 	 54.4 	 0.0100 	 0.9854 	 0.6783 	 0.9144 	 0.7040 	 0.5190 	 0.3386 	 0.2004 	 0.3123
51 	 60.9 	 0.0100 	 0.9509 	 0.6947 	 0.9003 	 0.7112 	 0.5300 	 0.3521 	 0.2076 	 0.3183
52 	 54.9 	 0.0100 	 0.9354 	 0.6992 	 0.8975 	 0.7125 	 0.5259 	 0.3532 	 0.2106 	 0.3196
53 	 55.4 	 0.0100 	 0.9281 	 0.7052 	 0.8848 	 0.7141 	 0.5336 	 0.3565 	 0.2097 	 0.3222
54 	 52.5 	 0.0100 	 0.9222 	 0.7058 	 0.8838 	 0.7153 	 0.5366 	 0.3549 	 0.2110 	 0.3220
55 	 50.5 	 0.0100 	 0.9165 	 0.7063 	 0.8808 	 0.7123 	 0.5372 	 0.3601 	 0.2162 	 0.3293
56 	 49.7 	 0.0100 	 0.9105 	 0.7122 	 0.8774 	 0.7135 	 0.5396 	 0.3644 	 0.2198 	 0.3283
57 	 48.7 	 0.0100 	 0.9078 	 0.7122 	 0.8730 	 0.7170 	 0.5384 	 0.3558 	 0.2107 	 0.3210
58 	 50.4 	 0.0100 	 0.9042 	 0.7125 	 0.8770 	 0.7189 	 0.5357 	 0.3540 	 0.2075 	 0.3190
59 	 51.3 	 0.0100 	 0.9005 	 0.7134 	 0.8718 	 0.7205 	 0.5399 	 0.3621 	 0.2206 	 0.3274
60 	 50.8 	 0.0100 	 0.9001 	 0.7125 	 0.8665 	 0.7210 	 0.5448 	 0.3690 	 0.2257 	 0.3330
61 	 49.9 	 0.0100 	 0.8950 	 0.7153 	 0.8655 	 0.7209 	 0.5399 	 0.3625 	 0.2182 	 0.3236
62 	 49.3 	 0.0100 	 0.8932 	 0.7155 	 0.8599 	 0.7228 	 0.5465 	 0.3685 	 0.2209 	 0.3303
63 	 49.4 	 0.0100 	 0.8922 	 0.7163 	 0.8702 	 0.7180 	 0.5370 	 0.3636 	 0.2155 	 0.3273
64 	 49.3 	 0.0100 	 0.8890 	 0.7178 	 0.8691 	 0.7153 	 0.5481 	 0.3812 	 0.2421 	 0.3461
65 	 50.2 	 0.0100 	 0.8894 	 0.7157 	 0.8668 	 0.7193 	 0.5396 	 0.3624 	 0.2171 	 0.3295
66 	 50.0 	 0.0100 	 0.8882 	 0.7186 	 0.8649 	 0.7198 	 0.5465 	 0.3640 	 0.2188 	 0.3263
67 	 54.4 	 0.0100 	 0.8859 	 0.7185 	 0.8694 	 0.7191 	 0.5489 	 0.3781 	 0.2385 	 0.3446
68 	 51.6 	 0.0100 	 0.8898 	 0.7173 	 0.8604 	 0.7267 	 0.5472 	 0.3714 	 0.2247 	 0.3309
69 	 51.3 	 0.0100 	 0.8825 	 0.7201 	 0.8644 	 0.7226 	 0.5487 	 0.3766 	 0.2353 	 0.3404
70 	 49.0 	 0.0100 	 0.8841 	 0.7179 	 0.8595 	 0.7225 	 0.5488 	 0.3716 	 0.2237 	 0.3323
71 	 50.6 	 0.0100 	 0.8801 	 0.7211 	 0.8655 	 0.7192 	 0.5439 	 0.3701 	 0.2269 	 0.3367
72 	 50.1 	 0.0100 	 0.8815 	 0.7205 	 0.8636 	 0.7185 	 0.5466 	 0.3720 	 0.2265 	 0.3355
73 	 51.9 	 0.0100 	 0.8805 	 0.7204 	 0.8541 	 0.7254 	 0.5559 	 0.3804 	 0.2393 	 0.3431
74 	 50.1 	 0.0010 	 0.8787 	 0.7211 	 0.8730 	 0.7151 	 0.5400 	 0.3654 	 0.2247 	 0.3342
75 	 50.6 	 0.0010 	 0.8452 	 0.7382 	 0.8314 	 0.7388 	 0.5593 	 0.3803 	 0.2367 	 0.3367
76 	 50.1 	 0.0010 	 0.8329 	 0.7448 	 0.8320 	 0.7350 	 0.5605 	 0.3807 	 0.2353 	 0.3397
77 	 49.3 	 0.0010 	 0.8305 	 0.7434 	 0.8262 	 0.7374 	 0.5649 	 0.3867 	 0.2415 	 0.3423
78 	 51.3 	 0.0010 	 0.8268 	 0.7464 	 0.8245 	 0.7410 	 0.5662 	 0.3862 	 0.2391 	 0.3390
79 	 52.1 	 0.0010 	 0.8252 	 0.7464 	 0.8257 	 0.7370 	 0.5656 	 0.3871 	 0.2420 	 0.3420
80 	 51.4 	 0.0010 	 0.8247 	 0.7465 	 0.8231 	 0.7383 	 0.5637 	 0.3864 	 0.2405 	 0.3406
81 	 50.6 	 0.0010 	 0.8233 	 0.7478 	 0.8241 	 0.7396 	 0.5626 	 0.3836 	 0.2385 	 0.3389
82 	 50.6 	 0.0010 	 0.8227 	 0.7490 	 0.8253 	 0.7394 	 0.5650 	 0.3902 	 0.2463 	 0.3450
83 	 49.9 	 0.0010 	 0.8212 	 0.7484 	 0.8222 	 0.7398 	 0.5671 	 0.3893 	 0.2434 	 0.3437
84 	 51.2 	 0.0010 	 0.8195 	 0.7499 	 0.8231 	 0.7376 	 0.5661 	 0.3882 	 0.2412 	 0.3432
85 	 53.3 	 0.0010 	 0.8190 	 0.7487 	 0.8193 	 0.7396 	 0.5703 	 0.3935 	 0.2421 	 0.3436
86 	 53.7 	 0.0010 	 0.8174 	 0.7505 	 0.8213 	 0.7414 	 0.5691 	 0.3914 	 0.2433 	 0.3447
87 	 53.0 	 0.0010 	 0.8159 	 0.7498 	 0.8202 	 0.7420 	 0.5683 	 0.3899 	 0.2393 	 0.3408
88 	 52.4 	 0.0010 	 0.8151 	 0.7509 	 0.8196 	 0.7415 	 0.5670 	 0.3931 	 0.2446 	 0.3430
89 	 52.9 	 0.0010 	 0.8155 	 0.7511 	 0.8220 	 0.7405 	 0.5671 	 0.3902 	 0.2446 	 0.3432
90 	 55.7 	 0.0010 	 0.8157 	 0.7527 	 0.8196 	 0.7431 	 0.5689 	 0.3917 	 0.2444 	 0.3431
91 	 53.4 	 0.0010 	 0.8142 	 0.7526 	 0.8179 	 0.7399 	 0.5693 	 0.3944 	 0.2494 	 0.3467
92 	 51.1 	 0.0010 	 0.8119 	 0.7516 	 0.8160 	 0.7426 	 0.5715 	 0.3950 	 0.2501 	 0.3461
93 	 49.6 	 0.0010 	 0.8099 	 0.7537 	 0.8171 	 0.7422 	 0.5682 	 0.3897 	 0.2444 	 0.3426
94 	 52.0 	 0.0010 	 0.8112 	 0.7527 	 0.8173 	 0.7455 	 0.5706 	 0.3905 	 0.2464 	 0.3430
95 	 49.7 	 0.0010 	 0.8108 	 0.7525 	 0.8165 	 0.7410 	 0.5715 	 0.3983 	 0.2510 	 0.3491
96 	 49.6 	 0.0010 	 0.8092 	 0.7541 	 0.8159 	 0.7439 	 0.5697 	 0.3921 	 0.2455 	 0.3434
97 	 51.9 	 0.0010 	 0.8108 	 0.7527 	 0.8149 	 0.7434 	 0.5694 	 0.3928 	 0.2456 	 0.3426
98 	 55.9 	 0.0010 	 0.8068 	 0.7546 	 0.8161 	 0.7403 	 0.5685 	 0.3969 	 0.2471 	 0.3463
99 	 53.2 	 0.0010 	 0.8068 	 0.7531 	 0.8145 	 0.7434 	 0.5716 	 0.3945 	 0.2467 	 0.3448
Total train time: 90.7744 minutes
Best Epoch 	 Test Loss 	 Test Acc 	 Test Robust (36) 	 Test Robust (72) 	 Test Robust (108) 	 Mean Cert 	 Test Time
99 	 0.8144 	 0.7436 	 0.5718 	 0.3946 	 0.2469 	 0.3447 	 4.7425
Last Epoch 	 Test Loss 	 Test Acc 	 Test Robust (36) 	 Test Robust (72) 	 Test Robust (108) 	 Mean Cert 	 Test Time
99 	 0.8144 	 0.7436 	 0.5718 	 0.3946 	 0.2469 	 0.3447 	 4.6613
