Namespace(batch_size=128, epochs=100, lr_min=0.0, lr_max=0.1, weight_decay=0.0005, momentum=0.9, gamma=0.0, opt_level='O0', loss_scale='1.0', conv_layer='soc', init_channels=32, activation='maxmin', block_size=1, lln=False, data_dir='./cifar-data', dataset='cifar10', epsilon=36, out_dir='LipConvnet_cifar10_1_soc_32_maxmin_cr0.0', seed=0)
Epoch 	 Seconds 	 LR 	 Train Loss 	 Train Acc 	 Test Loss 	 Test Acc 	 Test Robust (36) 	 Test Robust (72) 	 Test Robust (108) 	 Test Cert
0 	 53.5 	 45.6 	 0.1000 	 1.8052 	 0.3522 	 1.5025 	 0.4644 	 0.2532 	 0.1159 	 0.0415 	 0.1940
1 	 53.2 	 45.2 	 0.1000 	 1.5109 	 0.4599 	 1.3779 	 0.5144 	 0.3115 	 0.1579 	 0.0669 	 0.2216
2 	 53.9 	 45.7 	 0.1000 	 1.4242 	 0.4938 	 1.3661 	 0.5120 	 0.3476 	 0.2016 	 0.0952 	 0.2571
3 	 54.2 	 46.0 	 0.1000 	 1.3768 	 0.5144 	 1.2650 	 0.5558 	 0.3609 	 0.2064 	 0.0970 	 0.2493
4 	 54.2 	 46.1 	 0.1000 	 1.3278 	 0.5349 	 1.2663 	 0.5518 	 0.3396 	 0.1860 	 0.0945 	 0.2424
5 	 54.5 	 46.1 	 0.1000 	 1.3008 	 0.5451 	 1.2329 	 0.5667 	 0.3692 	 0.2102 	 0.0984 	 0.2490
6 	 56.1 	 47.5 	 0.1000 	 1.2786 	 0.5558 	 1.2492 	 0.5591 	 0.3742 	 0.2240 	 0.1167 	 0.2647
7 	 57.2 	 48.1 	 0.1000 	 1.2661 	 0.5625 	 1.1670 	 0.5889 	 0.3946 	 0.2309 	 0.1195 	 0.2648
8 	 57.2 	 48.4 	 0.1000 	 1.2466 	 0.5657 	 1.2149 	 0.5716 	 0.3797 	 0.2147 	 0.0999 	 0.2504
9 	 58.3 	 48.9 	 0.1000 	 1.2351 	 0.5751 	 1.1425 	 0.6113 	 0.4122 	 0.2486 	 0.1240 	 0.2643
10 	 58.1 	 49.3 	 0.1000 	 1.2268 	 0.5753 	 1.1709 	 0.5914 	 0.3994 	 0.2383 	 0.1245 	 0.2698
11 	 58.7 	 49.4 	 0.1000 	 1.2156 	 0.5821 	 1.0930 	 0.6295 	 0.4295 	 0.2611 	 0.1329 	 0.2733
12 	 58.9 	 49.9 	 0.1000 	 1.2057 	 0.5844 	 1.1346 	 0.6117 	 0.4113 	 0.2385 	 0.1216 	 0.2651
13 	 59.6 	 50.3 	 0.1000 	 1.2115 	 0.5845 	 1.1014 	 0.6205 	 0.4356 	 0.2689 	 0.1470 	 0.2863
14 	 59.2 	 50.2 	 0.1000 	 1.2050 	 0.5859 	 1.1517 	 0.6003 	 0.4145 	 0.2493 	 0.1336 	 0.2756
15 	 60.1 	 51.2 	 0.1000 	 1.1952 	 0.5921 	 1.1603 	 0.5910 	 0.4205 	 0.2688 	 0.1527 	 0.2960
16 	 60.0 	 50.5 	 0.1000 	 1.1948 	 0.5937 	 1.1500 	 0.6035 	 0.4388 	 0.2800 	 0.1526 	 0.2940
17 	 60.2 	 50.6 	 0.1000 	 1.1918 	 0.5916 	 1.0921 	 0.6262 	 0.4412 	 0.2677 	 0.1387 	 0.2794
18 	 59.7 	 50.7 	 0.1000 	 1.1867 	 0.5930 	 1.1715 	 0.5945 	 0.4290 	 0.2800 	 0.1676 	 0.3104
19 	 61.8 	 51.3 	 0.1000 	 1.1813 	 0.5957 	 1.0503 	 0.6474 	 0.4523 	 0.2764 	 0.1438 	 0.2800
20 	 59.6 	 50.2 	 0.1000 	 1.1725 	 0.5993 	 1.0764 	 0.6269 	 0.4543 	 0.2914 	 0.1644 	 0.3004
21 	 60.9 	 51.5 	 0.1000 	 1.1733 	 0.5985 	 1.1151 	 0.6182 	 0.4344 	 0.2652 	 0.1361 	 0.2782
22 	 60.0 	 50.9 	 0.1000 	 1.1761 	 0.6006 	 1.1264 	 0.6059 	 0.4294 	 0.2693 	 0.1416 	 0.2869
23 	 60.7 	 51.3 	 0.1000 	 1.1708 	 0.6011 	 1.0901 	 0.6336 	 0.4275 	 0.2447 	 0.1253 	 0.2625
24 	 60.8 	 51.4 	 0.1000 	 1.1665 	 0.6004 	 1.1273 	 0.6152 	 0.4192 	 0.2560 	 0.1411 	 0.2809
25 	 60.1 	 50.8 	 0.1000 	 1.1629 	 0.6028 	 1.1281 	 0.6123 	 0.4206 	 0.2526 	 0.1373 	 0.2768
26 	 60.7 	 51.3 	 0.1000 	 1.1597 	 0.6029 	 1.0803 	 0.6357 	 0.4338 	 0.2594 	 0.1337 	 0.2720
27 	 60.2 	 51.0 	 0.1000 	 1.1655 	 0.6029 	 1.1101 	 0.6197 	 0.4377 	 0.2641 	 0.1385 	 0.2820
28 	 60.8 	 51.4 	 0.1000 	 1.1581 	 0.6043 	 1.1279 	 0.6062 	 0.4188 	 0.2654 	 0.1525 	 0.2975
29 	 60.8 	 51.7 	 0.1000 	 1.1564 	 0.6052 	 1.1217 	 0.6150 	 0.4233 	 0.2699 	 0.1505 	 0.2876
30 	 61.7 	 52.0 	 0.1000 	 1.1548 	 0.6080 	 1.0592 	 0.6271 	 0.4388 	 0.2750 	 0.1552 	 0.2862
31 	 60.5 	 51.3 	 0.1000 	 1.1514 	 0.6074 	 1.0639 	 0.6364 	 0.4518 	 0.2822 	 0.1504 	 0.2873
32 	 60.6 	 51.6 	 0.1000 	 1.1506 	 0.6081 	 1.0897 	 0.6301 	 0.4409 	 0.2745 	 0.1527 	 0.2866
33 	 61.1 	 51.5 	 0.1000 	 1.1514 	 0.6075 	 1.1090 	 0.6152 	 0.4371 	 0.2802 	 0.1500 	 0.2929
34 	 61.3 	 51.5 	 0.1000 	 1.1532 	 0.6104 	 1.0844 	 0.6321 	 0.4538 	 0.2858 	 0.1592 	 0.2951
35 	 61.1 	 51.6 	 0.1000 	 1.1470 	 0.6085 	 1.0882 	 0.6237 	 0.4466 	 0.2744 	 0.1499 	 0.2892
36 	 60.8 	 51.5 	 0.1000 	 1.1438 	 0.6118 	 1.0744 	 0.6403 	 0.4405 	 0.2688 	 0.1402 	 0.2753
37 	 60.4 	 51.0 	 0.1000 	 1.1495 	 0.6106 	 1.0897 	 0.6201 	 0.4312 	 0.2713 	 0.1524 	 0.2898
38 	 61.0 	 51.4 	 0.1000 	 1.1454 	 0.6121 	 1.0252 	 0.6511 	 0.4705 	 0.2975 	 0.1708 	 0.2990
39 	 61.4 	 52.2 	 0.1000 	 1.1427 	 0.6115 	 1.0427 	 0.6472 	 0.4574 	 0.2882 	 0.1616 	 0.2913
40 	 61.3 	 51.9 	 0.1000 	 1.1395 	 0.6132 	 1.0752 	 0.6271 	 0.4494 	 0.2887 	 0.1603 	 0.2974
41 	 60.3 	 51.1 	 0.1000 	 1.1479 	 0.6093 	 1.0680 	 0.6278 	 0.4533 	 0.2898 	 0.1658 	 0.3007
42 	 61.8 	 52.2 	 0.1000 	 1.1421 	 0.6135 	 1.0985 	 0.6175 	 0.4523 	 0.2978 	 0.1657 	 0.3052
43 	 61.5 	 52.0 	 0.1000 	 1.1443 	 0.6127 	 1.0624 	 0.6404 	 0.4564 	 0.2918 	 0.1644 	 0.2950
44 	 59.6 	 50.4 	 0.1000 	 1.1483 	 0.6105 	 1.0859 	 0.6251 	 0.4373 	 0.2676 	 0.1504 	 0.2853
45 	 61.3 	 52.1 	 0.1000 	 1.1411 	 0.6111 	 1.0498 	 0.6416 	 0.4655 	 0.3012 	 0.1684 	 0.2982
46 	 60.6 	 51.3 	 0.1000 	 1.1410 	 0.6105 	 1.0642 	 0.6378 	 0.4515 	 0.2824 	 0.1450 	 0.2848
47 	 61.5 	 51.8 	 0.1000 	 1.1382 	 0.6134 	 1.0271 	 0.6525 	 0.4558 	 0.2807 	 0.1558 	 0.2855
48 	 61.0 	 51.8 	 0.1000 	 1.1357 	 0.6159 	 1.0624 	 0.6319 	 0.4506 	 0.2888 	 0.1636 	 0.2980
49 	 61.0 	 51.5 	 0.0100 	 1.1385 	 0.6114 	 1.0355 	 0.6463 	 0.4693 	 0.3059 	 0.1730 	 0.3069
50 	 61.4 	 51.7 	 0.0100 	 1.0171 	 0.6676 	 0.9384 	 0.6911 	 0.5070 	 0.3330 	 0.1939 	 0.3101
51 	 61.5 	 52.0 	 0.0100 	 0.9826 	 0.6812 	 0.9228 	 0.6968 	 0.5198 	 0.3458 	 0.2062 	 0.3196
52 	 61.2 	 52.1 	 0.0100 	 0.9687 	 0.6882 	 0.9218 	 0.6973 	 0.5182 	 0.3494 	 0.2095 	 0.3232
53 	 61.1 	 51.4 	 0.0100 	 0.9619 	 0.6912 	 0.9101 	 0.7010 	 0.5241 	 0.3497 	 0.2106 	 0.3254
54 	 61.3 	 51.4 	 0.0100 	 0.9561 	 0.6924 	 0.9018 	 0.7057 	 0.5255 	 0.3523 	 0.2090 	 0.3216
55 	 61.6 	 52.5 	 0.0100 	 0.9488 	 0.6960 	 0.9025 	 0.7004 	 0.5251 	 0.3527 	 0.2107 	 0.3278
56 	 62.0 	 52.2 	 0.0100 	 0.9443 	 0.6984 	 0.8952 	 0.7083 	 0.5311 	 0.3561 	 0.2146 	 0.3254
57 	 61.4 	 51.7 	 0.0100 	 0.9438 	 0.6962 	 0.9031 	 0.7040 	 0.5232 	 0.3480 	 0.2055 	 0.3211
58 	 61.0 	 51.5 	 0.0100 	 0.9387 	 0.6997 	 0.9088 	 0.7021 	 0.5217 	 0.3436 	 0.2001 	 0.3184
59 	 61.3 	 51.9 	 0.0100 	 0.9356 	 0.7029 	 0.8930 	 0.7091 	 0.5319 	 0.3586 	 0.2166 	 0.3280
60 	 62.0 	 52.1 	 0.0100 	 0.9348 	 0.6987 	 0.8941 	 0.7040 	 0.5353 	 0.3653 	 0.2205 	 0.3350
61 	 61.1 	 51.7 	 0.0100 	 0.9295 	 0.7029 	 0.8954 	 0.7026 	 0.5263 	 0.3545 	 0.2100 	 0.3251
62 	 61.5 	 52.5 	 0.0100 	 0.9279 	 0.7039 	 0.8818 	 0.7118 	 0.5340 	 0.3610 	 0.2165 	 0.3276
63 	 62.0 	 52.6 	 0.0100 	 0.9277 	 0.7051 	 0.8987 	 0.7023 	 0.5246 	 0.3540 	 0.2136 	 0.3289
64 	 61.8 	 52.0 	 0.0100 	 0.9245 	 0.7038 	 0.8908 	 0.7049 	 0.5371 	 0.3745 	 0.2329 	 0.3440
65 	 61.4 	 52.0 	 0.0100 	 0.9244 	 0.7053 	 0.8896 	 0.7049 	 0.5388 	 0.3579 	 0.2163 	 0.3319
66 	 60.7 	 51.3 	 0.0100 	 0.9232 	 0.7053 	 0.8732 	 0.7182 	 0.5389 	 0.3588 	 0.2159 	 0.3251
67 	 61.9 	 52.1 	 0.0100 	 0.9226 	 0.7053 	 0.8906 	 0.7048 	 0.5414 	 0.3712 	 0.2379 	 0.3458
68 	 61.1 	 51.4 	 0.0100 	 0.9242 	 0.7043 	 0.8824 	 0.7111 	 0.5388 	 0.3689 	 0.2194 	 0.3351
69 	 61.3 	 51.7 	 0.0100 	 0.9180 	 0.7076 	 0.8842 	 0.7106 	 0.5381 	 0.3738 	 0.2309 	 0.3404
70 	 61.4 	 51.6 	 0.0100 	 0.9192 	 0.7060 	 0.8850 	 0.7099 	 0.5339 	 0.3641 	 0.2197 	 0.3310
71 	 61.3 	 51.8 	 0.0100 	 0.9178 	 0.7083 	 0.8886 	 0.7026 	 0.5362 	 0.3647 	 0.2266 	 0.3397
72 	 61.6 	 52.2 	 0.0100 	 0.9173 	 0.7074 	 0.8884 	 0.7049 	 0.5318 	 0.3672 	 0.2270 	 0.3385
73 	 62.0 	 52.0 	 0.0100 	 0.9163 	 0.7078 	 0.8707 	 0.7178 	 0.5465 	 0.3750 	 0.2300 	 0.3390
74 	 60.8 	 51.3 	 0.0010 	 0.9142 	 0.7078 	 0.9050 	 0.6990 	 0.5306 	 0.3628 	 0.2191 	 0.3348
75 	 61.3 	 51.6 	 0.0010 	 0.8802 	 0.7251 	 0.8554 	 0.7236 	 0.5494 	 0.3784 	 0.2290 	 0.3370
76 	 60.9 	 51.0 	 0.0010 	 0.8695 	 0.7307 	 0.8547 	 0.7252 	 0.5499 	 0.3792 	 0.2345 	 0.3397
77 	 61.6 	 52.3 	 0.0010 	 0.8657 	 0.7301 	 0.8465 	 0.7263 	 0.5566 	 0.3842 	 0.2374 	 0.3441
78 	 61.6 	 52.0 	 0.0010 	 0.8638 	 0.7350 	 0.8484 	 0.7251 	 0.5533 	 0.3835 	 0.2379 	 0.3418
79 	 61.1 	 51.6 	 0.0010 	 0.8623 	 0.7342 	 0.8516 	 0.7237 	 0.5530 	 0.3856 	 0.2344 	 0.3429
80 	 61.2 	 52.0 	 0.0010 	 0.8614 	 0.7339 	 0.8464 	 0.7251 	 0.5518 	 0.3818 	 0.2351 	 0.3410
81 	 61.8 	 52.2 	 0.0010 	 0.8598 	 0.7347 	 0.8482 	 0.7233 	 0.5489 	 0.3811 	 0.2328 	 0.3405
82 	 60.9 	 51.4 	 0.0010 	 0.8589 	 0.7359 	 0.8480 	 0.7239 	 0.5541 	 0.3871 	 0.2429 	 0.3470
83 	 61.2 	 51.9 	 0.0010 	 0.8581 	 0.7357 	 0.8432 	 0.7283 	 0.5557 	 0.3863 	 0.2398 	 0.3440
84 	 61.2 	 52.1 	 0.0010 	 0.8556 	 0.7369 	 0.8527 	 0.7211 	 0.5489 	 0.3826 	 0.2339 	 0.3441
85 	 61.3 	 51.6 	 0.0010 	 0.8550 	 0.7355 	 0.8419 	 0.7267 	 0.5588 	 0.3886 	 0.2389 	 0.3452
86 	 61.8 	 52.4 	 0.0010 	 0.8544 	 0.7382 	 0.8424 	 0.7271 	 0.5598 	 0.3882 	 0.2397 	 0.3480
87 	 61.5 	 51.8 	 0.0010 	 0.8544 	 0.7380 	 0.8444 	 0.7248 	 0.5552 	 0.3828 	 0.2339 	 0.3430
88 	 60.3 	 50.8 	 0.0010 	 0.8527 	 0.7387 	 0.8430 	 0.7256 	 0.5560 	 0.3857 	 0.2370 	 0.3447
89 	 61.2 	 51.4 	 0.0010 	 0.8532 	 0.7375 	 0.8426 	 0.7261 	 0.5543 	 0.3850 	 0.2402 	 0.3445
90 	 62.3 	 52.5 	 0.0010 	 0.8517 	 0.7387 	 0.8422 	 0.7275 	 0.5570 	 0.3881 	 0.2431 	 0.3468
91 	 60.6 	 51.3 	 0.0010 	 0.8514 	 0.7391 	 0.8404 	 0.7282 	 0.5557 	 0.3917 	 0.2463 	 0.3486
92 	 60.9 	 51.5 	 0.0010 	 0.8480 	 0.7392 	 0.8362 	 0.7292 	 0.5594 	 0.3929 	 0.2448 	 0.3487
93 	 61.1 	 51.7 	 0.0010 	 0.8465 	 0.7414 	 0.8397 	 0.7269 	 0.5560 	 0.3873 	 0.2384 	 0.3447
94 	 61.7 	 51.9 	 0.0010 	 0.8462 	 0.7407 	 0.8382 	 0.7291 	 0.5574 	 0.3907 	 0.2422 	 0.3460
95 	 61.7 	 51.8 	 0.0010 	 0.8474 	 0.7391 	 0.8344 	 0.7278 	 0.5635 	 0.3940 	 0.2480 	 0.3510
96 	 61.2 	 51.7 	 0.0010 	 0.8459 	 0.7418 	 0.8392 	 0.7251 	 0.5574 	 0.3866 	 0.2390 	 0.3471
97 	 61.5 	 52.0 	 0.0010 	 0.8471 	 0.7393 	 0.8373 	 0.7293 	 0.5576 	 0.3893 	 0.2377 	 0.3434
98 	 61.1 	 51.7 	 0.0010 	 0.8455 	 0.7411 	 0.8374 	 0.7276 	 0.5577 	 0.3920 	 0.2463 	 0.3498
99 	 60.9 	 51.4 	 0.0010 	 0.8445 	 0.7413 	 0.8332 	 0.7297 	 0.5601 	 0.3925 	 0.2436 	 0.3477
Total train time: 101.5501 minutes
Best Epoch 	 Test Loss 	 Test Acc 	 Test Robust (36) 	 Test Robust (72) 	 Test Robust (108) 	 Mean Cert 	 Test Time
95 	 0.8344 	 0.7278 	 0.5635 	 0.3940 	 0.2480 	 0.3510 	 9.7912
Last Epoch 	 Test Loss 	 Test Acc 	 Test Robust (36) 	 Test Robust (72) 	 Test Robust (108) 	 Mean Cert 	 Test Time
99 	 0.8332 	 0.7297 	 0.5601 	 0.3925 	 0.2436 	 0.3477 	 9.8076
