Namespace(batch_size=128, epochs=200, lr_min=0.0, lr_max=0.1, weight_decay=0.0005, momentum=0.9, gamma=0.0, opt_level='O2', loss_scale='1.0', conv_layer='soc', init_channels=32, activation='maxmin', block_size=1, lln=False, data_dir='./cifar-data', dataset='cifar10', epsilon=36, out_dir='LipConvnet_cifar10_1_soc_32_maxmin_cr0.0', seed=0)
Epoch 	 Seconds 	 LR 	 Train Loss 	 Train Acc 	 Test Loss 	 Test Acc 	 Test Robust (36) 	 Test Robust (72) 	 Test Robust (108) 	 Test Cert
0 	 28.0 	 26.3 	 0.1000 	 1.8852 	 0.3385 	 1.4788 	 0.4709 	 0.2264 	 0.0764 	 0.0176 	 0.1608
1 	 26.7 	 25.1 	 0.1000 	 1.5282 	 0.4484 	 1.3830 	 0.5111 	 0.2851 	 0.1336 	 0.0548 	 0.2046
2 	 26.5 	 24.8 	 0.1000 	 1.4205 	 0.4904 	 1.2819 	 0.5373 	 0.3596 	 0.2005 	 0.0910 	 0.2501
3 	 26.4 	 24.7 	 0.1000 	 1.3580 	 0.5158 	 1.2037 	 0.5733 	 0.3964 	 0.2403 	 0.1223 	 0.2732
4 	 26.6 	 25.2 	 0.1000 	 1.2876 	 0.5440 	 1.2006 	 0.5752 	 0.3755 	 0.2325 	 0.1293 	 0.2766
5 	 26.0 	 24.4 	 0.1000 	 1.2427 	 0.5590 	 1.0926 	 0.6147 	 0.4263 	 0.2593 	 0.1352 	 0.2750
6 	 26.1 	 24.5 	 0.1000 	 1.1993 	 0.5748 	 1.1051 	 0.6088 	 0.4270 	 0.2638 	 0.1463 	 0.2859
7 	 25.5 	 23.9 	 0.1000 	 1.1781 	 0.5843 	 1.0318 	 0.6350 	 0.4656 	 0.3059 	 0.1793 	 0.3150
8 	 25.3 	 23.8 	 0.1000 	 1.1465 	 0.5967 	 1.0481 	 0.6333 	 0.4475 	 0.2832 	 0.1577 	 0.2938
9 	 25.5 	 23.9 	 0.1000 	 1.1251 	 0.6078 	 1.0145 	 0.6486 	 0.4804 	 0.3209 	 0.1901 	 0.3232
10 	 25.7 	 24.1 	 0.1000 	 1.1144 	 0.6072 	 1.0108 	 0.6527 	 0.4846 	 0.3124 	 0.1845 	 0.3164
11 	 25.6 	 24.0 	 0.1000 	 1.0933 	 0.6164 	 0.9914 	 0.6549 	 0.4903 	 0.3374 	 0.2178 	 0.3421
12 	 26.2 	 24.6 	 0.1000 	 1.0857 	 0.6179 	 0.9604 	 0.6713 	 0.5039 	 0.3393 	 0.2127 	 0.3336
13 	 26.3 	 24.6 	 0.1000 	 1.0783 	 0.6240 	 0.9958 	 0.6593 	 0.5082 	 0.3639 	 0.2346 	 0.3692
14 	 26.5 	 25.0 	 0.1000 	 1.0682 	 0.6270 	 1.0393 	 0.6337 	 0.4732 	 0.3262 	 0.2107 	 0.3486
15 	 26.7 	 25.2 	 0.1000 	 1.0595 	 0.6298 	 1.0091 	 0.6460 	 0.4926 	 0.3414 	 0.2145 	 0.3452
16 	 27.3 	 25.6 	 0.1000 	 1.0508 	 0.6349 	 1.0115 	 0.6523 	 0.5118 	 0.3692 	 0.2524 	 0.3818
17 	 27.4 	 25.9 	 0.1000 	 1.0503 	 0.6332 	 0.9737 	 0.6616 	 0.4977 	 0.3400 	 0.2121 	 0.3390
18 	 27.3 	 25.8 	 0.1000 	 1.0395 	 0.6371 	 1.0371 	 0.6411 	 0.5049 	 0.3576 	 0.2415 	 0.3738
19 	 27.7 	 26.1 	 0.1000 	 1.0341 	 0.6395 	 0.9528 	 0.6673 	 0.5041 	 0.3452 	 0.2158 	 0.3397
20 	 28.0 	 26.3 	 0.1000 	 1.0320 	 0.6394 	 0.9327 	 0.6822 	 0.5195 	 0.3670 	 0.2315 	 0.3515
21 	 27.7 	 26.0 	 0.1000 	 1.0264 	 0.6417 	 0.9915 	 0.6559 	 0.4971 	 0.3415 	 0.2146 	 0.3460
22 	 27.6 	 25.7 	 0.1000 	 1.0251 	 0.6426 	 0.9202 	 0.6816 	 0.5196 	 0.3598 	 0.2296 	 0.3509
23 	 28.1 	 26.5 	 0.1000 	 1.0153 	 0.6451 	 0.9292 	 0.6770 	 0.5189 	 0.3627 	 0.2342 	 0.3609
24 	 28.2 	 26.6 	 0.1000 	 1.0139 	 0.6460 	 0.9779 	 0.6627 	 0.4936 	 0.3371 	 0.2126 	 0.3415
25 	 28.7 	 26.9 	 0.1000 	 1.0126 	 0.6480 	 0.9639 	 0.6642 	 0.5027 	 0.3506 	 0.2300 	 0.3522
26 	 28.2 	 26.4 	 0.1000 	 0.9994 	 0.6524 	 0.9309 	 0.6821 	 0.5201 	 0.3582 	 0.2224 	 0.3497
27 	 28.7 	 27.1 	 0.1000 	 1.0078 	 0.6480 	 0.9408 	 0.6716 	 0.5151 	 0.3562 	 0.2275 	 0.3539
28 	 28.4 	 26.8 	 0.1000 	 0.9970 	 0.6526 	 0.9405 	 0.6748 	 0.5157 	 0.3611 	 0.2361 	 0.3686
29 	 28.7 	 26.9 	 0.1000 	 1.0099 	 0.6474 	 0.9810 	 0.6592 	 0.5016 	 0.3547 	 0.2368 	 0.3617
30 	 28.9 	 27.1 	 0.1000 	 0.9936 	 0.6557 	 0.9058 	 0.6827 	 0.5283 	 0.3791 	 0.2511 	 0.3691
31 	 28.6 	 26.7 	 0.1000 	 0.9911 	 0.6541 	 0.9303 	 0.6743 	 0.5186 	 0.3692 	 0.2462 	 0.3673
32 	 28.6 	 27.0 	 0.1000 	 0.9902 	 0.6545 	 0.9602 	 0.6702 	 0.5104 	 0.3529 	 0.2228 	 0.3550
33 	 29.0 	 27.1 	 0.1000 	 0.9954 	 0.6546 	 0.9105 	 0.6863 	 0.5302 	 0.3832 	 0.2494 	 0.3664
34 	 29.3 	 27.5 	 0.1000 	 0.9918 	 0.6568 	 0.9173 	 0.6824 	 0.5322 	 0.3886 	 0.2600 	 0.3791
35 	 28.9 	 27.1 	 0.1000 	 0.9894 	 0.6553 	 0.8795 	 0.6947 	 0.5455 	 0.3922 	 0.2543 	 0.3719
36 	 29.3 	 27.4 	 0.1000 	 0.9799 	 0.6578 	 0.9315 	 0.6771 	 0.5277 	 0.3759 	 0.2564 	 0.3836
37 	 28.8 	 27.2 	 0.1000 	 0.9833 	 0.6579 	 0.9314 	 0.6777 	 0.5171 	 0.3669 	 0.2341 	 0.3588
38 	 30.2 	 27.7 	 0.1000 	 0.9855 	 0.6570 	 0.8898 	 0.6920 	 0.5477 	 0.4017 	 0.2695 	 0.3885
39 	 28.9 	 27.3 	 0.1000 	 0.9824 	 0.6581 	 0.9250 	 0.6756 	 0.5193 	 0.3711 	 0.2443 	 0.3685
40 	 28.9 	 27.0 	 0.1000 	 0.9796 	 0.6603 	 0.9171 	 0.6790 	 0.5273 	 0.3831 	 0.2485 	 0.3746
41 	 29.5 	 27.8 	 0.1000 	 0.9861 	 0.6568 	 0.9456 	 0.6646 	 0.5304 	 0.3887 	 0.2687 	 0.4075
42 	 29.6 	 28.0 	 0.1000 	 0.9764 	 0.6614 	 0.9406 	 0.6732 	 0.5471 	 0.4172 	 0.2909 	 0.4208
43 	 29.3 	 27.6 	 0.1000 	 0.9820 	 0.6581 	 0.9293 	 0.6754 	 0.5343 	 0.3969 	 0.2758 	 0.3989
44 	 28.9 	 27.3 	 0.1000 	 0.9859 	 0.6580 	 0.9385 	 0.6733 	 0.5098 	 0.3512 	 0.2220 	 0.3505
45 	 28.6 	 27.0 	 0.1000 	 0.9719 	 0.6608 	 0.9254 	 0.6760 	 0.5408 	 0.4019 	 0.2828 	 0.4086
46 	 29.9 	 28.2 	 0.1000 	 0.9716 	 0.6608 	 0.9019 	 0.6970 	 0.5433 	 0.3928 	 0.2553 	 0.3741
47 	 28.3 	 26.7 	 0.1000 	 0.9731 	 0.6611 	 0.8694 	 0.7014 	 0.5463 	 0.3833 	 0.2519 	 0.3643
48 	 29.4 	 27.5 	 0.1000 	 0.9723 	 0.6627 	 0.8622 	 0.6955 	 0.5556 	 0.4106 	 0.2774 	 0.3972
49 	 29.2 	 27.1 	 0.1000 	 0.9695 	 0.6616 	 0.8959 	 0.6913 	 0.5608 	 0.4100 	 0.2798 	 0.4031
50 	 30.0 	 28.3 	 0.1000 	 0.9663 	 0.6631 	 0.9237 	 0.6801 	 0.5137 	 0.3592 	 0.2327 	 0.3591
51 	 29.2 	 27.6 	 0.1000 	 0.9687 	 0.6633 	 0.8925 	 0.6886 	 0.5470 	 0.4052 	 0.2843 	 0.4027
52 	 29.5 	 27.8 	 0.1000 	 0.9759 	 0.6598 	 0.9564 	 0.6602 	 0.5350 	 0.4107 	 0.2935 	 0.4297
53 	 29.6 	 27.9 	 0.1000 	 0.9811 	 0.6587 	 0.8916 	 0.6899 	 0.5429 	 0.3878 	 0.2557 	 0.3756
54 	 29.0 	 27.4 	 0.1000 	 0.9733 	 0.6607 	 0.9158 	 0.6772 	 0.5332 	 0.3827 	 0.2589 	 0.3861
55 	 29.1 	 27.3 	 0.1000 	 0.9651 	 0.6662 	 0.9140 	 0.6900 	 0.5304 	 0.3749 	 0.2477 	 0.3732
56 	 29.5 	 27.9 	 0.1000 	 0.9700 	 0.6641 	 0.8963 	 0.6936 	 0.5381 	 0.3838 	 0.2614 	 0.3806
57 	 29.9 	 28.2 	 0.1000 	 0.9674 	 0.6654 	 0.8853 	 0.6947 	 0.5478 	 0.3927 	 0.2626 	 0.3760
58 	 30.0 	 28.3 	 0.1000 	 0.9607 	 0.6647 	 0.8692 	 0.6989 	 0.5422 	 0.3868 	 0.2557 	 0.3707
59 	 29.8 	 28.1 	 0.1000 	 0.9661 	 0.6620 	 0.9131 	 0.6797 	 0.5278 	 0.3833 	 0.2560 	 0.3792
60 	 29.0 	 27.4 	 0.1000 	 0.9666 	 0.6644 	 0.8838 	 0.6987 	 0.5532 	 0.4041 	 0.2771 	 0.3983
61 	 29.8 	 28.1 	 0.1000 	 0.9665 	 0.6637 	 0.9098 	 0.6879 	 0.5285 	 0.3740 	 0.2455 	 0.3610
62 	 29.1 	 27.4 	 0.1000 	 0.9593 	 0.6670 	 0.9106 	 0.6925 	 0.5493 	 0.4071 	 0.2800 	 0.3961
63 	 30.4 	 28.6 	 0.1000 	 0.9661 	 0.6650 	 0.8769 	 0.6943 	 0.5471 	 0.3974 	 0.2651 	 0.3805
64 	 29.2 	 27.5 	 0.1000 	 0.9575 	 0.6674 	 0.8924 	 0.6904 	 0.5475 	 0.3989 	 0.2703 	 0.3889
65 	 30.7 	 28.9 	 0.1000 	 0.9663 	 0.6651 	 0.9136 	 0.6860 	 0.5318 	 0.3730 	 0.2458 	 0.3688
66 	 28.9 	 27.1 	 0.1000 	 0.9584 	 0.6685 	 0.8744 	 0.6968 	 0.5493 	 0.4020 	 0.2697 	 0.3849
67 	 29.9 	 28.3 	 0.1000 	 0.9617 	 0.6673 	 0.8545 	 0.7054 	 0.5578 	 0.4078 	 0.2714 	 0.3862
68 	 30.1 	 28.4 	 0.1000 	 0.9573 	 0.6674 	 0.8828 	 0.6986 	 0.5490 	 0.4012 	 0.2773 	 0.3955
69 	 30.0 	 28.3 	 0.1000 	 0.9611 	 0.6647 	 0.9805 	 0.6581 	 0.5105 	 0.3621 	 0.2387 	 0.3797
70 	 29.8 	 28.2 	 0.1000 	 0.9644 	 0.6634 	 0.9024 	 0.6866 	 0.5475 	 0.4091 	 0.2822 	 0.4145
71 	 29.9 	 28.3 	 0.1000 	 0.9589 	 0.6661 	 0.8874 	 0.6949 	 0.5464 	 0.3967 	 0.2608 	 0.3760
72 	 30.2 	 28.4 	 0.1000 	 0.9572 	 0.6658 	 0.8973 	 0.6846 	 0.5365 	 0.3839 	 0.2600 	 0.3782
73 	 29.3 	 27.6 	 0.1000 	 0.9549 	 0.6685 	 0.9044 	 0.6899 	 0.5471 	 0.3982 	 0.2607 	 0.3835
74 	 29.5 	 27.7 	 0.1000 	 0.9534 	 0.6687 	 0.8877 	 0.6907 	 0.5473 	 0.4040 	 0.2766 	 0.3944
75 	 30.6 	 28.9 	 0.1000 	 0.9609 	 0.6666 	 0.9011 	 0.6878 	 0.5409 	 0.3911 	 0.2726 	 0.3923
76 	 29.4 	 27.6 	 0.1000 	 0.9610 	 0.6684 	 0.9260 	 0.6838 	 0.5488 	 0.4140 	 0.2972 	 0.4318
77 	 30.3 	 28.6 	 0.1000 	 0.9558 	 0.6665 	 0.8618 	 0.6998 	 0.5558 	 0.4080 	 0.2723 	 0.3956
78 	 30.1 	 28.3 	 0.1000 	 0.9617 	 0.6673 	 0.8874 	 0.6912 	 0.5411 	 0.3925 	 0.2603 	 0.3853
79 	 29.9 	 28.2 	 0.1000 	 0.9614 	 0.6659 	 0.8991 	 0.6842 	 0.5500 	 0.4151 	 0.2950 	 0.4263
80 	 30.0 	 28.3 	 0.1000 	 0.9520 	 0.6697 	 0.8750 	 0.7021 	 0.5472 	 0.3878 	 0.2575 	 0.3786
81 	 30.0 	 28.2 	 0.1000 	 0.9568 	 0.6696 	 0.9411 	 0.6687 	 0.5284 	 0.3885 	 0.2621 	 0.3907
82 	 30.1 	 28.3 	 0.1000 	 0.9600 	 0.6648 	 0.9663 	 0.6476 	 0.5070 	 0.3703 	 0.2631 	 0.4050
83 	 30.3 	 28.6 	 0.1000 	 0.9561 	 0.6670 	 0.9007 	 0.6789 	 0.5389 	 0.3980 	 0.2756 	 0.4118
84 	 29.9 	 28.1 	 0.1000 	 0.9499 	 0.6687 	 0.9892 	 0.6448 	 0.5047 	 0.3691 	 0.2536 	 0.3898
85 	 30.1 	 28.4 	 0.1000 	 0.9570 	 0.6669 	 0.8670 	 0.7017 	 0.5565 	 0.4057 	 0.2782 	 0.3918
86 	 29.9 	 28.2 	 0.1000 	 0.9562 	 0.6699 	 0.9139 	 0.6847 	 0.5466 	 0.4022 	 0.2797 	 0.4097
87 	 29.9 	 28.3 	 0.1000 	 0.9532 	 0.6685 	 0.9578 	 0.6698 	 0.5371 	 0.4145 	 0.2950 	 0.4266
88 	 29.9 	 28.2 	 0.1000 	 0.9536 	 0.6697 	 0.8831 	 0.6939 	 0.5413 	 0.3879 	 0.2597 	 0.3829
89 	 30.2 	 28.6 	 0.1000 	 0.9568 	 0.6664 	 0.9049 	 0.6832 	 0.5421 	 0.4027 	 0.2682 	 0.3935
90 	 29.3 	 27.6 	 0.1000 	 0.9518 	 0.6703 	 0.9281 	 0.6771 	 0.5328 	 0.3870 	 0.2657 	 0.3939
91 	 30.3 	 28.6 	 0.1000 	 0.9477 	 0.6697 	 0.8912 	 0.6808 	 0.5500 	 0.4119 	 0.2870 	 0.4140
92 	 29.8 	 28.1 	 0.1000 	 0.9583 	 0.6689 	 0.9205 	 0.6844 	 0.5387 	 0.3861 	 0.2568 	 0.3753
93 	 30.9 	 29.3 	 0.1000 	 0.9471 	 0.6699 	 0.8722 	 0.6990 	 0.5483 	 0.4000 	 0.2754 	 0.3899
94 	 30.0 	 28.3 	 0.1000 	 0.9610 	 0.6635 	 0.8993 	 0.6867 	 0.5387 	 0.3905 	 0.2633 	 0.3879
95 	 30.0 	 28.3 	 0.1000 	 0.9563 	 0.6673 	 0.8966 	 0.6846 	 0.5289 	 0.3809 	 0.2539 	 0.3711
96 	 30.4 	 28.5 	 0.1000 	 0.9484 	 0.6720 	 0.9124 	 0.6768 	 0.5513 	 0.4152 	 0.2928 	 0.4236
97 	 30.2 	 28.2 	 0.1000 	 0.9490 	 0.6715 	 0.8562 	 0.7109 	 0.5655 	 0.4262 	 0.2972 	 0.4078
98 	 30.1 	 28.4 	 0.1000 	 0.9499 	 0.6715 	 0.8976 	 0.6896 	 0.5484 	 0.4071 	 0.2917 	 0.4050
99 	 30.1 	 28.4 	 0.0100 	 0.9470 	 0.6724 	 0.8692 	 0.7030 	 0.5411 	 0.3862 	 0.2551 	 0.3685
100 	 30.4 	 28.6 	 0.0100 	 0.7896 	 0.7339 	 0.7379 	 0.7491 	 0.6210 	 0.4823 	 0.3485 	 0.4488
101 	 30.0 	 28.0 	 0.0100 	 0.7413 	 0.7494 	 0.7168 	 0.7542 	 0.6268 	 0.4823 	 0.3514 	 0.4495
102 	 30.4 	 28.4 	 0.0100 	 0.7216 	 0.7579 	 0.7108 	 0.7570 	 0.6300 	 0.4935 	 0.3605 	 0.4606
103 	 30.1 	 28.3 	 0.0100 	 0.7106 	 0.7613 	 0.7045 	 0.7600 	 0.6269 	 0.4854 	 0.3562 	 0.4492
104 	 30.5 	 28.6 	 0.0100 	 0.7009 	 0.7659 	 0.7056 	 0.7554 	 0.6311 	 0.4981 	 0.3640 	 0.4687
105 	 30.5 	 28.5 	 0.0100 	 0.6942 	 0.7671 	 0.6845 	 0.7650 	 0.6441 	 0.5031 	 0.3756 	 0.4712
106 	 30.8 	 29.1 	 0.0100 	 0.6843 	 0.7706 	 0.6821 	 0.7659 	 0.6430 	 0.5085 	 0.3770 	 0.4724
107 	 30.6 	 28.9 	 0.0100 	 0.6800 	 0.7736 	 0.6830 	 0.7664 	 0.6438 	 0.5069 	 0.3745 	 0.4697
108 	 30.8 	 28.9 	 0.0100 	 0.6789 	 0.7730 	 0.6770 	 0.7694 	 0.6456 	 0.5088 	 0.3754 	 0.4697
109 	 29.9 	 28.1 	 0.0100 	 0.6676 	 0.7760 	 0.6883 	 0.7626 	 0.6417 	 0.5041 	 0.3721 	 0.4685
110 	 31.2 	 29.2 	 0.0100 	 0.6656 	 0.7760 	 1.4422 	 0.5282 	 0.2464 	 0.0771 	 0.0157 	 0.1549
111 	 34.8 	 32.8 	 0.0100 	 1.0775 	 0.6848 	 0.9819 	 0.6963 	 0.4759 	 0.2691 	 0.1222 	 0.2555
112 	 35.6 	 33.5 	 0.0100 	 1.0136 	 0.6946 	 0.9699 	 0.6950 	 0.4796 	 0.2856 	 0.1437 	 0.2678
113 	 35.6 	 33.5 	 0.0100 	 0.9923 	 0.6981 	 0.9461 	 0.7005 	 0.4881 	 0.2948 	 0.1490 	 0.2737
114 	 35.5 	 33.2 	 0.0100 	 0.9797 	 0.7011 	 0.9387 	 0.7064 	 0.4986 	 0.3048 	 0.1548 	 0.2782
115 	 35.4 	 33.3 	 0.0100 	 0.9708 	 0.7006 	 0.9311 	 0.7101 	 0.4967 	 0.3019 	 0.1566 	 0.2764
116 	 36.3 	 34.2 	 0.0100 	 0.9638 	 0.7040 	 0.9235 	 0.7122 	 0.5072 	 0.3189 	 0.1701 	 0.2886
117 	 35.6 	 33.5 	 0.0100 	 0.9574 	 0.7035 	 0.9215 	 0.7042 	 0.5094 	 0.3202 	 0.1746 	 0.2932
118 	 35.4 	 33.4 	 0.0100 	 0.9551 	 0.7042 	 0.9211 	 0.7029 	 0.5080 	 0.3265 	 0.1802 	 0.2971
119 	 36.0 	 33.7 	 0.0100 	 0.9479 	 0.7069 	 0.9565 	 0.7003 	 0.4868 	 0.2883 	 0.1399 	 0.2690
120 	 41.1 	 38.7 	 0.0100 	 0.9647 	 0.7008 	 0.9178 	 0.7091 	 0.5167 	 0.3263 	 0.1789 	 0.2954
121 	 40.9 	 38.6 	 0.0100 	 0.9502 	 0.7054 	 0.9109 	 0.7087 	 0.5198 	 0.3316 	 0.1886 	 0.3035
122 	 41.5 	 39.3 	 0.0100 	 0.9434 	 0.7076 	 0.9109 	 0.7097 	 0.5205 	 0.3372 	 0.1938 	 0.3048
123 	 40.3 	 38.1 	 0.0100 	 0.9385 	 0.7081 	 0.8991 	 0.7153 	 0.5233 	 0.3363 	 0.1874 	 0.3001
124 	 41.0 	 38.3 	 0.0100 	 0.9313 	 0.7085 	 0.9024 	 0.7114 	 0.5245 	 0.3470 	 0.1962 	 0.3093
125 	 40.6 	 38.1 	 0.0100 	 0.9266 	 0.7094 	 0.9045 	 0.7022 	 0.5187 	 0.3405 	 0.1975 	 0.3119
126 	 40.4 	 38.1 	 0.0100 	 0.9235 	 0.7092 	 0.9066 	 0.7052 	 0.5168 	 0.3310 	 0.1922 	 0.3076
127 	 40.6 	 38.3 	 0.0100 	 0.9192 	 0.7108 	 0.8957 	 0.7154 	 0.5268 	 0.3388 	 0.1954 	 0.3063
128 	 41.4 	 39.0 	 0.0100 	 0.9160 	 0.7140 	 0.8864 	 0.7152 	 0.5352 	 0.3511 	 0.2021 	 0.3157
129 	 41.0 	 38.4 	 0.0100 	 0.9138 	 0.7137 	 0.8823 	 0.7089 	 0.5326 	 0.3613 	 0.2235 	 0.3340
130 	 45.8 	 42.8 	 0.0100 	 0.8856 	 0.7208 	 0.8679 	 0.7209 	 0.5361 	 0.3647 	 0.2167 	 0.3246
131 	 45.0 	 42.3 	 0.0100 	 0.8823 	 0.7214 	 0.8587 	 0.7255 	 0.5471 	 0.3729 	 0.2269 	 0.3308
132 	 46.3 	 43.5 	 0.0100 	 0.8820 	 0.7209 	 0.8542 	 0.7259 	 0.5504 	 0.3685 	 0.2205 	 0.3256
133 	 45.8 	 43.1 	 0.0100 	 0.8821 	 0.7232 	 0.8540 	 0.7249 	 0.5523 	 0.3674 	 0.2216 	 0.3262
134 	 46.3 	 43.6 	 0.0100 	 0.8774 	 0.7230 	 0.8599 	 0.7268 	 0.5358 	 0.3563 	 0.2086 	 0.3178
135 	 45.9 	 43.3 	 0.0100 	 0.8774 	 0.7236 	 0.8499 	 0.7314 	 0.5480 	 0.3738 	 0.2273 	 0.3322
136 	 46.2 	 43.6 	 0.0100 	 0.8791 	 0.7217 	 0.8773 	 0.7154 	 0.5423 	 0.3710 	 0.2273 	 0.3387
137 	 46.5 	 43.7 	 0.0100 	 0.8749 	 0.7270 	 0.8525 	 0.7291 	 0.5486 	 0.3711 	 0.2265 	 0.3294
138 	 45.6 	 42.9 	 0.0100 	 0.8764 	 0.7247 	 0.8509 	 0.7291 	 0.5476 	 0.3650 	 0.2161 	 0.3239
139 	 46.2 	 43.2 	 0.0100 	 0.8748 	 0.7254 	 0.8559 	 0.7236 	 0.5436 	 0.3618 	 0.2140 	 0.3222
140 	 51.3 	 48.2 	 0.0100 	 0.8716 	 0.7252 	 0.8614 	 0.7162 	 0.5509 	 0.3838 	 0.2381 	 0.3453
141 	 51.4 	 48.4 	 0.0100 	 0.8748 	 0.7255 	 0.8443 	 0.7295 	 0.5530 	 0.3720 	 0.2270 	 0.3321
142 	 51.3 	 48.4 	 0.0100 	 0.8760 	 0.7227 	 0.8537 	 0.7301 	 0.5477 	 0.3673 	 0.2242 	 0.3288
143 	 51.1 	 48.1 	 0.0100 	 0.8721 	 0.7251 	 0.8701 	 0.7211 	 0.5438 	 0.3632 	 0.2163 	 0.3255
144 	 51.5 	 48.4 	 0.0100 	 0.8719 	 0.7248 	 0.8525 	 0.7274 	 0.5402 	 0.3642 	 0.2240 	 0.3292
145 	 52.1 	 49.0 	 0.0100 	 0.8685 	 0.7254 	 0.8614 	 0.7229 	 0.5413 	 0.3620 	 0.2148 	 0.3273
146 	 51.0 	 48.0 	 0.0100 	 0.8704 	 0.7262 	 0.8646 	 0.7113 	 0.5420 	 0.3732 	 0.2287 	 0.3417
147 	 50.4 	 47.3 	 0.0100 	 0.8694 	 0.7269 	 0.8411 	 0.7296 	 0.5559 	 0.3837 	 0.2384 	 0.3438
148 	 51.8 	 48.8 	 0.0100 	 0.8671 	 0.7277 	 0.8649 	 0.7189 	 0.5416 	 0.3740 	 0.2320 	 0.3371
149 	 51.5 	 48.4 	 0.0010 	 0.8657 	 0.7277 	 0.8486 	 0.7297 	 0.5487 	 0.3702 	 0.2220 	 0.3273
150 	 57.0 	 53.7 	 0.0010 	 0.8183 	 0.7522 	 0.8152 	 0.7416 	 0.5674 	 0.3906 	 0.2402 	 0.3391
151 	 56.0 	 52.6 	 0.0010 	 0.8070 	 0.7584 	 0.8115 	 0.7424 	 0.5738 	 0.3940 	 0.2484 	 0.3445
152 	 58.1 	 54.9 	 0.0010 	 0.8002 	 0.7607 	 0.8074 	 0.7447 	 0.5742 	 0.3921 	 0.2456 	 0.3425
153 	 56.8 	 53.4 	 0.0010 	 0.7960 	 0.7620 	 0.8088 	 0.7433 	 0.5731 	 0.3963 	 0.2485 	 0.3455
154 	 56.3 	 53.0 	 0.0010 	 0.7952 	 0.7620 	 0.8068 	 0.7422 	 0.5754 	 0.3930 	 0.2500 	 0.3451
155 	 56.4 	 53.1 	 0.0010 	 0.7926 	 0.7630 	 0.8026 	 0.7495 	 0.5740 	 0.3931 	 0.2464 	 0.3403
156 	 57.2 	 53.9 	 0.0010 	 0.7911 	 0.7620 	 0.8029 	 0.7460 	 0.5722 	 0.3983 	 0.2485 	 0.3452
157 	 56.1 	 52.8 	 0.0010 	 0.7905 	 0.7637 	 0.8019 	 0.7443 	 0.5752 	 0.4006 	 0.2534 	 0.3494
158 	 57.3 	 54.1 	 0.0010 	 0.7901 	 0.7631 	 0.8015 	 0.7476 	 0.5747 	 0.3954 	 0.2473 	 0.3444
159 	 57.5 	 53.3 	 0.0010 	 0.7871 	 0.7643 	 0.8028 	 0.7438 	 0.5723 	 0.3957 	 0.2516 	 0.3450
160 	 62.0 	 58.3 	 0.0010 	 0.7857 	 0.7656 	 0.8001 	 0.7440 	 0.5780 	 0.3998 	 0.2551 	 0.3498
161 	 61.9 	 57.9 	 0.0010 	 0.7844 	 0.7651 	 0.7998 	 0.7485 	 0.5764 	 0.4014 	 0.2506 	 0.3463
162 	 62.2 	 58.5 	 0.0010 	 0.7837 	 0.7649 	 0.7982 	 0.7448 	 0.5776 	 0.4045 	 0.2563 	 0.3524
163 	 62.0 	 58.6 	 0.0010 	 0.7827 	 0.7670 	 0.7987 	 0.7482 	 0.5753 	 0.3987 	 0.2513 	 0.3469
164 	 62.3 	 58.5 	 0.0010 	 0.7822 	 0.7675 	 0.7981 	 0.7482 	 0.5757 	 0.3989 	 0.2473 	 0.3450
165 	 62.0 	 58.4 	 0.0010 	 0.7804 	 0.7689 	 0.7982 	 0.7467 	 0.5779 	 0.4032 	 0.2521 	 0.3492
166 	 62.3 	 58.7 	 0.0010 	 0.7802 	 0.7679 	 0.7964 	 0.7513 	 0.5771 	 0.3957 	 0.2478 	 0.3432
167 	 62.2 	 58.7 	 0.0010 	 0.7789 	 0.7685 	 0.7965 	 0.7453 	 0.5801 	 0.4035 	 0.2557 	 0.3518
168 	 62.4 	 58.7 	 0.0010 	 0.7770 	 0.7689 	 0.7966 	 0.7466 	 0.5793 	 0.3973 	 0.2494 	 0.3459
169 	 62.6 	 58.5 	 0.0010 	 0.7778 	 0.7677 	 0.7968 	 0.7447 	 0.5798 	 0.4040 	 0.2584 	 0.3518
170 	 68.2 	 64.1 	 0.0010 	 0.7777 	 0.7689 	 0.7969 	 0.7464 	 0.5794 	 0.4009 	 0.2550 	 0.3489
171 	 66.3 	 62.5 	 0.0010 	 0.7753 	 0.7704 	 0.7953 	 0.7472 	 0.5814 	 0.4000 	 0.2547 	 0.3497
172 	 67.2 	 63.3 	 0.0010 	 0.7755 	 0.7687 	 0.7963 	 0.7471 	 0.5783 	 0.4050 	 0.2555 	 0.3512
173 	 66.9 	 62.7 	 0.0010 	 0.7747 	 0.7702 	 0.7998 	 0.7464 	 0.5700 	 0.3995 	 0.2477 	 0.3449
174 	 67.3 	 63.3 	 0.0010 	 0.7734 	 0.7720 	 0.7944 	 0.7473 	 0.5812 	 0.4038 	 0.2552 	 0.3515
175 	 67.8 	 63.9 	 0.0010 	 0.7724 	 0.7699 	 0.7949 	 0.7488 	 0.5761 	 0.3994 	 0.2533 	 0.3464
176 	 66.7 	 62.8 	 0.0010 	 0.7739 	 0.7696 	 0.7922 	 0.7488 	 0.5831 	 0.4029 	 0.2564 	 0.3502
177 	 67.7 	 63.6 	 0.0010 	 0.7719 	 0.7714 	 0.7942 	 0.7486 	 0.5805 	 0.4031 	 0.2605 	 0.3517
178 	 68.0 	 63.9 	 0.0010 	 0.7724 	 0.7709 	 0.7945 	 0.7464 	 0.5764 	 0.4008 	 0.2566 	 0.3486
179 	 68.2 	 63.8 	 0.0010 	 0.7711 	 0.7705 	 0.7922 	 0.7499 	 0.5798 	 0.3986 	 0.2515 	 0.3455
180 	 72.2 	 67.9 	 0.0010 	 0.7691 	 0.7724 	 0.7944 	 0.7454 	 0.5785 	 0.4043 	 0.2572 	 0.3512
181 	 72.3 	 68.0 	 0.0010 	 0.7700 	 0.7735 	 0.7896 	 0.7479 	 0.5838 	 0.4071 	 0.2597 	 0.3533
182 	 72.1 	 67.8 	 0.0010 	 0.7687 	 0.7720 	 0.7905 	 0.7480 	 0.5813 	 0.4051 	 0.2590 	 0.3519
183 	 72.4 	 68.1 	 0.0010 	 0.7688 	 0.7739 	 0.7927 	 0.7499 	 0.5793 	 0.4060 	 0.2562 	 0.3503
184 	 73.9 	 69.0 	 0.0010 	 0.7677 	 0.7728 	 0.7894 	 0.7495 	 0.5812 	 0.4057 	 0.2579 	 0.3516
185 	 72.6 	 68.2 	 0.0010 	 0.7686 	 0.7736 	 0.7924 	 0.7487 	 0.5806 	 0.4050 	 0.2602 	 0.3522
186 	 73.0 	 68.7 	 0.0010 	 0.7660 	 0.7731 	 0.7913 	 0.7504 	 0.5811 	 0.4048 	 0.2566 	 0.3501
187 	 72.2 	 67.9 	 0.0010 	 0.7663 	 0.7729 	 0.7890 	 0.7529 	 0.5798 	 0.4054 	 0.2571 	 0.3481
188 	 72.9 	 68.8 	 0.0010 	 0.7658 	 0.7742 	 0.7908 	 0.7501 	 0.5805 	 0.4028 	 0.2526 	 0.3489
189 	 70.4 	 68.5 	 0.0010 	 0.7657 	 0.7739 	 0.8578 	 0.7397 	 0.5461 	 0.3540 	 0.1968 	 0.3040
190 	 35.3 	 33.3 	 0.0010 	 0.8289 	 0.7637 	 0.8404 	 0.7418 	 0.5528 	 0.3718 	 0.2191 	 0.3203
191 	 35.7 	 33.5 	 0.0010 	 0.8226 	 0.7635 	 0.8375 	 0.7397 	 0.5561 	 0.3724 	 0.2250 	 0.3231
192 	 36.4 	 34.3 	 0.0010 	 0.8237 	 0.7613 	 0.8365 	 0.7398 	 0.5565 	 0.3692 	 0.2192 	 0.3206
193 	 36.1 	 34.0 	 0.0010 	 0.8224 	 0.7598 	 0.8359 	 0.7405 	 0.5549 	 0.3718 	 0.2234 	 0.3235
194 	 36.6 	 34.4 	 0.0010 	 0.8201 	 0.7629 	 0.8377 	 0.7372 	 0.5576 	 0.3780 	 0.2283 	 0.3299
195 	 35.4 	 33.3 	 0.0010 	 0.8197 	 0.7628 	 0.8358 	 0.7429 	 0.5576 	 0.3762 	 0.2219 	 0.3248
196 	 36.5 	 34.2 	 0.0010 	 0.8177 	 0.7613 	 0.8335 	 0.7398 	 0.5592 	 0.3705 	 0.2192 	 0.3214
197 	 36.8 	 34.7 	 0.0010 	 0.8176 	 0.7620 	 0.8333 	 0.7413 	 0.5604 	 0.3745 	 0.2237 	 0.3242
198 	 35.4 	 33.4 	 0.0010 	 0.8176 	 0.7631 	 0.8364 	 0.7354 	 0.5545 	 0.3729 	 0.2287 	 0.3269
199 	 35.2 	 33.1 	 0.0010 	 0.8171 	 0.7618 	 0.8331 	 0.7352 	 0.5580 	 0.3759 	 0.2279 	 0.3290
Total train time: 132.8110 minutes
Best Epoch 	 Test Loss 	 Test Acc 	 Test Robust (36) 	 Test Robust (72) 	 Test Robust (108) 	 Mean Cert 	 Test Time
108 	 0.6769 	 0.7692 	 0.6453 	 0.5088 	 0.3754 	 0.4699 	 2.8338
Last Epoch 	 Test Loss 	 Test Acc 	 Test Robust (36) 	 Test Robust (72) 	 Test Robust (108) 	 Mean Cert 	 Test Time
199 	 0.9634 	 0.6980 	 0.6108 	 0.5229 	 0.4387 	 0.6773 	 2.7680
