Namespace(batch_size=128, epochs=100, lr_min=0.0, lr_max=0.1, weight_decay=0.0005, momentum=0.9, gamma=0.0, opt_level='O0', loss_scale='1.0', conv_layer='soc', init_channels=32, activation='maxmin', block_size=1, lln=False, data_dir='./cifar-data', dataset='cifar10', epsilon=36, out_dir='LipConvnet_cifar10_1_soc_32_maxmin_cr0.0', seed=0)
Epoch 	 Seconds 	 LR 	 Train Loss 	 Train Acc 	 Test Loss 	 Test Acc 	 Test Robust (36) 	 Test Robust (72) 	 Test Robust (108) 	 Test Cert
0 	 45.4 	 37.5 	 0.1000 	 1.9254 	 0.3317 	 1.9270 	 0.3207 	 0.1125 	 0.0276 	 0.0042 	 0.1255
1 	 44.6 	 36.7 	 0.1000 	 1.5360 	 0.4464 	 1.7649 	 0.3625 	 0.1491 	 0.0435 	 0.0094 	 0.1420
2 	 44.6 	 36.7 	 0.1000 	 1.4269 	 0.4874 	 1.7676 	 0.3739 	 0.2055 	 0.0897 	 0.0332 	 0.1930
3 	 45.0 	 37.1 	 0.1000 	 1.3582 	 0.5185 	 1.6966 	 0.4028 	 0.2043 	 0.0730 	 0.0178 	 0.1687
4 	 45.4 	 37.3 	 0.1000 	 1.2893 	 0.5439 	 1.6527 	 0.4303 	 0.2185 	 0.0952 	 0.0323 	 0.1808
5 	 45.6 	 37.3 	 0.1000 	 1.2465 	 0.5586 	 1.5483 	 0.4677 	 0.2536 	 0.1000 	 0.0280 	 0.1816
6 	 45.4 	 37.5 	 0.1000 	 1.2092 	 0.5727 	 1.6069 	 0.4319 	 0.2270 	 0.0878 	 0.0226 	 0.1762
7 	 45.5 	 37.4 	 0.1000 	 1.1846 	 0.5843 	 1.6690 	 0.4167 	 0.2083 	 0.0739 	 0.0192 	 0.1671
8 	 45.7 	 37.6 	 0.1000 	 1.1540 	 0.5917 	 1.6157 	 0.4384 	 0.2112 	 0.0726 	 0.0189 	 0.1621
9 	 46.2 	 37.9 	 0.1000 	 1.1380 	 0.6004 	 1.5099 	 0.4754 	 0.2465 	 0.0875 	 0.0210 	 0.1713
10 	 47.0 	 38.3 	 0.1000 	 1.1201 	 0.6065 	 1.5143 	 0.4621 	 0.2400 	 0.0910 	 0.0228 	 0.1742
11 	 47.8 	 38.8 	 0.1000 	 1.1022 	 0.6136 	 1.4282 	 0.5181 	 0.2674 	 0.0985 	 0.0265 	 0.1740
12 	 47.8 	 39.4 	 0.1000 	 1.0901 	 0.6193 	 1.5923 	 0.4581 	 0.2245 	 0.0849 	 0.0229 	 0.1669
13 	 47.9 	 39.0 	 0.1000 	 1.0879 	 0.6212 	 1.4412 	 0.5061 	 0.2698 	 0.1049 	 0.0327 	 0.1800
14 	 48.2 	 39.7 	 0.1000 	 1.0768 	 0.6237 	 1.5160 	 0.4569 	 0.2353 	 0.1064 	 0.0396 	 0.1875
15 	 48.4 	 39.6 	 0.1000 	 1.0651 	 0.6301 	 1.5218 	 0.4708 	 0.2427 	 0.0842 	 0.0219 	 0.1702
16 	 48.6 	 39.7 	 0.1000 	 1.0548 	 0.6334 	 1.4989 	 0.4901 	 0.2563 	 0.0992 	 0.0276 	 0.1779
17 	 48.8 	 40.2 	 0.1000 	 1.0560 	 0.6335 	 1.5307 	 0.4716 	 0.2341 	 0.0812 	 0.0181 	 0.1644
18 	 49.1 	 40.0 	 0.1000 	 1.0420 	 0.6345 	 1.6134 	 0.4322 	 0.2279 	 0.0842 	 0.0241 	 0.1764
19 	 49.4 	 40.0 	 0.1000 	 1.0392 	 0.6400 	 1.6118 	 0.4413 	 0.2199 	 0.0730 	 0.0182 	 0.1655
20 	 49.4 	 40.3 	 0.1000 	 1.0333 	 0.6397 	 1.4315 	 0.5290 	 0.2731 	 0.0994 	 0.0270 	 0.1738
21 	 49.2 	 40.2 	 0.1000 	 1.0317 	 0.6382 	 1.6678 	 0.4071 	 0.1932 	 0.0615 	 0.0145 	 0.1588
22 	 49.5 	 40.0 	 0.1000 	 1.0335 	 0.6381 	 1.4637 	 0.5017 	 0.2471 	 0.0790 	 0.0166 	 0.1613
23 	 49.6 	 40.5 	 0.1000 	 1.0248 	 0.6440 	 1.4717 	 0.5022 	 0.2373 	 0.0783 	 0.0182 	 0.1585
24 	 49.4 	 40.3 	 0.1000 	 1.0231 	 0.6421 	 1.6211 	 0.4437 	 0.2163 	 0.0671 	 0.0140 	 0.1611
25 	 49.7 	 40.8 	 0.1000 	 1.0204 	 0.6436 	 1.5398 	 0.4942 	 0.2472 	 0.0871 	 0.0207 	 0.1664
26 	 50.1 	 40.6 	 0.1000 	 1.0115 	 0.6481 	 1.4721 	 0.4950 	 0.2440 	 0.0768 	 0.0151 	 0.1609
27 	 50.9 	 41.9 	 0.1000 	 1.0158 	 0.6442 	 1.4851 	 0.4986 	 0.2459 	 0.0827 	 0.0232 	 0.1653
28 	 50.2 	 41.1 	 0.1000 	 1.0033 	 0.6478 	 1.5397 	 0.4676 	 0.2372 	 0.0871 	 0.0215 	 0.1695
29 	 50.4 	 40.7 	 0.1000 	 1.0113 	 0.6473 	 1.4959 	 0.4929 	 0.2504 	 0.0936 	 0.0278 	 0.1727
30 	 50.5 	 40.7 	 0.1000 	 1.0067 	 0.6499 	 1.5276 	 0.4613 	 0.2576 	 0.1141 	 0.0338 	 0.1917
31 	 50.2 	 40.6 	 0.1000 	 1.0019 	 0.6512 	 1.4826 	 0.5058 	 0.2365 	 0.0776 	 0.0198 	 0.1587
32 	 50.5 	 41.0 	 0.1000 	 1.0014 	 0.6524 	 1.5712 	 0.4575 	 0.2288 	 0.0888 	 0.0296 	 0.1753
33 	 50.2 	 41.2 	 0.1000 	 0.9964 	 0.6539 	 1.4332 	 0.5180 	 0.2646 	 0.0919 	 0.0220 	 0.1693
34 	 50.1 	 41.0 	 0.1000 	 1.0041 	 0.6511 	 1.4667 	 0.5220 	 0.2660 	 0.0962 	 0.0257 	 0.1706
35 	 50.8 	 41.4 	 0.1000 	 0.9960 	 0.6538 	 1.4333 	 0.5100 	 0.2758 	 0.1061 	 0.0297 	 0.1802
36 	 50.5 	 41.1 	 0.1000 	 0.9930 	 0.6529 	 1.4125 	 0.5299 	 0.2702 	 0.0912 	 0.0201 	 0.1668
37 	 50.7 	 41.0 	 0.1000 	 0.9934 	 0.6545 	 1.4184 	 0.4980 	 0.2559 	 0.0899 	 0.0208 	 0.1690
38 	 50.6 	 41.1 	 0.1000 	 0.9963 	 0.6533 	 1.4758 	 0.4877 	 0.2448 	 0.0878 	 0.0228 	 0.1683
39 	 50.6 	 41.2 	 0.1000 	 0.9924 	 0.6563 	 1.5016 	 0.5034 	 0.2339 	 0.0762 	 0.0149 	 0.1552
40 	 50.1 	 40.7 	 0.1000 	 0.9887 	 0.6566 	 1.6336 	 0.4345 	 0.2009 	 0.0633 	 0.0143 	 0.1551
41 	 50.5 	 40.8 	 0.1000 	 0.9902 	 0.6558 	 1.5046 	 0.4988 	 0.2481 	 0.0900 	 0.0281 	 0.1702
42 	 50.8 	 41.1 	 0.1000 	 0.9850 	 0.6586 	 1.4713 	 0.5052 	 0.2750 	 0.1047 	 0.0243 	 0.1790
43 	 51.0 	 41.3 	 0.1000 	 0.9899 	 0.6552 	 1.3276 	 0.5587 	 0.3041 	 0.1326 	 0.0478 	 0.1915
44 	 50.1 	 40.8 	 0.1000 	 0.9944 	 0.6546 	 1.5360 	 0.4704 	 0.2376 	 0.0845 	 0.0230 	 0.1695
45 	 50.8 	 41.0 	 0.1000 	 0.9779 	 0.6592 	 1.4205 	 0.5282 	 0.2872 	 0.1119 	 0.0295 	 0.1810
46 	 51.0 	 41.3 	 0.1000 	 0.9845 	 0.6583 	 1.4019 	 0.5283 	 0.2735 	 0.0972 	 0.0258 	 0.1716
47 	 50.4 	 40.8 	 0.1000 	 0.9777 	 0.6587 	 1.4566 	 0.5060 	 0.2677 	 0.0991 	 0.0280 	 0.1765
48 	 51.2 	 41.3 	 0.1000 	 0.9726 	 0.6615 	 1.5340 	 0.4691 	 0.2390 	 0.0853 	 0.0230 	 0.1717
49 	 50.5 	 41.0 	 0.0100 	 0.9727 	 0.6611 	 1.4407 	 0.5076 	 0.2659 	 0.0918 	 0.0208 	 0.1708
50 	 50.5 	 41.0 	 0.0100 	 0.8210 	 0.7204 	 1.3595 	 0.5508 	 0.2928 	 0.1094 	 0.0274 	 0.1764
51 	 50.7 	 41.1 	 0.0100 	 0.7718 	 0.7396 	 1.3504 	 0.5484 	 0.3033 	 0.1161 	 0.0332 	 0.1832
52 	 51.4 	 42.0 	 0.0100 	 0.7550 	 0.7437 	 1.3732 	 0.5519 	 0.2936 	 0.1088 	 0.0285 	 0.1769
53 	 51.2 	 42.0 	 0.0100 	 0.7406 	 0.7505 	 1.3717 	 0.5470 	 0.2909 	 0.1153 	 0.0326 	 0.1804
54 	 51.0 	 41.5 	 0.0100 	 0.7312 	 0.7532 	 1.4222 	 0.5157 	 0.2804 	 0.1039 	 0.0267 	 0.1783
55 	 51.7 	 42.1 	 0.0100 	 0.7238 	 0.7560 	 1.3873 	 0.5375 	 0.2865 	 0.1065 	 0.0279 	 0.1760
56 	 51.4 	 41.6 	 0.0100 	 0.7170 	 0.7581 	 1.4135 	 0.5293 	 0.2829 	 0.1063 	 0.0269 	 0.1780
57 	 51.3 	 41.5 	 0.0100 	 0.7115 	 0.7612 	 1.3899 	 0.5342 	 0.2840 	 0.1010 	 0.0247 	 0.1745
58 	 51.1 	 41.5 	 0.0100 	 0.7030 	 0.7647 	 1.4144 	 0.5108 	 0.2787 	 0.1090 	 0.0275 	 0.1812
59 	 51.1 	 41.5 	 0.0100 	 0.7000 	 0.7639 	 1.3783 	 0.5376 	 0.2921 	 0.1143 	 0.0319 	 0.1818
60 	 51.2 	 41.8 	 0.0100 	 0.6969 	 0.7671 	 1.3928 	 0.5392 	 0.2920 	 0.1117 	 0.0258 	 0.1786
61 	 51.3 	 41.8 	 0.0100 	 0.6892 	 0.7685 	 1.4294 	 0.5203 	 0.2740 	 0.1033 	 0.0263 	 0.1766
62 	 51.6 	 42.3 	 0.0100 	 0.6852 	 0.7687 	 1.3889 	 0.5382 	 0.2935 	 0.1187 	 0.0344 	 0.1843
63 	 51.9 	 42.6 	 0.0100 	 0.6833 	 0.7690 	 1.4385 	 0.5147 	 0.2798 	 0.1032 	 0.0242 	 0.1781
64 	 51.1 	 41.5 	 0.0100 	 0.6782 	 0.7730 	 1.3340 	 0.5678 	 0.3101 	 0.1169 	 0.0274 	 0.1791
65 	 51.6 	 42.2 	 0.0100 	 0.6763 	 0.7718 	 1.3468 	 0.5548 	 0.2972 	 0.1042 	 0.0241 	 0.1748
66 	 50.4 	 41.3 	 0.0100 	 0.6769 	 0.7733 	 1.3893 	 0.5410 	 0.2886 	 0.1084 	 0.0286 	 0.1778
67 	 51.2 	 42.0 	 0.0100 	 0.6716 	 0.7727 	 1.3451 	 0.5723 	 0.3065 	 0.1170 	 0.0280 	 0.1781
68 	 50.9 	 41.3 	 0.0100 	 0.6753 	 0.7731 	 1.3554 	 0.5393 	 0.2912 	 0.1158 	 0.0322 	 0.1807
69 	 51.4 	 42.0 	 0.0100 	 0.6651 	 0.7788 	 1.3298 	 0.5663 	 0.3161 	 0.1214 	 0.0301 	 0.1834
70 	 51.6 	 41.9 	 0.0100 	 0.6612 	 0.7785 	 1.4209 	 0.5245 	 0.2816 	 0.1087 	 0.0289 	 0.1796
71 	 51.8 	 42.2 	 0.0100 	 0.6619 	 0.7782 	 1.4216 	 0.5056 	 0.2853 	 0.1172 	 0.0332 	 0.1882
72 	 51.0 	 41.4 	 0.0100 	 0.6602 	 0.7782 	 1.3248 	 0.5660 	 0.3057 	 0.1248 	 0.0359 	 0.1843
73 	 51.9 	 42.0 	 0.0100 	 0.6560 	 0.7809 	 1.4240 	 0.5124 	 0.2784 	 0.1144 	 0.0327 	 0.1854
74 	 51.2 	 41.6 	 0.0010 	 0.6560 	 0.7796 	 1.3819 	 0.5433 	 0.2928 	 0.1147 	 0.0325 	 0.1808
75 	 50.8 	 41.3 	 0.0010 	 0.6107 	 0.8016 	 1.3466 	 0.5546 	 0.2989 	 0.1180 	 0.0326 	 0.1819
76 	 51.5 	 42.2 	 0.0010 	 0.5895 	 0.8074 	 1.3808 	 0.5400 	 0.2946 	 0.1166 	 0.0307 	 0.1823
77 	 51.2 	 41.7 	 0.0010 	 0.5821 	 0.8107 	 1.3786 	 0.5406 	 0.2922 	 0.1179 	 0.0322 	 0.1829
78 	 51.5 	 41.9 	 0.0010 	 0.5766 	 0.8112 	 1.3890 	 0.5331 	 0.2851 	 0.1133 	 0.0325 	 0.1820
79 	 52.3 	 42.6 	 0.0010 	 0.5727 	 0.8135 	 1.3756 	 0.5440 	 0.2918 	 0.1140 	 0.0300 	 0.1803
80 	 50.5 	 41.0 	 0.0010 	 0.5689 	 0.8159 	 1.3908 	 0.5366 	 0.2886 	 0.1106 	 0.0299 	 0.1795
81 	 51.4 	 41.7 	 0.0010 	 0.5672 	 0.8162 	 1.3929 	 0.5343 	 0.2875 	 0.1102 	 0.0294 	 0.1792
82 	 51.5 	 41.8 	 0.0010 	 0.5668 	 0.8162 	 1.3901 	 0.5412 	 0.2905 	 0.1145 	 0.0313 	 0.1810
83 	 50.8 	 40.9 	 0.0010 	 0.5638 	 0.8186 	 1.3838 	 0.5357 	 0.2898 	 0.1186 	 0.0345 	 0.1842
84 	 50.8 	 41.3 	 0.0010 	 0.5599 	 0.8204 	 1.3820 	 0.5414 	 0.2899 	 0.1121 	 0.0307 	 0.1807
85 	 51.4 	 41.9 	 0.0010 	 0.5595 	 0.8209 	 1.3929 	 0.5289 	 0.2881 	 0.1157 	 0.0315 	 0.1837
86 	 51.7 	 42.2 	 0.0010 	 0.5557 	 0.8205 	 1.3714 	 0.5479 	 0.2942 	 0.1181 	 0.0328 	 0.1824
87 	 51.0 	 41.4 	 0.0010 	 0.5553 	 0.8192 	 1.4239 	 0.5155 	 0.2759 	 0.1097 	 0.0307 	 0.1810
88 	 50.4 	 40.8 	 0.0010 	 0.5551 	 0.8204 	 1.3970 	 0.5349 	 0.2833 	 0.1085 	 0.0277 	 0.1775
89 	 51.0 	 41.9 	 0.0010 	 0.5524 	 0.8219 	 1.3939 	 0.5402 	 0.2892 	 0.1145 	 0.0290 	 0.1787
90 	 51.0 	 41.3 	 0.0010 	 0.5542 	 0.8233 	 1.3776 	 0.5478 	 0.2888 	 0.1112 	 0.0295 	 0.1776
91 	 51.1 	 41.6 	 0.0010 	 0.5529 	 0.8223 	 1.3948 	 0.5432 	 0.2894 	 0.1136 	 0.0299 	 0.1797
92 	 50.5 	 41.1 	 0.0010 	 0.5476 	 0.8238 	 1.3752 	 0.5499 	 0.2905 	 0.1147 	 0.0294 	 0.1792
93 	 51.4 	 41.5 	 0.0010 	 0.5468 	 0.8245 	 1.4116 	 0.5281 	 0.2815 	 0.1064 	 0.0252 	 0.1764
94 	 51.2 	 41.8 	 0.0010 	 0.5459 	 0.8246 	 1.4057 	 0.5306 	 0.2804 	 0.1092 	 0.0304 	 0.1781
95 	 51.5 	 41.8 	 0.0010 	 0.5446 	 0.8268 	 1.3949 	 0.5340 	 0.2893 	 0.1175 	 0.0343 	 0.1835
96 	 50.7 	 41.3 	 0.0010 	 0.5419 	 0.8283 	 1.3940 	 0.5387 	 0.2870 	 0.1081 	 0.0283 	 0.1771
97 	 51.8 	 42.0 	 0.0010 	 0.5428 	 0.8274 	 1.4229 	 0.5236 	 0.2755 	 0.1057 	 0.0275 	 0.1768
98 	 50.9 	 41.8 	 0.0010 	 0.5405 	 0.8275 	 1.3888 	 0.5364 	 0.2842 	 0.1137 	 0.0329 	 0.1808
99 	 51.0 	 41.4 	 0.0010 	 0.5382 	 0.8262 	 1.4034 	 0.5335 	 0.2834 	 0.1122 	 0.0293 	 0.1786
Total train time: 84.2006 minutes
Best Epoch 	 Test Loss 	 Test Acc 	 Test Robust (36) 	 Test Robust (72) 	 Test Robust (108) 	 Mean Cert 	 Test Time
69 	 1.3298 	 0.5663 	 0.3161 	 0.1214 	 0.0301 	 0.1834 	 9.6106
Last Epoch 	 Test Loss 	 Test Acc 	 Test Robust (36) 	 Test Robust (72) 	 Test Robust (108) 	 Mean Cert 	 Test Time
99 	 1.4034 	 0.5335 	 0.2834 	 0.1122 	 0.0293 	 0.1786 	 9.6006
