Namespace(batch_size=128, epochs=100, lr_min=0.0, lr_max=0.1, weight_decay=0.0005, momentum=0.9, gamma=0.0, opt_level='O2', loss_scale='1.0', conv_layer='soc', init_channels=32, activation='maxmin', block_size=1, lln=False, data_dir='./cifar-data', dataset='cifar10', epsilon=36, out_dir='LipConvnet_cifar10_1_soc_32_maxmin_cr0.0', seed=0)
Epoch 	 Seconds 	 LR 	 Train Loss 	 Train Acc 	 Test Loss 	 Test Acc 	 Test Robust (36) 	 Test Robust (72) 	 Test Robust (108) 	 Test Cert
0 	 42.2 	 39.7 	 0.1000 	 1.8342 	 0.3430 	 1.4684 	 0.4704 	 0.2167 	 0.0768 	 0.0201 	 0.1582
1 	 42.7 	 40.2 	 0.1000 	 1.5026 	 0.4533 	 1.3824 	 0.5076 	 0.2793 	 0.1308 	 0.0539 	 0.2005
2 	 40.6 	 38.1 	 0.1000 	 1.3909 	 0.4976 	 1.3071 	 0.5191 	 0.3602 	 0.2035 	 0.0880 	 0.2554
3 	 40.2 	 37.7 	 0.1000 	 1.3071 	 0.5314 	 1.1476 	 0.5920 	 0.4079 	 0.2514 	 0.1295 	 0.2759
4 	 42.1 	 39.6 	 0.1000 	 1.2134 	 0.5692 	 1.1134 	 0.6054 	 0.4169 	 0.2713 	 0.1652 	 0.3034
5 	 44.0 	 41.3 	 0.1000 	 1.1589 	 0.5889 	 1.0692 	 0.6145 	 0.4549 	 0.3036 	 0.1758 	 0.3144
6 	 43.7 	 41.2 	 0.1000 	 1.1131 	 0.6040 	 1.0977 	 0.6136 	 0.4456 	 0.3001 	 0.1820 	 0.3261
7 	 44.6 	 42.0 	 0.1000 	 1.0901 	 0.6152 	 1.0367 	 0.6348 	 0.4883 	 0.3434 	 0.2187 	 0.3494
8 	 45.2 	 42.6 	 0.1000 	 1.0534 	 0.6263 	 1.0442 	 0.6345 	 0.4626 	 0.3030 	 0.1799 	 0.3132
9 	 43.8 	 41.2 	 0.1000 	 1.0305 	 0.6381 	 0.9427 	 0.6710 	 0.5199 	 0.3581 	 0.2187 	 0.3401
10 	 45.1 	 42.5 	 0.1000 	 1.0139 	 0.6436 	 0.9515 	 0.6669 	 0.5190 	 0.3714 	 0.2494 	 0.3682
11 	 45.0 	 42.0 	 0.1000 	 0.9980 	 0.6474 	 0.8981 	 0.6878 	 0.5338 	 0.3697 	 0.2397 	 0.3560
12 	 45.7 	 43.2 	 0.1000 	 0.9821 	 0.6553 	 0.9232 	 0.6777 	 0.5262 	 0.3765 	 0.2475 	 0.3687
13 	 44.8 	 42.3 	 0.1000 	 0.9829 	 0.6544 	 0.9874 	 0.6513 	 0.5238 	 0.3838 	 0.2577 	 0.3892
14 	 48.3 	 45.1 	 0.1000 	 0.9736 	 0.6601 	 0.9428 	 0.6669 	 0.5175 	 0.3697 	 0.2515 	 0.3787
15 	 45.7 	 43.3 	 0.1000 	 0.9689 	 0.6613 	 0.9712 	 0.6589 	 0.5191 	 0.3826 	 0.2533 	 0.3766
16 	 45.2 	 42.6 	 0.1000 	 0.9553 	 0.6679 	 0.9555 	 0.6719 	 0.5334 	 0.3979 	 0.2685 	 0.3905
17 	 50.3 	 47.2 	 0.1000 	 0.9581 	 0.6659 	 0.8658 	 0.7016 	 0.5545 	 0.3980 	 0.2636 	 0.3764
18 	 49.5 	 46.5 	 0.1000 	 0.9436 	 0.6703 	 0.9446 	 0.6719 	 0.5440 	 0.4047 	 0.2807 	 0.3980
19 	 54.0 	 50.9 	 0.1000 	 0.9414 	 0.6710 	 0.8611 	 0.7042 	 0.5533 	 0.4078 	 0.2713 	 0.3829
20 	 53.7 	 50.6 	 0.1000 	 0.9298 	 0.6741 	 0.8866 	 0.6893 	 0.5503 	 0.4008 	 0.2724 	 0.3905
21 	 53.2 	 50.1 	 0.1000 	 0.9326 	 0.6740 	 0.9034 	 0.6879 	 0.5353 	 0.3819 	 0.2440 	 0.3606
22 	 53.0 	 50.0 	 0.1000 	 0.9317 	 0.6748 	 0.8468 	 0.7084 	 0.5468 	 0.3863 	 0.2517 	 0.3622
23 	 53.8 	 50.6 	 0.1000 	 0.9240 	 0.6774 	 0.8767 	 0.6908 	 0.5399 	 0.3793 	 0.2420 	 0.3623
24 	 53.8 	 50.6 	 0.1000 	 0.9217 	 0.6769 	 0.8899 	 0.6910 	 0.5447 	 0.3954 	 0.2650 	 0.3774
25 	 48.7 	 46.0 	 0.1000 	 0.9180 	 0.6806 	 0.8527 	 0.7075 	 0.5473 	 0.3862 	 0.2495 	 0.3582
26 	 47.3 	 44.5 	 0.1000 	 0.9108 	 0.6855 	 0.8507 	 0.7089 	 0.5549 	 0.3939 	 0.2570 	 0.3698
27 	 42.2 	 39.5 	 0.1000 	 0.9148 	 0.6813 	 0.9045 	 0.6843 	 0.5441 	 0.4030 	 0.2683 	 0.3787
28 	 46.5 	 44.0 	 0.1000 	 0.9066 	 0.6835 	 0.8819 	 0.6898 	 0.5505 	 0.3985 	 0.2712 	 0.3896
29 	 44.1 	 41.6 	 0.1000 	 0.9164 	 0.6815 	 0.8932 	 0.6871 	 0.5384 	 0.3929 	 0.2668 	 0.3816
30 	 46.7 	 43.4 	 0.1000 	 0.9060 	 0.6870 	 0.8456 	 0.6977 	 0.5636 	 0.4261 	 0.2965 	 0.4091
31 	 54.7 	 51.7 	 0.1000 	 0.9049 	 0.6848 	 0.8527 	 0.7021 	 0.5507 	 0.4006 	 0.2690 	 0.3834
32 	 50.6 	 48.0 	 0.1000 	 0.9013 	 0.6893 	 0.8631 	 0.6977 	 0.5563 	 0.4058 	 0.2662 	 0.3795
33 	 47.1 	 43.9 	 0.1000 	 0.9020 	 0.6848 	 0.8265 	 0.7150 	 0.5653 	 0.4105 	 0.2742 	 0.3779
34 	 55.8 	 52.3 	 0.1000 	 0.9058 	 0.6859 	 0.8388 	 0.7061 	 0.5675 	 0.4263 	 0.2927 	 0.3992
35 	 55.0 	 51.6 	 0.1000 	 0.8983 	 0.6900 	 0.8364 	 0.7133 	 0.5724 	 0.4285 	 0.2941 	 0.3954
36 	 46.5 	 43.7 	 0.1000 	 0.8977 	 0.6873 	 0.8426 	 0.7042 	 0.5653 	 0.4161 	 0.2816 	 0.3916
37 	 53.5 	 50.2 	 0.1000 	 0.9010 	 0.6888 	 0.8736 	 0.6968 	 0.5414 	 0.3915 	 0.2576 	 0.3697
38 	 54.2 	 51.7 	 0.1000 	 0.8966 	 0.6878 	 0.8245 	 0.7102 	 0.5680 	 0.4228 	 0.2847 	 0.3929
39 	 45.1 	 42.5 	 0.1000 	 0.8966 	 0.6884 	 0.8472 	 0.7048 	 0.5576 	 0.4126 	 0.2809 	 0.3913
40 	 47.4 	 44.2 	 0.1000 	 0.8946 	 0.6900 	 0.8583 	 0.6993 	 0.5559 	 0.4140 	 0.2811 	 0.3902
41 	 47.2 	 44.3 	 0.1000 	 0.9000 	 0.6897 	 0.8604 	 0.7002 	 0.5601 	 0.4136 	 0.2856 	 0.4032
42 	 47.1 	 44.4 	 0.1000 	 0.8924 	 0.6910 	 0.8490 	 0.7011 	 0.5662 	 0.4348 	 0.3036 	 0.4135
43 	 53.8 	 50.5 	 0.1000 	 0.8972 	 0.6897 	 0.8649 	 0.6995 	 0.5525 	 0.4072 	 0.2824 	 0.3910
44 	 44.9 	 42.2 	 0.1000 	 0.9001 	 0.6876 	 0.8919 	 0.6874 	 0.5428 	 0.3912 	 0.2623 	 0.3743
45 	 46.4 	 43.9 	 0.1000 	 0.8852 	 0.6917 	 0.8563 	 0.6978 	 0.5674 	 0.4273 	 0.2957 	 0.4045
46 	 47.6 	 44.2 	 0.1000 	 0.8951 	 0.6920 	 0.8439 	 0.7115 	 0.5748 	 0.4356 	 0.2993 	 0.4051
47 	 50.8 	 47.9 	 0.1000 	 0.8876 	 0.6921 	 0.8292 	 0.7181 	 0.5625 	 0.4012 	 0.2604 	 0.3656
48 	 47.6 	 44.9 	 0.1000 	 0.8910 	 0.6921 	 0.8554 	 0.7001 	 0.5663 	 0.4211 	 0.2874 	 0.4003
49 	 55.8 	 53.2 	 0.0100 	 0.8889 	 0.6930 	 0.8187 	 0.7147 	 0.5879 	 0.4493 	 0.3130 	 0.4201
50 	 46.6 	 43.5 	 0.0100 	 0.7526 	 0.7472 	 0.7244 	 0.7560 	 0.6224 	 0.4745 	 0.3343 	 0.4202
51 	 46.5 	 43.6 	 0.0100 	 0.7153 	 0.7599 	 0.7042 	 0.7611 	 0.6341 	 0.4925 	 0.3567 	 0.4392
52 	 48.8 	 45.1 	 0.0100 	 0.6965 	 0.7662 	 0.7049 	 0.7593 	 0.6364 	 0.4925 	 0.3560 	 0.4435
53 	 44.2 	 41.4 	 0.0100 	 0.6853 	 0.7719 	 0.6906 	 0.7651 	 0.6366 	 0.4990 	 0.3574 	 0.4437
54 	 46.3 	 43.1 	 0.0100 	 0.6794 	 0.7722 	 0.6887 	 0.7642 	 0.6393 	 0.4999 	 0.3669 	 0.4516
55 	 47.4 	 44.6 	 0.0100 	 0.6725 	 0.7759 	 0.6812 	 0.7681 	 0.6398 	 0.5045 	 0.3665 	 0.4515
56 	 47.0 	 44.1 	 0.0100 	 0.6678 	 0.7763 	 0.6838 	 0.7669 	 0.6451 	 0.5075 	 0.3696 	 0.4508
57 	 45.5 	 42.9 	 0.0100 	 0.6643 	 0.7803 	 0.6816 	 0.7668 	 0.6412 	 0.5053 	 0.3658 	 0.4459
58 	 43.9 	 41.3 	 0.0100 	 0.6577 	 0.7807 	 0.6845 	 0.7655 	 0.6399 	 0.4940 	 0.3544 	 0.4372
59 	 45.1 	 42.5 	 0.0100 	 0.6597 	 0.7814 	 0.6820 	 0.7684 	 0.6415 	 0.4959 	 0.3624 	 0.4460
60 	 45.7 	 42.7 	 0.0100 	 0.6560 	 0.7821 	 0.6741 	 0.7693 	 0.6483 	 0.5129 	 0.3767 	 0.4563
61 	 46.2 	 43.3 	 0.0100 	 0.6492 	 0.7851 	 0.6705 	 0.7721 	 0.6446 	 0.5089 	 0.3685 	 0.4529
62 	 46.1 	 43.4 	 0.0100 	 0.6467 	 0.7869 	 0.6692 	 0.7725 	 0.6457 	 0.5068 	 0.3708 	 0.4550
63 	 48.8 	 46.0 	 0.0100 	 0.6491 	 0.7845 	 0.6777 	 0.7682 	 0.6445 	 0.5003 	 0.3692 	 0.4538
64 	 44.6 	 42.2 	 0.0100 	 0.6432 	 0.7883 	 0.6854 	 0.7646 	 0.6399 	 0.5096 	 0.3832 	 0.4681
65 	 45.9 	 43.2 	 0.0100 	 0.6437 	 0.7881 	 0.6842 	 0.7682 	 0.6364 	 0.4914 	 0.3495 	 0.4383
66 	 47.7 	 44.7 	 0.0100 	 0.6443 	 0.7863 	 0.6676 	 0.7742 	 0.6490 	 0.5107 	 0.3729 	 0.4511
67 	 46.1 	 43.6 	 0.0100 	 0.6390 	 0.7886 	 0.6784 	 0.7721 	 0.6463 	 0.5097 	 0.3715 	 0.4565
68 	 46.6 	 43.9 	 0.0100 	 0.6423 	 0.7886 	 0.6700 	 0.7731 	 0.6504 	 0.5101 	 0.3737 	 0.4528
69 	 46.1 	 43.1 	 0.0100 	 0.6382 	 0.7908 	 0.6765 	 0.7684 	 0.6409 	 0.5112 	 0.3772 	 0.4619
70 	 48.3 	 45.1 	 0.0100 	 0.6389 	 0.7882 	 0.6608 	 0.7737 	 0.6480 	 0.5188 	 0.3847 	 0.4659
71 	 52.8 	 49.6 	 0.0100 	 0.6367 	 0.7892 	 0.6797 	 0.7652 	 0.6460 	 0.5018 	 0.3646 	 0.4557
72 	 46.5 	 43.7 	 0.0100 	 0.6360 	 0.7912 	 0.6669 	 0.7740 	 0.6486 	 0.5078 	 0.3761 	 0.4547
73 	 47.1 	 44.3 	 0.0100 	 0.6355 	 0.7907 	 0.6701 	 0.7730 	 0.6498 	 0.5135 	 0.3888 	 0.4643
74 	 47.3 	 44.6 	 0.0010 	 0.6356 	 0.7895 	 0.6778 	 0.7683 	 0.6414 	 0.5030 	 0.3649 	 0.4505
75 	 49.1 	 46.2 	 0.0010 	 0.6023 	 0.8068 	 0.6436 	 0.7835 	 0.6617 	 0.5174 	 0.3768 	 0.4534
76 	 47.1 	 44.1 	 0.0010 	 0.5893 	 0.8116 	 0.6428 	 0.7818 	 0.6644 	 0.5217 	 0.3823 	 0.4621
77 	 46.5 	 43.7 	 0.0010 	 0.5824 	 0.8129 	 0.6368 	 0.7830 	 0.6657 	 0.5271 	 0.3937 	 0.4713
78 	 49.5 	 46.3 	 0.0010 	 0.5765 	 0.8154 	 0.6325 	 0.7856 	 0.6680 	 0.5310 	 0.3944 	 0.4715
79 	 47.7 	 45.2 	 0.0010 	 0.5751 	 0.8136 	 0.6335 	 0.7865 	 0.6679 	 0.5295 	 0.3972 	 0.4711
80 	 46.9 	 44.2 	 0.0010 	 0.5718 	 0.8159 	 0.6324 	 0.7853 	 0.6667 	 0.5317 	 0.3934 	 0.4706
81 	 47.9 	 45.0 	 0.0010 	 0.5706 	 0.8185 	 0.6325 	 0.7835 	 0.6679 	 0.5306 	 0.3901 	 0.4702
82 	 47.8 	 44.9 	 0.0010 	 0.5693 	 0.8166 	 0.6306 	 0.7834 	 0.6704 	 0.5353 	 0.4034 	 0.4827
83 	 47.6 	 44.8 	 0.0010 	 0.5657 	 0.8185 	 0.6288 	 0.7855 	 0.6718 	 0.5350 	 0.4005 	 0.4806
84 	 47.4 	 44.9 	 0.0010 	 0.5639 	 0.8193 	 0.6294 	 0.7859 	 0.6690 	 0.5349 	 0.3979 	 0.4781
85 	 46.5 	 43.9 	 0.0010 	 0.5641 	 0.8189 	 0.6289 	 0.7852 	 0.6707 	 0.5371 	 0.4019 	 0.4799
86 	 45.8 	 43.2 	 0.0010 	 0.5592 	 0.8217 	 0.6300 	 0.7861 	 0.6708 	 0.5392 	 0.4023 	 0.4791
87 	 45.5 	 42.8 	 0.0010 	 0.5618 	 0.8190 	 0.6305 	 0.7872 	 0.6694 	 0.5310 	 0.3952 	 0.4727
88 	 44.0 	 41.2 	 0.0010 	 0.5606 	 0.8201 	 0.6269 	 0.7861 	 0.6726 	 0.5375 	 0.4021 	 0.4786
89 	 46.4 	 43.9 	 0.0010 	 0.5602 	 0.8199 	 0.6301 	 0.7862 	 0.6696 	 0.5355 	 0.3993 	 0.4769
90 	 45.4 	 42.8 	 0.0010 	 0.5610 	 0.8216 	 0.6279 	 0.7854 	 0.6695 	 0.5352 	 0.3987 	 0.4776
91 	 48.4 	 45.5 	 0.0010 	 0.5594 	 0.8207 	 0.6285 	 0.7864 	 0.6720 	 0.5362 	 0.4012 	 0.4795
92 	 45.9 	 43.3 	 0.0010 	 0.5552 	 0.8223 	 0.6261 	 0.7846 	 0.6717 	 0.5408 	 0.4063 	 0.4853
93 	 45.3 	 42.7 	 0.0010 	 0.5549 	 0.8216 	 0.6268 	 0.7871 	 0.6699 	 0.5377 	 0.3995 	 0.4775
94 	 45.0 	 42.5 	 0.0010 	 0.5552 	 0.8237 	 0.6269 	 0.7873 	 0.6714 	 0.5334 	 0.4000 	 0.4793
95 	 41.6 	 38.9 	 0.0010 	 0.5545 	 0.8245 	 0.6245 	 0.7879 	 0.6738 	 0.5413 	 0.4064 	 0.4854
96 	 43.2 	 40.7 	 0.0010 	 0.5537 	 0.8247 	 0.6264 	 0.7873 	 0.6702 	 0.5365 	 0.4005 	 0.4803
97 	 42.4 	 39.9 	 0.0010 	 0.5554 	 0.8221 	 0.6250 	 0.7877 	 0.6717 	 0.5333 	 0.3972 	 0.4755
98 	 44.1 	 41.6 	 0.0010 	 0.5527 	 0.8234 	 0.6253 	 0.7842 	 0.6719 	 0.5391 	 0.4052 	 0.4844
99 	 44.0 	 41.4 	 0.0010 	 0.5514 	 0.8235 	 0.6234 	 0.7884 	 0.6707 	 0.5401 	 0.4038 	 0.4814
Total train time: 79.5104 minutes
Best Epoch 	 Test Loss 	 Test Acc 	 Test Robust (36) 	 Test Robust (72) 	 Test Robust (108) 	 Mean Cert 	 Test Time
95 	 0.6245 	 0.7879 	 0.6736 	 0.5415 	 0.4067 	 0.4854 	 3.7889
Last Epoch 	 Test Loss 	 Test Acc 	 Test Robust (36) 	 Test Robust (72) 	 Test Robust (108) 	 Mean Cert 	 Test Time
99 	 0.6234 	 0.7882 	 0.6710 	 0.5399 	 0.4039 	 0.4814 	 3.6786
