Namespace(batch_size=128, epochs=100, lr_min=0.0, lr_max=0.1, weight_decay=0.0005, momentum=0.9, gamma=0.0, opt_level='O0', loss_scale='1.0', conv_layer='soc', init_channels=32, activation='maxmin', block_size=1, lln=False, data_dir='./cifar-data', dataset='cifar10', epsilon=36, out_dir='LipConvnet_cifar10_1_soc_32_maxmin_cr0.0', seed=0)
Epoch 	 Seconds 	 LR 	 Train Loss 	 Train Acc 	 Test Loss 	 Test Acc 	 Test Robust (36) 	 Test Robust (72) 	 Test Robust (108) 	 Test Cert
0 	 79.0 	 71.1 	 0.1000 	 1.8162 	 0.3493 	 1.4624 	 0.4792 	 0.2298 	 0.0920 	 0.0290 	 0.1682
1 	 77.6 	 69.3 	 0.1000 	 1.5120 	 0.4593 	 1.3509 	 0.5211 	 0.3013 	 0.1413 	 0.0553 	 0.2072
2 	 80.0 	 71.8 	 0.1000 	 1.4198 	 0.4945 	 1.3113 	 0.5296 	 0.3494 	 0.1834 	 0.0793 	 0.2380
3 	 81.2 	 72.9 	 0.1000 	 1.3723 	 0.5125 	 1.2418 	 0.5648 	 0.3638 	 0.1994 	 0.0960 	 0.2450
4 	 82.0 	 73.9 	 0.1000 	 1.3173 	 0.5389 	 1.2613 	 0.5611 	 0.3438 	 0.1825 	 0.0905 	 0.2371
5 	 82.3 	 73.9 	 0.1000 	 1.2876 	 0.5483 	 1.1882 	 0.5869 	 0.3795 	 0.2149 	 0.0935 	 0.2421
6 	 82.7 	 74.2 	 0.1000 	 1.2652 	 0.5600 	 1.2012 	 0.5746 	 0.3887 	 0.2341 	 0.1151 	 0.2647
7 	 83.2 	 74.4 	 0.1000 	 1.2455 	 0.5689 	 1.1572 	 0.5930 	 0.4014 	 0.2358 	 0.1240 	 0.2669
8 	 83.4 	 75.0 	 0.1000 	 1.2270 	 0.5725 	 1.1492 	 0.6068 	 0.3976 	 0.2186 	 0.0993 	 0.2440
9 	 83.2 	 74.7 	 0.1000 	 1.2183 	 0.5791 	 1.1090 	 0.6200 	 0.4314 	 0.2489 	 0.1229 	 0.2669
10 	 83.8 	 75.5 	 0.1000 	 1.2033 	 0.5853 	 1.1227 	 0.6129 	 0.4148 	 0.2414 	 0.1233 	 0.2630
11 	 83.6 	 74.9 	 0.1000 	 1.1933 	 0.5877 	 1.0802 	 0.6343 	 0.4362 	 0.2541 	 0.1320 	 0.2698
12 	 83.7 	 75.4 	 0.1000 	 1.1789 	 0.5941 	 1.0940 	 0.6328 	 0.4314 	 0.2494 	 0.1298 	 0.2674
13 	 83.7 	 75.0 	 0.1000 	 1.1832 	 0.5937 	 1.0943 	 0.6220 	 0.4456 	 0.2756 	 0.1494 	 0.2919
14 	 83.9 	 75.5 	 0.1000 	 1.1773 	 0.5939 	 1.0830 	 0.6299 	 0.4342 	 0.2599 	 0.1395 	 0.2750
15 	 83.8 	 75.3 	 0.1000 	 1.1655 	 0.6036 	 1.1218 	 0.6078 	 0.4232 	 0.2579 	 0.1326 	 0.2781
16 	 83.7 	 75.2 	 0.1000 	 1.1616 	 0.6062 	 1.1513 	 0.6091 	 0.4435 	 0.2825 	 0.1586 	 0.2993
17 	 84.3 	 75.5 	 0.1000 	 1.1587 	 0.6033 	 1.0453 	 0.6475 	 0.4540 	 0.2768 	 0.1412 	 0.2768
18 	 83.6 	 75.1 	 0.1000 	 1.1530 	 0.6055 	 1.1894 	 0.5876 	 0.4236 	 0.2766 	 0.1561 	 0.3022
19 	 84.1 	 75.5 	 0.1000 	 1.1462 	 0.6083 	 1.0415 	 0.6481 	 0.4537 	 0.2831 	 0.1519 	 0.2823
20 	 84.5 	 75.9 	 0.1000 	 1.1352 	 0.6136 	 1.0416 	 0.6475 	 0.4632 	 0.2938 	 0.1651 	 0.2941
21 	 84.5 	 75.8 	 0.1000 	 1.1386 	 0.6109 	 1.0806 	 0.6317 	 0.4519 	 0.2840 	 0.1520 	 0.2879
22 	 83.2 	 74.5 	 0.1000 	 1.1462 	 0.6081 	 1.0718 	 0.6323 	 0.4458 	 0.2771 	 0.1473 	 0.2838
23 	 84.1 	 75.8 	 0.1000 	 1.1298 	 0.6174 	 1.0455 	 0.6537 	 0.4537 	 0.2751 	 0.1504 	 0.2794
24 	 84.2 	 75.7 	 0.1000 	 1.1330 	 0.6144 	 1.0850 	 0.6399 	 0.4305 	 0.2580 	 0.1402 	 0.2743
25 	 84.3 	 75.8 	 0.1000 	 1.1276 	 0.6166 	 1.0826 	 0.6312 	 0.4355 	 0.2616 	 0.1312 	 0.2726
26 	 84.7 	 76.2 	 0.1000 	 1.1233 	 0.6181 	 1.0310 	 0.6541 	 0.4583 	 0.2700 	 0.1420 	 0.2766
27 	 84.9 	 76.2 	 0.1000 	 1.1270 	 0.6167 	 1.0676 	 0.6480 	 0.4529 	 0.2733 	 0.1398 	 0.2765
28 	 84.0 	 75.6 	 0.1000 	 1.1225 	 0.6168 	 1.0908 	 0.6315 	 0.4307 	 0.2612 	 0.1461 	 0.2853
29 	 84.4 	 75.9 	 0.1000 	 1.1214 	 0.6168 	 1.0759 	 0.6297 	 0.4449 	 0.2803 	 0.1565 	 0.2898
30 	 84.7 	 76.5 	 0.1000 	 1.1188 	 0.6220 	 1.0428 	 0.6388 	 0.4514 	 0.2861 	 0.1652 	 0.2933
31 	 84.2 	 75.8 	 0.1000 	 1.1166 	 0.6211 	 1.0412 	 0.6439 	 0.4576 	 0.2863 	 0.1531 	 0.2869
32 	 84.4 	 75.9 	 0.1000 	 1.1123 	 0.6232 	 1.0571 	 0.6413 	 0.4578 	 0.2832 	 0.1609 	 0.2948
33 	 84.2 	 75.6 	 0.1000 	 1.1149 	 0.6210 	 1.0423 	 0.6460 	 0.4505 	 0.2805 	 0.1442 	 0.2790
34 	 84.5 	 76.1 	 0.1000 	 1.1168 	 0.6226 	 1.0401 	 0.6542 	 0.4610 	 0.2910 	 0.1633 	 0.2910
35 	 84.7 	 76.3 	 0.1000 	 1.1106 	 0.6214 	 1.0386 	 0.6459 	 0.4545 	 0.2886 	 0.1599 	 0.2921
36 	 84.4 	 75.8 	 0.1000 	 1.1083 	 0.6239 	 1.0651 	 0.6433 	 0.4468 	 0.2794 	 0.1483 	 0.2827
37 	 85.0 	 76.6 	 0.1000 	 1.1127 	 0.6230 	 1.0652 	 0.6322 	 0.4523 	 0.2851 	 0.1576 	 0.2921
38 	 84.7 	 75.9 	 0.1000 	 1.1108 	 0.6233 	 1.0395 	 0.6399 	 0.4656 	 0.3029 	 0.1758 	 0.3072
39 	 85.5 	 76.6 	 0.1000 	 1.1048 	 0.6248 	 1.0111 	 0.6641 	 0.4673 	 0.2906 	 0.1601 	 0.2857
40 	 84.7 	 76.0 	 0.1000 	 1.1073 	 0.6235 	 1.0386 	 0.6449 	 0.4588 	 0.2825 	 0.1528 	 0.2866
41 	 84.9 	 75.8 	 0.1000 	 1.1132 	 0.6197 	 1.0221 	 0.6580 	 0.4679 	 0.2936 	 0.1597 	 0.2915
42 	 84.4 	 75.9 	 0.1000 	 1.1030 	 0.6264 	 1.0524 	 0.6390 	 0.4699 	 0.3090 	 0.1719 	 0.3053
43 	 84.9 	 76.3 	 0.1000 	 1.1105 	 0.6235 	 1.0345 	 0.6454 	 0.4670 	 0.3019 	 0.1685 	 0.3000
44 	 84.2 	 75.7 	 0.1000 	 1.1136 	 0.6225 	 1.0626 	 0.6363 	 0.4416 	 0.2700 	 0.1471 	 0.2820
45 	 84.6 	 75.7 	 0.1000 	 1.1041 	 0.6253 	 1.0421 	 0.6463 	 0.4682 	 0.3099 	 0.1788 	 0.3057
46 	 83.7 	 75.1 	 0.1000 	 1.1024 	 0.6278 	 1.0246 	 0.6598 	 0.4581 	 0.2864 	 0.1555 	 0.2854
47 	 84.8 	 76.3 	 0.1000 	 1.1021 	 0.6266 	 1.0225 	 0.6557 	 0.4652 	 0.2853 	 0.1595 	 0.2905
48 	 84.8 	 76.1 	 0.1000 	 1.0995 	 0.6273 	 1.0398 	 0.6410 	 0.4626 	 0.2911 	 0.1636 	 0.2974
49 	 84.1 	 75.3 	 0.0100 	 1.1033 	 0.6262 	 0.9919 	 0.6580 	 0.4928 	 0.3243 	 0.1851 	 0.3154
50 	 86.6 	 75.9 	 0.0100 	 0.9769 	 0.6820 	 0.9116 	 0.7031 	 0.5196 	 0.3469 	 0.2003 	 0.3147
51 	 84.3 	 75.4 	 0.0100 	 0.9448 	 0.6970 	 0.8937 	 0.7095 	 0.5295 	 0.3557 	 0.2100 	 0.3218
52 	 85.2 	 76.5 	 0.0100 	 0.9277 	 0.7013 	 0.8938 	 0.7060 	 0.5283 	 0.3547 	 0.2151 	 0.3247
53 	 85.5 	 76.4 	 0.0100 	 0.9217 	 0.7054 	 0.8791 	 0.7148 	 0.5376 	 0.3588 	 0.2120 	 0.3247
54 	 86.0 	 77.1 	 0.0100 	 0.9150 	 0.7048 	 0.8766 	 0.7115 	 0.5355 	 0.3608 	 0.2111 	 0.3262
55 	 84.3 	 75.6 	 0.0100 	 0.9073 	 0.7085 	 0.8707 	 0.7157 	 0.5379 	 0.3632 	 0.2193 	 0.3278
56 	 85.5 	 76.4 	 0.0100 	 0.9030 	 0.7118 	 0.8692 	 0.7192 	 0.5432 	 0.3720 	 0.2241 	 0.3302
57 	 84.2 	 75.5 	 0.0100 	 0.9005 	 0.7124 	 0.8670 	 0.7186 	 0.5376 	 0.3584 	 0.2133 	 0.3218
58 	 85.1 	 76.8 	 0.0100 	 0.8956 	 0.7148 	 0.8677 	 0.7196 	 0.5414 	 0.3551 	 0.2085 	 0.3201
59 	 84.6 	 76.2 	 0.0100 	 0.8924 	 0.7171 	 0.8634 	 0.7204 	 0.5438 	 0.3657 	 0.2217 	 0.3288
60 	 85.5 	 76.5 	 0.0100 	 0.8937 	 0.7143 	 0.8608 	 0.7185 	 0.5486 	 0.3779 	 0.2293 	 0.3375
61 	 84.6 	 75.9 	 0.0100 	 0.8862 	 0.7174 	 0.8602 	 0.7197 	 0.5463 	 0.3668 	 0.2209 	 0.3268
62 	 85.4 	 76.5 	 0.0100 	 0.8833 	 0.7185 	 0.8547 	 0.7223 	 0.5459 	 0.3738 	 0.2297 	 0.3343
63 	 84.6 	 75.8 	 0.0100 	 0.8854 	 0.7189 	 0.8677 	 0.7184 	 0.5411 	 0.3700 	 0.2169 	 0.3307
64 	 85.3 	 76.3 	 0.0100 	 0.8802 	 0.7201 	 0.8595 	 0.7146 	 0.5549 	 0.3815 	 0.2428 	 0.3487
65 	 84.4 	 75.8 	 0.0100 	 0.8802 	 0.7207 	 0.8644 	 0.7160 	 0.5399 	 0.3651 	 0.2218 	 0.3313
66 	 84.6 	 75.9 	 0.0100 	 0.8795 	 0.7197 	 0.8552 	 0.7241 	 0.5484 	 0.3699 	 0.2278 	 0.3305
67 	 85.1 	 76.2 	 0.0100 	 0.8772 	 0.7196 	 0.8632 	 0.7149 	 0.5477 	 0.3821 	 0.2420 	 0.3470
68 	 85.0 	 76.7 	 0.0100 	 0.8802 	 0.7209 	 0.8537 	 0.7246 	 0.5508 	 0.3748 	 0.2278 	 0.3342
69 	 84.7 	 75.8 	 0.0100 	 0.8732 	 0.7234 	 0.8573 	 0.7183 	 0.5511 	 0.3813 	 0.2328 	 0.3417
70 	 84.8 	 76.6 	 0.0100 	 0.8744 	 0.7230 	 0.8437 	 0.7266 	 0.5539 	 0.3808 	 0.2340 	 0.3373
71 	 85.3 	 76.6 	 0.0100 	 0.8720 	 0.7225 	 0.8518 	 0.7206 	 0.5514 	 0.3766 	 0.2356 	 0.3410
72 	 84.6 	 76.0 	 0.0100 	 0.8717 	 0.7229 	 0.8572 	 0.7153 	 0.5466 	 0.3704 	 0.2307 	 0.3372
73 	 85.1 	 76.3 	 0.0100 	 0.8716 	 0.7227 	 0.8455 	 0.7263 	 0.5556 	 0.3832 	 0.2391 	 0.3416
74 	 84.8 	 76.2 	 0.0010 	 0.8683 	 0.7228 	 0.8646 	 0.7181 	 0.5387 	 0.3712 	 0.2274 	 0.3345
75 	 85.4 	 76.5 	 0.0010 	 0.8363 	 0.7415 	 0.8218 	 0.7387 	 0.5659 	 0.3847 	 0.2378 	 0.3396
76 	 85.2 	 76.5 	 0.0010 	 0.8219 	 0.7477 	 0.8219 	 0.7377 	 0.5618 	 0.3883 	 0.2429 	 0.3419
77 	 85.4 	 76.4 	 0.0010 	 0.8196 	 0.7489 	 0.8162 	 0.7397 	 0.5678 	 0.3942 	 0.2477 	 0.3461
78 	 85.7 	 77.0 	 0.0010 	 0.8161 	 0.7485 	 0.8150 	 0.7397 	 0.5695 	 0.3913 	 0.2441 	 0.3435
79 	 84.7 	 76.3 	 0.0010 	 0.8159 	 0.7474 	 0.8158 	 0.7416 	 0.5686 	 0.3915 	 0.2438 	 0.3432
80 	 85.3 	 76.7 	 0.0010 	 0.8147 	 0.7489 	 0.8146 	 0.7404 	 0.5685 	 0.3883 	 0.2454 	 0.3423
81 	 85.0 	 76.5 	 0.0010 	 0.8137 	 0.7507 	 0.8149 	 0.7401 	 0.5649 	 0.3892 	 0.2451 	 0.3418
82 	 85.1 	 76.8 	 0.0010 	 0.8124 	 0.7505 	 0.8148 	 0.7385 	 0.5678 	 0.3978 	 0.2518 	 0.3486
83 	 85.3 	 76.7 	 0.0010 	 0.8114 	 0.7508 	 0.8127 	 0.7425 	 0.5705 	 0.3952 	 0.2496 	 0.3454
84 	 85.2 	 76.3 	 0.0010 	 0.8085 	 0.7528 	 0.8133 	 0.7384 	 0.5682 	 0.3925 	 0.2496 	 0.3466
85 	 84.9 	 76.4 	 0.0010 	 0.8081 	 0.7519 	 0.8100 	 0.7418 	 0.5743 	 0.3974 	 0.2503 	 0.3470
86 	 84.3 	 75.7 	 0.0010 	 0.8055 	 0.7549 	 0.8114 	 0.7417 	 0.5731 	 0.3966 	 0.2532 	 0.3497
87 	 85.1 	 76.4 	 0.0010 	 0.8065 	 0.7525 	 0.8112 	 0.7414 	 0.5713 	 0.3927 	 0.2465 	 0.3448
88 	 84.7 	 75.9 	 0.0010 	 0.8036 	 0.7545 	 0.8104 	 0.7406 	 0.5715 	 0.3958 	 0.2493 	 0.3465
89 	 85.4 	 77.0 	 0.0010 	 0.8042 	 0.7541 	 0.8117 	 0.7406 	 0.5715 	 0.3963 	 0.2522 	 0.3467
90 	 84.5 	 75.9 	 0.0010 	 0.8050 	 0.7535 	 0.8093 	 0.7420 	 0.5710 	 0.3966 	 0.2539 	 0.3478
91 	 85.2 	 76.5 	 0.0010 	 0.8034 	 0.7548 	 0.8085 	 0.7406 	 0.5718 	 0.3980 	 0.2563 	 0.3495
92 	 85.3 	 76.8 	 0.0010 	 0.8019 	 0.7547 	 0.8055 	 0.7437 	 0.5777 	 0.4000 	 0.2544 	 0.3494
93 	 84.9 	 76.4 	 0.0010 	 0.7992 	 0.7562 	 0.8086 	 0.7432 	 0.5714 	 0.3960 	 0.2500 	 0.3454
94 	 84.7 	 76.2 	 0.0010 	 0.7986 	 0.7568 	 0.8072 	 0.7411 	 0.5749 	 0.3956 	 0.2519 	 0.3482
95 	 85.2 	 76.6 	 0.0010 	 0.7998 	 0.7566 	 0.8051 	 0.7424 	 0.5766 	 0.4046 	 0.2609 	 0.3535
96 	 85.4 	 77.0 	 0.0010 	 0.7986 	 0.7570 	 0.8063 	 0.7416 	 0.5721 	 0.3959 	 0.2515 	 0.3477
97 	 84.4 	 75.8 	 0.0010 	 0.7998 	 0.7561 	 0.8055 	 0.7404 	 0.5733 	 0.3975 	 0.2520 	 0.3484
98 	 85.4 	 76.7 	 0.0010 	 0.7975 	 0.7565 	 0.8066 	 0.7399 	 0.5764 	 0.4007 	 0.2578 	 0.3512
99 	 85.1 	 76.7 	 0.0010 	 0.7962 	 0.7565 	 0.8048 	 0.7433 	 0.5761 	 0.3992 	 0.2552 	 0.3487
Total train time: 141.4701 minutes
Best Epoch 	 Test Loss 	 Test Acc 	 Test Robust (36) 	 Test Robust (72) 	 Test Robust (108) 	 Mean Cert 	 Test Time
92 	 0.8055 	 0.7437 	 0.5777 	 0.4000 	 0.2544 	 0.3494 	 9.1384
Last Epoch 	 Test Loss 	 Test Acc 	 Test Robust (36) 	 Test Robust (72) 	 Test Robust (108) 	 Mean Cert 	 Test Time
99 	 0.8048 	 0.7433 	 0.5761 	 0.3992 	 0.2552 	 0.3487 	 8.9195
