Namespace(batch_size=128, epochs=100, lr_min=0.0, lr_max=0.1, weight_decay=0.0005, momentum=0.9, gamma=0.0, opt_level='O0', loss_scale='1.0', conv_layer='soc', init_channels=32, activation='maxmin', block_size=1, lln=False, data_dir='./cifar-data', dataset='cifar10', epsilon=36, out_dir='LipConvnet_cifar10_1_soc_32_maxmin_cr0.0', seed=0)
Epoch 	 Seconds 	 LR 	 Train Loss 	 Train Acc 	 Test Loss 	 Test Acc 	 Test Robust (36) 	 Test Robust (72) 	 Test Robust (108) 	 Test Cert
0 	 86.4 	 77.8 	 0.1000 	 1.8040 	 0.3535 	 1.4585 	 0.4843 	 0.2488 	 0.0989 	 0.0323 	 0.1766
1 	 86.4 	 78.2 	 0.1000 	 1.5156 	 0.4589 	 1.3603 	 0.5160 	 0.2942 	 0.1437 	 0.0583 	 0.2087
2 	 87.5 	 78.2 	 0.1000 	 1.4287 	 0.4941 	 1.3044 	 0.5382 	 0.3356 	 0.1743 	 0.0692 	 0.2254
3 	 85.6 	 77.5 	 0.1000 	 1.3868 	 0.5097 	 1.2597 	 0.5624 	 0.3622 	 0.1939 	 0.0858 	 0.2385
4 	 88.8 	 80.0 	 0.1000 	 1.3425 	 0.5296 	 1.2453 	 0.5721 	 0.3365 	 0.1772 	 0.0835 	 0.2246
5 	 92.1 	 83.5 	 0.1000 	 1.3145 	 0.5376 	 1.2407 	 0.5705 	 0.3586 	 0.1862 	 0.0744 	 0.2275
6 	 89.5 	 80.5 	 0.1000 	 1.2901 	 0.5529 	 1.2098 	 0.5765 	 0.3747 	 0.2103 	 0.1014 	 0.2476
7 	 89.0 	 80.1 	 0.1000 	 1.2699 	 0.5614 	 1.1526 	 0.6068 	 0.3993 	 0.2313 	 0.1093 	 0.2527
8 	 90.6 	 81.8 	 0.1000 	 1.2529 	 0.5660 	 1.1744 	 0.5951 	 0.3806 	 0.2051 	 0.0923 	 0.2381
9 	 91.9 	 83.0 	 0.1000 	 1.2425 	 0.5711 	 1.1530 	 0.6026 	 0.3940 	 0.2247 	 0.1060 	 0.2489
10 	 91.7 	 82.8 	 0.1000 	 1.2268 	 0.5780 	 1.1807 	 0.5921 	 0.3976 	 0.2255 	 0.1085 	 0.2548
11 	 92.0 	 83.1 	 0.1000 	 1.2219 	 0.5794 	 1.1271 	 0.6174 	 0.4130 	 0.2412 	 0.1203 	 0.2631
12 	 93.2 	 84.5 	 0.1000 	 1.2119 	 0.5848 	 1.1414 	 0.6144 	 0.4059 	 0.2312 	 0.1109 	 0.2546
13 	 93.5 	 84.0 	 0.1000 	 1.2093 	 0.5849 	 1.1176 	 0.6157 	 0.4285 	 0.2581 	 0.1350 	 0.2777
14 	 91.1 	 82.4 	 0.1000 	 1.2040 	 0.5873 	 1.1445 	 0.6083 	 0.4074 	 0.2381 	 0.1199 	 0.2638
15 	 91.1 	 82.3 	 0.1000 	 1.1957 	 0.5921 	 1.1606 	 0.5920 	 0.4081 	 0.2466 	 0.1371 	 0.2766
16 	 90.2 	 81.4 	 0.1000 	 1.1931 	 0.5960 	 1.1585 	 0.6093 	 0.4295 	 0.2641 	 0.1447 	 0.2814
17 	 90.1 	 81.3 	 0.1000 	 1.1915 	 0.5929 	 1.0937 	 0.6299 	 0.4282 	 0.2498 	 0.1213 	 0.2619
18 	 90.6 	 82.1 	 0.1000 	 1.1834 	 0.5967 	 1.2198 	 0.5748 	 0.4141 	 0.2600 	 0.1422 	 0.2935
19 	 90.7 	 82.0 	 0.1000 	 1.1801 	 0.5992 	 1.0758 	 0.6385 	 0.4386 	 0.2638 	 0.1336 	 0.2704
20 	 90.6 	 81.9 	 0.1000 	 1.1678 	 0.6042 	 1.0736 	 0.6310 	 0.4450 	 0.2757 	 0.1457 	 0.2834
21 	 90.5 	 82.1 	 0.1000 	 1.1729 	 0.6009 	 1.1171 	 0.6146 	 0.4372 	 0.2701 	 0.1416 	 0.2829
22 	 89.9 	 81.3 	 0.1000 	 1.1718 	 0.6037 	 1.1060 	 0.6192 	 0.4262 	 0.2508 	 0.1246 	 0.2664
23 	 90.4 	 81.9 	 0.1000 	 1.1614 	 0.6064 	 1.0873 	 0.6365 	 0.4253 	 0.2489 	 0.1250 	 0.2613
24 	 90.4 	 81.6 	 0.1000 	 1.1650 	 0.6028 	 1.1063 	 0.6308 	 0.4168 	 0.2410 	 0.1265 	 0.2621
25 	 90.2 	 81.5 	 0.1000 	 1.1586 	 0.6060 	 1.1078 	 0.6271 	 0.4154 	 0.2438 	 0.1177 	 0.2579
26 	 90.3 	 81.7 	 0.1000 	 1.1557 	 0.6095 	 1.0837 	 0.6329 	 0.4313 	 0.2485 	 0.1212 	 0.2617
27 	 90.4 	 81.7 	 0.1000 	 1.1634 	 0.6047 	 1.0881 	 0.6394 	 0.4309 	 0.2511 	 0.1184 	 0.2600
28 	 89.6 	 80.9 	 0.1000 	 1.1551 	 0.6061 	 1.1351 	 0.6151 	 0.4122 	 0.2491 	 0.1381 	 0.2765
29 	 94.6 	 85.5 	 0.1000 	 1.1536 	 0.6102 	 1.1364 	 0.6120 	 0.4169 	 0.2571 	 0.1378 	 0.2791
30 	 92.6 	 83.8 	 0.1000 	 1.1530 	 0.6100 	 1.0722 	 0.6308 	 0.4446 	 0.2781 	 0.1543 	 0.2863
31 	 94.7 	 85.4 	 0.1000 	 1.1479 	 0.6121 	 1.0866 	 0.6333 	 0.4325 	 0.2609 	 0.1335 	 0.2698
32 	 93.5 	 84.6 	 0.1000 	 1.1468 	 0.6118 	 1.0932 	 0.6333 	 0.4376 	 0.2675 	 0.1464 	 0.2836
33 	 99.4 	 90.7 	 0.1000 	 1.1476 	 0.6089 	 1.0890 	 0.6308 	 0.4366 	 0.2621 	 0.1319 	 0.2690
34 	 111.4 	 100.4 	 0.1000 	 1.1525 	 0.6107 	 1.0774 	 0.6325 	 0.4492 	 0.2860 	 0.1519 	 0.2900
35 	 113.4 	 102.5 	 0.1000 	 1.1444 	 0.6134 	 1.0853 	 0.6283 	 0.4414 	 0.2697 	 0.1493 	 0.2849
36 	 115.4 	 104.0 	 0.1000 	 1.1415 	 0.6141 	 1.0643 	 0.6486 	 0.4444 	 0.2680 	 0.1404 	 0.2742
37 	 115.2 	 104.3 	 0.1000 	 1.1451 	 0.6148 	 1.1021 	 0.6174 	 0.4284 	 0.2624 	 0.1408 	 0.2809
38 	 118.9 	 107.0 	 0.1000 	 1.1419 	 0.6127 	 1.0630 	 0.6367 	 0.4557 	 0.2900 	 0.1677 	 0.2967
39 	 116.6 	 106.1 	 0.1000 	 1.1390 	 0.6126 	 1.0536 	 0.6417 	 0.4508 	 0.2735 	 0.1447 	 0.2810
40 	 108.0 	 96.7 	 0.1000 	 1.1384 	 0.6147 	 1.0420 	 0.6490 	 0.4547 	 0.2733 	 0.1502 	 0.2816
41 	 112.5 	 101.2 	 0.1000 	 1.1421 	 0.6114 	 1.0552 	 0.6481 	 0.4490 	 0.2728 	 0.1479 	 0.2798
42 	 112.8 	 101.9 	 0.1000 	 1.1391 	 0.6149 	 1.0937 	 0.6296 	 0.4521 	 0.2897 	 0.1506 	 0.2899
43 	 117.1 	 103.9 	 0.1000 	 1.1408 	 0.6138 	 1.0657 	 0.6373 	 0.4557 	 0.2944 	 0.1673 	 0.2991
44 	 111.7 	 100.9 	 0.1000 	 1.1466 	 0.6129 	 1.0901 	 0.6231 	 0.4264 	 0.2544 	 0.1334 	 0.2727
45 	 102.3 	 93.0 	 0.1000 	 1.1379 	 0.6140 	 1.0870 	 0.6275 	 0.4522 	 0.2831 	 0.1551 	 0.2910
46 	 95.4 	 86.3 	 0.1000 	 1.1385 	 0.6170 	 1.0500 	 0.6464 	 0.4542 	 0.2783 	 0.1532 	 0.2832
47 	 94.4 	 85.5 	 0.1000 	 1.1387 	 0.6153 	 1.0631 	 0.6346 	 0.4408 	 0.2701 	 0.1413 	 0.2784
48 	 92.8 	 84.0 	 0.1000 	 1.1328 	 0.6196 	 1.0605 	 0.6367 	 0.4500 	 0.2837 	 0.1603 	 0.2937
49 	 92.3 	 83.3 	 0.0100 	 1.1352 	 0.6153 	 1.0471 	 0.6428 	 0.4586 	 0.2873 	 0.1539 	 0.2910
50 	 92.0 	 83.0 	 0.0100 	 1.0173 	 0.6680 	 0.9458 	 0.6953 	 0.5011 	 0.3155 	 0.1784 	 0.2961
51 	 92.9 	 84.1 	 0.0100 	 0.9861 	 0.6828 	 0.9320 	 0.6972 	 0.5146 	 0.3291 	 0.1904 	 0.3073
52 	 91.9 	 83.0 	 0.0100 	 0.9719 	 0.6896 	 0.9304 	 0.6974 	 0.5099 	 0.3322 	 0.1935 	 0.3088
53 	 92.1 	 83.1 	 0.0100 	 0.9646 	 0.6939 	 0.9187 	 0.7035 	 0.5160 	 0.3331 	 0.1939 	 0.3097
54 	 91.3 	 82.3 	 0.0100 	 0.9585 	 0.6934 	 0.9156 	 0.7005 	 0.5203 	 0.3322 	 0.1925 	 0.3100
55 	 91.8 	 83.1 	 0.0100 	 0.9532 	 0.6946 	 0.9142 	 0.7037 	 0.5188 	 0.3382 	 0.1980 	 0.3126
56 	 91.8 	 82.9 	 0.0100 	 0.9480 	 0.6989 	 0.9089 	 0.7101 	 0.5263 	 0.3437 	 0.1978 	 0.3102
57 	 91.6 	 82.8 	 0.0100 	 0.9458 	 0.6972 	 0.9067 	 0.7065 	 0.5235 	 0.3327 	 0.1884 	 0.3060
58 	 91.8 	 83.2 	 0.0100 	 0.9426 	 0.7009 	 0.9083 	 0.7096 	 0.5188 	 0.3269 	 0.1899 	 0.3037
59 	 91.7 	 83.1 	 0.0100 	 0.9398 	 0.7032 	 0.9043 	 0.7099 	 0.5242 	 0.3402 	 0.1990 	 0.3106
60 	 92.8 	 84.0 	 0.0100 	 0.9395 	 0.6997 	 0.9031 	 0.7086 	 0.5283 	 0.3469 	 0.2096 	 0.3192
61 	 92.1 	 83.3 	 0.0100 	 0.9336 	 0.7032 	 0.8971 	 0.7114 	 0.5267 	 0.3430 	 0.2004 	 0.3105
62 	 91.9 	 83.1 	 0.0100 	 0.9320 	 0.7027 	 0.8974 	 0.7075 	 0.5280 	 0.3457 	 0.2049 	 0.3166
63 	 91.4 	 82.6 	 0.0100 	 0.9328 	 0.7031 	 0.9012 	 0.7082 	 0.5243 	 0.3415 	 0.1940 	 0.3116
64 	 91.7 	 82.6 	 0.0100 	 0.9283 	 0.7054 	 0.8988 	 0.7053 	 0.5318 	 0.3574 	 0.2150 	 0.3288
65 	 91.2 	 82.3 	 0.0100 	 0.9284 	 0.7050 	 0.9038 	 0.7038 	 0.5245 	 0.3424 	 0.2022 	 0.3160
66 	 91.2 	 82.7 	 0.0100 	 0.9280 	 0.7064 	 0.8961 	 0.7128 	 0.5286 	 0.3436 	 0.2013 	 0.3132
67 	 91.3 	 82.6 	 0.0100 	 0.9276 	 0.7048 	 0.9056 	 0.7053 	 0.5288 	 0.3583 	 0.2185 	 0.3279
68 	 91.2 	 82.4 	 0.0100 	 0.9300 	 0.7049 	 0.8946 	 0.7112 	 0.5297 	 0.3520 	 0.2079 	 0.3186
69 	 91.5 	 82.5 	 0.0100 	 0.9224 	 0.7073 	 0.8962 	 0.7118 	 0.5331 	 0.3626 	 0.2160 	 0.3238
70 	 91.5 	 82.8 	 0.0100 	 0.9242 	 0.7062 	 0.8903 	 0.7137 	 0.5299 	 0.3536 	 0.2094 	 0.3176
71 	 91.3 	 82.4 	 0.0100 	 0.9212 	 0.7070 	 0.8963 	 0.7076 	 0.5287 	 0.3457 	 0.2072 	 0.3197
72 	 91.6 	 82.7 	 0.0100 	 0.9227 	 0.7055 	 0.8966 	 0.7112 	 0.5269 	 0.3471 	 0.2058 	 0.3183
73 	 91.3 	 82.4 	 0.0100 	 0.9218 	 0.7068 	 0.8826 	 0.7185 	 0.5354 	 0.3598 	 0.2166 	 0.3235
74 	 91.2 	 82.6 	 0.0010 	 0.9182 	 0.7068 	 0.9023 	 0.7084 	 0.5244 	 0.3416 	 0.2042 	 0.3152
75 	 91.6 	 82.6 	 0.0010 	 0.8863 	 0.7256 	 0.8635 	 0.7265 	 0.5451 	 0.3570 	 0.2116 	 0.3193
76 	 91.2 	 82.3 	 0.0010 	 0.8752 	 0.7317 	 0.8635 	 0.7256 	 0.5449 	 0.3592 	 0.2159 	 0.3217
77 	 91.6 	 82.8 	 0.0010 	 0.8729 	 0.7310 	 0.8586 	 0.7265 	 0.5471 	 0.3639 	 0.2203 	 0.3253
78 	 88.3 	 80.1 	 0.0010 	 0.8712 	 0.7305 	 0.8574 	 0.7274 	 0.5456 	 0.3606 	 0.2183 	 0.3226
79 	 87.9 	 79.4 	 0.0010 	 0.8687 	 0.7322 	 0.8580 	 0.7270 	 0.5497 	 0.3659 	 0.2186 	 0.3248
80 	 88.3 	 79.9 	 0.0010 	 0.8686 	 0.7336 	 0.8563 	 0.7270 	 0.5483 	 0.3646 	 0.2179 	 0.3233
81 	 88.6 	 80.4 	 0.0010 	 0.8683 	 0.7334 	 0.8552 	 0.7286 	 0.5452 	 0.3599 	 0.2173 	 0.3218
82 	 88.5 	 80.0 	 0.0010 	 0.8645 	 0.7339 	 0.8577 	 0.7257 	 0.5483 	 0.3693 	 0.2269 	 0.3295
83 	 89.1 	 80.8 	 0.0010 	 0.8649 	 0.7351 	 0.8550 	 0.7293 	 0.5470 	 0.3674 	 0.2231 	 0.3263
84 	 89.2 	 80.7 	 0.0010 	 0.8614 	 0.7347 	 0.8545 	 0.7292 	 0.5453 	 0.3644 	 0.2232 	 0.3257
85 	 89.8 	 81.0 	 0.0010 	 0.8627 	 0.7346 	 0.8530 	 0.7279 	 0.5529 	 0.3668 	 0.2236 	 0.3276
86 	 89.9 	 81.5 	 0.0010 	 0.8605 	 0.7376 	 0.8525 	 0.7308 	 0.5504 	 0.3683 	 0.2242 	 0.3276
87 	 89.9 	 81.5 	 0.0010 	 0.8606 	 0.7363 	 0.8513 	 0.7315 	 0.5511 	 0.3681 	 0.2211 	 0.3250
88 	 89.9 	 81.4 	 0.0010 	 0.8593 	 0.7374 	 0.8515 	 0.7292 	 0.5521 	 0.3668 	 0.2228 	 0.3261
89 	 89.9 	 81.3 	 0.0010 	 0.8603 	 0.7353 	 0.8527 	 0.7283 	 0.5493 	 0.3688 	 0.2238 	 0.3276
90 	 90.7 	 82.0 	 0.0010 	 0.8585 	 0.7366 	 0.8512 	 0.7316 	 0.5502 	 0.3700 	 0.2247 	 0.3279
91 	 90.6 	 81.6 	 0.0010 	 0.8581 	 0.7403 	 0.8490 	 0.7303 	 0.5513 	 0.3718 	 0.2282 	 0.3297
92 	 91.0 	 82.2 	 0.0010 	 0.8548 	 0.7378 	 0.8480 	 0.7304 	 0.5537 	 0.3734 	 0.2286 	 0.3303
93 	 90.7 	 81.8 	 0.0010 	 0.8539 	 0.7390 	 0.8494 	 0.7332 	 0.5510 	 0.3674 	 0.2219 	 0.3245
94 	 91.0 	 82.4 	 0.0010 	 0.8550 	 0.7391 	 0.8480 	 0.7333 	 0.5509 	 0.3699 	 0.2248 	 0.3265
95 	 91.1 	 82.6 	 0.0010 	 0.8537 	 0.7397 	 0.8473 	 0.7325 	 0.5526 	 0.3732 	 0.2299 	 0.3309
96 	 91.2 	 82.7 	 0.0010 	 0.8536 	 0.7397 	 0.8467 	 0.7337 	 0.5508 	 0.3682 	 0.2229 	 0.3263
97 	 91.1 	 82.6 	 0.0010 	 0.8541 	 0.7372 	 0.8473 	 0.7327 	 0.5533 	 0.3690 	 0.2233 	 0.3260
98 	 91.6 	 82.4 	 0.0010 	 0.8517 	 0.7391 	 0.8484 	 0.7287 	 0.5542 	 0.3720 	 0.2283 	 0.3308
99 	 91.0 	 82.3 	 0.0010 	 0.8509 	 0.7396 	 0.8458 	 0.7324 	 0.5549 	 0.3724 	 0.2246 	 0.3286
Total train time: 157.0114 minutes
Best Epoch 	 Test Loss 	 Test Acc 	 Test Robust (36) 	 Test Robust (72) 	 Test Robust (108) 	 Mean Cert 	 Test Time
99 	 0.8458 	 0.7324 	 0.5549 	 0.3724 	 0.2246 	 0.3286 	 9.0167
Last Epoch 	 Test Loss 	 Test Acc 	 Test Robust (36) 	 Test Robust (72) 	 Test Robust (108) 	 Mean Cert 	 Test Time
99 	 0.8458 	 0.7324 	 0.5549 	 0.3724 	 0.2246 	 0.3286 	 8.9413
