Namespace(batch_size=128, epochs=100, lr_min=0.0, lr_max=0.1, weight_decay=0.0005, momentum=0.9, gamma=0.0, opt_level='O0', loss_scale='1.0', conv_layer='soc', init_channels=32, activation='maxmin', block_size=1, lln=False, data_dir='./cifar-data', dataset='cifar10', epsilon=36, out_dir='LipConvnet_cifar10_1_soc_32_maxmin_cr0.0', seed=0)
Epoch 	 Seconds 	 LR 	 Train Loss 	 Train Acc 	 Test Loss 	 Test Acc 	 Test Robust (36) 	 Test Robust (72) 	 Test Robust (108) 	 Test Cert
0 	 81.1 	 71.4 	 0.1000 	 1.8113 	 0.3526 	 1.4750 	 0.4747 	 0.2436 	 0.0994 	 0.0298 	 0.1776
1 	 81.7 	 72.1 	 0.1000 	 1.5119 	 0.4581 	 1.3529 	 0.5236 	 0.2948 	 0.1383 	 0.0541 	 0.2025
2 	 80.4 	 70.7 	 0.1000 	 1.4198 	 0.4949 	 1.3215 	 0.5312 	 0.3378 	 0.1790 	 0.0715 	 0.2299
3 	 81.1 	 71.6 	 0.1000 	 1.3750 	 0.5121 	 1.2503 	 0.5616 	 0.3529 	 0.1929 	 0.0823 	 0.2352
4 	 78.9 	 69.6 	 0.1000 	 1.3247 	 0.5349 	 1.2515 	 0.5634 	 0.3385 	 0.1769 	 0.0875 	 0.2303
5 	 80.2 	 70.6 	 0.1000 	 1.2944 	 0.5448 	 1.2223 	 0.5741 	 0.3616 	 0.1950 	 0.0848 	 0.2330
6 	 81.5 	 71.6 	 0.1000 	 1.2658 	 0.5603 	 1.2121 	 0.5713 	 0.3843 	 0.2272 	 0.1111 	 0.2605
7 	 81.8 	 72.0 	 0.1000 	 1.2465 	 0.5659 	 1.1247 	 0.6096 	 0.4124 	 0.2410 	 0.1204 	 0.2620
8 	 82.1 	 72.4 	 0.1000 	 1.2277 	 0.5732 	 1.1842 	 0.5863 	 0.3803 	 0.2004 	 0.0894 	 0.2370
9 	 82.5 	 72.5 	 0.1000 	 1.2151 	 0.5806 	 1.1210 	 0.6202 	 0.4157 	 0.2350 	 0.1154 	 0.2555
10 	 82.6 	 72.9 	 0.1000 	 1.2077 	 0.5804 	 1.1391 	 0.6090 	 0.4049 	 0.2331 	 0.1150 	 0.2574
11 	 82.9 	 73.1 	 0.1000 	 1.1910 	 0.5881 	 1.0891 	 0.6322 	 0.4250 	 0.2505 	 0.1235 	 0.2628
12 	 83.1 	 73.3 	 0.1000 	 1.1838 	 0.5910 	 1.1046 	 0.6269 	 0.4268 	 0.2479 	 0.1250 	 0.2637
13 	 83.4 	 73.4 	 0.1000 	 1.1873 	 0.5916 	 1.0962 	 0.6282 	 0.4330 	 0.2681 	 0.1442 	 0.2812
14 	 83.5 	 73.9 	 0.1000 	 1.1785 	 0.5944 	 1.1016 	 0.6210 	 0.4268 	 0.2542 	 0.1302 	 0.2710
15 	 83.7 	 73.7 	 0.1000 	 1.1696 	 0.6000 	 1.1364 	 0.6065 	 0.4147 	 0.2578 	 0.1341 	 0.2742
16 	 83.4 	 73.3 	 0.1000 	 1.1696 	 0.6006 	 1.1273 	 0.6141 	 0.4432 	 0.2807 	 0.1460 	 0.2913
17 	 83.6 	 73.7 	 0.1000 	 1.1645 	 0.6030 	 1.0736 	 0.6346 	 0.4428 	 0.2618 	 0.1286 	 0.2696
18 	 82.9 	 73.2 	 0.1000 	 1.1617 	 0.6015 	 1.2193 	 0.5728 	 0.4151 	 0.2705 	 0.1566 	 0.3058
19 	 83.7 	 73.8 	 0.1000 	 1.1554 	 0.6062 	 1.0441 	 0.6526 	 0.4513 	 0.2724 	 0.1404 	 0.2744
20 	 84.2 	 74.1 	 0.1000 	 1.1445 	 0.6076 	 1.0527 	 0.6432 	 0.4590 	 0.2881 	 0.1538 	 0.2877
21 	 83.6 	 73.7 	 0.1000 	 1.1479 	 0.6076 	 1.1117 	 0.6185 	 0.4392 	 0.2719 	 0.1427 	 0.2813
22 	 83.3 	 73.5 	 0.1000 	 1.1497 	 0.6090 	 1.0777 	 0.6350 	 0.4389 	 0.2646 	 0.1372 	 0.2715
23 	 83.7 	 73.7 	 0.1000 	 1.1387 	 0.6114 	 1.0662 	 0.6402 	 0.4360 	 0.2560 	 0.1270 	 0.2665
24 	 83.2 	 73.5 	 0.1000 	 1.1393 	 0.6092 	 1.0951 	 0.6271 	 0.4198 	 0.2471 	 0.1305 	 0.2669
25 	 84.1 	 74.4 	 0.1000 	 1.1372 	 0.6132 	 1.0731 	 0.6394 	 0.4339 	 0.2571 	 0.1279 	 0.2661
26 	 83.8 	 73.9 	 0.1000 	 1.1304 	 0.6154 	 1.0547 	 0.6483 	 0.4447 	 0.2627 	 0.1274 	 0.2670
27 	 84.0 	 74.0 	 0.1000 	 1.1320 	 0.6140 	 1.0739 	 0.6446 	 0.4461 	 0.2623 	 0.1320 	 0.2706
28 	 83.8 	 73.9 	 0.1000 	 1.1273 	 0.6142 	 1.0753 	 0.6383 	 0.4375 	 0.2646 	 0.1419 	 0.2799
29 	 84.0 	 74.2 	 0.1000 	 1.1264 	 0.6171 	 1.0925 	 0.6243 	 0.4349 	 0.2677 	 0.1534 	 0.2873
30 	 84.0 	 74.0 	 0.1000 	 1.1275 	 0.6172 	 1.0348 	 0.6433 	 0.4498 	 0.2795 	 0.1512 	 0.2835
31 	 83.7 	 73.8 	 0.1000 	 1.1266 	 0.6177 	 1.0519 	 0.6499 	 0.4566 	 0.2819 	 0.1476 	 0.2798
32 	 84.3 	 74.4 	 0.1000 	 1.1206 	 0.6199 	 1.0689 	 0.6355 	 0.4444 	 0.2752 	 0.1471 	 0.2843
33 	 83.9 	 74.0 	 0.1000 	 1.1227 	 0.6170 	 1.0766 	 0.6284 	 0.4452 	 0.2751 	 0.1402 	 0.2805
34 	 84.1 	 74.2 	 0.1000 	 1.1251 	 0.6187 	 1.0608 	 0.6445 	 0.4584 	 0.2868 	 0.1554 	 0.2897
35 	 83.3 	 73.3 	 0.1000 	 1.1187 	 0.6193 	 1.0545 	 0.6381 	 0.4482 	 0.2794 	 0.1537 	 0.2887
36 	 84.4 	 74.6 	 0.1000 	 1.1150 	 0.6200 	 1.0677 	 0.6430 	 0.4413 	 0.2601 	 0.1303 	 0.2677
37 	 83.7 	 73.9 	 0.1000 	 1.1210 	 0.6190 	 1.0741 	 0.6283 	 0.4431 	 0.2773 	 0.1557 	 0.2909
38 	 84.4 	 74.3 	 0.1000 	 1.1176 	 0.6184 	 1.0255 	 0.6477 	 0.4695 	 0.3034 	 0.1772 	 0.3054
39 	 84.2 	 74.3 	 0.1000 	 1.1133 	 0.6204 	 1.0254 	 0.6506 	 0.4599 	 0.2852 	 0.1545 	 0.2863
40 	 84.0 	 74.1 	 0.1000 	 1.1127 	 0.6210 	 1.0152 	 0.6578 	 0.4659 	 0.2888 	 0.1583 	 0.2870
41 	 83.6 	 73.7 	 0.1000 	 1.1191 	 0.6197 	 1.0326 	 0.6492 	 0.4599 	 0.2876 	 0.1601 	 0.2907
42 	 84.1 	 74.1 	 0.1000 	 1.1121 	 0.6215 	 1.0575 	 0.6391 	 0.4698 	 0.3027 	 0.1661 	 0.3013
43 	 84.3 	 74.4 	 0.1000 	 1.1151 	 0.6224 	 1.0429 	 0.6467 	 0.4580 	 0.2952 	 0.1721 	 0.2996
44 	 83.9 	 74.0 	 0.1000 	 1.1187 	 0.6191 	 1.0733 	 0.6328 	 0.4311 	 0.2647 	 0.1460 	 0.2786
45 	 83.6 	 73.8 	 0.1000 	 1.1096 	 0.6230 	 1.0413 	 0.6453 	 0.4656 	 0.2952 	 0.1691 	 0.2959
46 	 84.1 	 74.3 	 0.1000 	 1.1088 	 0.6236 	 1.0292 	 0.6554 	 0.4627 	 0.2833 	 0.1482 	 0.2817
47 	 84.1 	 74.2 	 0.1000 	 1.1073 	 0.6253 	 1.0078 	 0.6630 	 0.4632 	 0.2853 	 0.1520 	 0.2818
48 	 83.7 	 73.8 	 0.1000 	 1.1040 	 0.6267 	 1.0409 	 0.6392 	 0.4638 	 0.2999 	 0.1720 	 0.3046
49 	 84.1 	 73.9 	 0.0100 	 1.1061 	 0.6240 	 1.0160 	 0.6538 	 0.4817 	 0.3158 	 0.1739 	 0.3056
50 	 81.0 	 71.5 	 0.0100 	 0.9816 	 0.6797 	 0.9141 	 0.7049 	 0.5142 	 0.3341 	 0.1924 	 0.3072
51 	 79.6 	 70.1 	 0.0100 	 0.9473 	 0.6950 	 0.8968 	 0.7076 	 0.5303 	 0.3488 	 0.2073 	 0.3193
52 	 79.6 	 70.2 	 0.0100 	 0.9332 	 0.6981 	 0.8974 	 0.7069 	 0.5243 	 0.3545 	 0.2103 	 0.3204
53 	 79.8 	 70.1 	 0.0100 	 0.9250 	 0.7026 	 0.8822 	 0.7161 	 0.5303 	 0.3518 	 0.2089 	 0.3187
54 	 80.9 	 71.2 	 0.0100 	 0.9194 	 0.7053 	 0.8807 	 0.7141 	 0.5365 	 0.3535 	 0.2052 	 0.3200
55 	 82.7 	 72.5 	 0.0100 	 0.9115 	 0.7060 	 0.8758 	 0.7121 	 0.5356 	 0.3579 	 0.2102 	 0.3243
56 	 90.2 	 80.0 	 0.0100 	 0.9071 	 0.7095 	 0.8720 	 0.7176 	 0.5414 	 0.3607 	 0.2166 	 0.3240
57 	 84.7 	 73.6 	 0.0100 	 0.9055 	 0.7094 	 0.8717 	 0.7158 	 0.5362 	 0.3556 	 0.2079 	 0.3193
58 	 92.0 	 82.0 	 0.0100 	 0.9013 	 0.7128 	 0.8731 	 0.7170 	 0.5353 	 0.3481 	 0.2062 	 0.3159
59 	 84.5 	 74.5 	 0.0100 	 0.8970 	 0.7133 	 0.8657 	 0.7226 	 0.5403 	 0.3640 	 0.2227 	 0.3271
60 	 86.5 	 76.1 	 0.0100 	 0.8981 	 0.7113 	 0.8662 	 0.7202 	 0.5456 	 0.3665 	 0.2225 	 0.3292
61 	 85.6 	 75.5 	 0.0100 	 0.8917 	 0.7155 	 0.8650 	 0.7187 	 0.5411 	 0.3587 	 0.2158 	 0.3223
62 	 85.6 	 75.7 	 0.0100 	 0.8914 	 0.7152 	 0.8559 	 0.7264 	 0.5420 	 0.3633 	 0.2208 	 0.3260
63 	 86.2 	 76.1 	 0.0100 	 0.8893 	 0.7182 	 0.8684 	 0.7171 	 0.5349 	 0.3604 	 0.2109 	 0.3257
64 	 88.3 	 77.8 	 0.0100 	 0.8867 	 0.7172 	 0.8637 	 0.7162 	 0.5484 	 0.3776 	 0.2367 	 0.3432
65 	 87.1 	 77.0 	 0.0100 	 0.8866 	 0.7162 	 0.8684 	 0.7168 	 0.5366 	 0.3592 	 0.2155 	 0.3258
66 	 85.3 	 75.0 	 0.0100 	 0.8856 	 0.7172 	 0.8561 	 0.7253 	 0.5480 	 0.3644 	 0.2197 	 0.3259
67 	 87.4 	 76.9 	 0.0100 	 0.8829 	 0.7175 	 0.8687 	 0.7145 	 0.5503 	 0.3760 	 0.2394 	 0.3442
68 	 87.2 	 76.7 	 0.0100 	 0.8867 	 0.7169 	 0.8588 	 0.7207 	 0.5471 	 0.3704 	 0.2243 	 0.3345
69 	 86.6 	 76.2 	 0.0100 	 0.8801 	 0.7176 	 0.8600 	 0.7199 	 0.5541 	 0.3794 	 0.2381 	 0.3429
70 	 83.9 	 74.3 	 0.0100 	 0.8792 	 0.7201 	 0.8524 	 0.7245 	 0.5501 	 0.3713 	 0.2266 	 0.3313
71 	 86.8 	 76.6 	 0.0100 	 0.8781 	 0.7199 	 0.8571 	 0.7235 	 0.5473 	 0.3704 	 0.2291 	 0.3332
72 	 85.2 	 75.2 	 0.0100 	 0.8767 	 0.7207 	 0.8633 	 0.7158 	 0.5439 	 0.3615 	 0.2198 	 0.3299
73 	 98.0 	 85.7 	 0.0100 	 0.8778 	 0.7195 	 0.8473 	 0.7273 	 0.5547 	 0.3812 	 0.2360 	 0.3405
74 	 97.3 	 87.1 	 0.0010 	 0.8743 	 0.7204 	 0.8653 	 0.7174 	 0.5412 	 0.3635 	 0.2211 	 0.3297
75 	 88.9 	 78.4 	 0.0010 	 0.8388 	 0.7401 	 0.8243 	 0.7393 	 0.5630 	 0.3822 	 0.2310 	 0.3345
76 	 94.4 	 84.2 	 0.0010 	 0.8269 	 0.7470 	 0.8260 	 0.7385 	 0.5600 	 0.3827 	 0.2375 	 0.3365
77 	 83.4 	 73.6 	 0.0010 	 0.8237 	 0.7464 	 0.8199 	 0.7398 	 0.5669 	 0.3863 	 0.2390 	 0.3398
78 	 84.7 	 75.1 	 0.0010 	 0.8222 	 0.7474 	 0.8176 	 0.7426 	 0.5658 	 0.3856 	 0.2381 	 0.3370
79 	 84.0 	 74.0 	 0.0010 	 0.8197 	 0.7491 	 0.8186 	 0.7421 	 0.5679 	 0.3854 	 0.2391 	 0.3377
80 	 82.7 	 72.6 	 0.0010 	 0.8181 	 0.7473 	 0.8163 	 0.7422 	 0.5649 	 0.3888 	 0.2397 	 0.3369
81 	 85.3 	 74.6 	 0.0010 	 0.8178 	 0.7493 	 0.8176 	 0.7417 	 0.5659 	 0.3821 	 0.2360 	 0.3354
82 	 88.4 	 78.5 	 0.0010 	 0.8168 	 0.7497 	 0.8180 	 0.7403 	 0.5663 	 0.3920 	 0.2456 	 0.3425
83 	 83.7 	 73.5 	 0.0010 	 0.8163 	 0.7496 	 0.8152 	 0.7422 	 0.5678 	 0.3903 	 0.2421 	 0.3411
84 	 86.6 	 75.8 	 0.0010 	 0.8131 	 0.7514 	 0.8168 	 0.7417 	 0.5681 	 0.3895 	 0.2416 	 0.3395
85 	 83.5 	 73.5 	 0.0010 	 0.8131 	 0.7496 	 0.8114 	 0.7439 	 0.5734 	 0.3909 	 0.2432 	 0.3407
86 	 85.5 	 75.2 	 0.0010 	 0.8108 	 0.7529 	 0.8128 	 0.7441 	 0.5720 	 0.3930 	 0.2462 	 0.3429
87 	 85.3 	 75.2 	 0.0010 	 0.8113 	 0.7491 	 0.8136 	 0.7424 	 0.5690 	 0.3908 	 0.2420 	 0.3401
88 	 84.4 	 74.6 	 0.0010 	 0.8096 	 0.7516 	 0.8127 	 0.7436 	 0.5705 	 0.3878 	 0.2431 	 0.3397
89 	 83.4 	 73.3 	 0.0010 	 0.8100 	 0.7523 	 0.8141 	 0.7417 	 0.5711 	 0.3919 	 0.2422 	 0.3410
90 	 84.7 	 75.2 	 0.0010 	 0.8096 	 0.7541 	 0.8118 	 0.7438 	 0.5696 	 0.3909 	 0.2447 	 0.3416
91 	 85.1 	 75.0 	 0.0010 	 0.8085 	 0.7533 	 0.8098 	 0.7444 	 0.5729 	 0.3950 	 0.2494 	 0.3442
92 	 86.9 	 77.1 	 0.0010 	 0.8048 	 0.7527 	 0.8085 	 0.7458 	 0.5733 	 0.3992 	 0.2501 	 0.3449
93 	 83.9 	 74.1 	 0.0010 	 0.8052 	 0.7519 	 0.8109 	 0.7429 	 0.5717 	 0.3887 	 0.2400 	 0.3397
94 	 83.1 	 73.3 	 0.0010 	 0.8047 	 0.7534 	 0.8093 	 0.7455 	 0.5712 	 0.3948 	 0.2464 	 0.3420
95 	 85.9 	 75.5 	 0.0010 	 0.8039 	 0.7538 	 0.8070 	 0.7451 	 0.5746 	 0.3989 	 0.2518 	 0.3469
96 	 87.1 	 77.3 	 0.0010 	 0.8032 	 0.7545 	 0.8091 	 0.7467 	 0.5691 	 0.3938 	 0.2440 	 0.3404
97 	 83.2 	 73.5 	 0.0010 	 0.8038 	 0.7552 	 0.8069 	 0.7447 	 0.5721 	 0.3925 	 0.2438 	 0.3411
98 	 86.9 	 77.2 	 0.0010 	 0.8022 	 0.7548 	 0.8090 	 0.7428 	 0.5723 	 0.3960 	 0.2488 	 0.3450
99 	 83.8 	 73.1 	 0.0010 	 0.8009 	 0.7546 	 0.8059 	 0.7480 	 0.5751 	 0.3949 	 0.2470 	 0.3420
Total train time: 141.5520 minutes
Best Epoch 	 Test Loss 	 Test Acc 	 Test Robust (36) 	 Test Robust (72) 	 Test Robust (108) 	 Mean Cert 	 Test Time
99 	 0.8059 	 0.7480 	 0.5751 	 0.3949 	 0.2470 	 0.3420 	 9.9281
Last Epoch 	 Test Loss 	 Test Acc 	 Test Robust (36) 	 Test Robust (72) 	 Test Robust (108) 	 Mean Cert 	 Test Time
99 	 0.8059 	 0.7480 	 0.5751 	 0.3949 	 0.2470 	 0.3420 	 10.0954
