Namespace(batch_size=128, epochs=100, lr_min=0.0, lr_max=0.1, weight_decay=0.0005, momentum=0.9, gamma=0.0, opt_level='O2', loss_scale='1.0', conv_layer='soc', init_channels=32, activation='maxmin', block_size=1, lln=False, data_dir='./cifar-data', dataset='cifar10', epsilon=36, out_dir='LipConvnet_cifar10_1_soc_32_maxmin_cr0.0', seed=0)
Epoch 	 Seconds 	 LR 	 Train Loss 	 Train Acc 	 Test Loss 	 Test Acc 	 Test Robust (36) 	 Test Robust (72) 	 Test Robust (108) 	 Test Cert
0 	 30.9 	 26.7 	 0.1000 	 1.8852 	 0.3385 	 1.7431 	 0.3763 	 0.1365 	 0.0296 	 0.0020 	 0.1241
1 	 30.1 	 25.5 	 0.1000 	 1.5282 	 0.4484 	 1.6662 	 0.4145 	 0.1638 	 0.0395 	 0.0054 	 0.1331
2 	 31.0 	 26.7 	 0.1000 	 1.4205 	 0.4904 	 1.5131 	 0.4590 	 0.2341 	 0.0868 	 0.0222 	 0.1713
3 	 30.4 	 25.8 	 0.1000 	 1.3580 	 0.5158 	 1.5389 	 0.4549 	 0.2489 	 0.0986 	 0.0287 	 0.1822
4 	 29.8 	 25.4 	 0.1000 	 1.2876 	 0.5440 	 1.5702 	 0.4460 	 0.2354 	 0.0966 	 0.0305 	 0.1820
5 	 33.0 	 28.3 	 0.1000 	 1.2427 	 0.5590 	 1.4694 	 0.4963 	 0.2522 	 0.0884 	 0.0222 	 0.1697
6 	 32.3 	 27.5 	 0.1000 	 1.1993 	 0.5748 	 1.5003 	 0.4712 	 0.2415 	 0.0885 	 0.0199 	 0.1714
7 	 36.4 	 31.3 	 0.1000 	 1.1781 	 0.5843 	 1.5293 	 0.4556 	 0.2361 	 0.0887 	 0.0248 	 0.1742
8 	 37.3 	 31.8 	 0.1000 	 1.1465 	 0.5967 	 1.4977 	 0.4714 	 0.2300 	 0.0774 	 0.0162 	 0.1625
9 	 38.7 	 33.1 	 0.1000 	 1.1251 	 0.6078 	 1.4116 	 0.5134 	 0.2662 	 0.0937 	 0.0231 	 0.1716
10 	 39.9 	 34.0 	 0.1000 	 1.1144 	 0.6072 	 1.3618 	 0.5289 	 0.2859 	 0.1129 	 0.0344 	 0.1836
11 	 40.7 	 34.7 	 0.1000 	 1.0933 	 0.6164 	 1.3155 	 0.5705 	 0.3084 	 0.1243 	 0.0362 	 0.1836
12 	 38.3 	 33.2 	 0.1000 	 1.0857 	 0.6179 	 1.4463 	 0.5041 	 0.2538 	 0.0881 	 0.0215 	 0.1671
13 	 36.0 	 30.8 	 0.1000 	 1.0783 	 0.6240 	 1.3773 	 0.5247 	 0.2890 	 0.1136 	 0.0344 	 0.1847
14 	 35.3 	 29.7 	 0.1000 	 1.0682 	 0.6270 	 1.4998 	 0.4685 	 0.2530 	 0.1123 	 0.0418 	 0.1910
15 	 34.2 	 29.2 	 0.1000 	 1.0595 	 0.6298 	 1.3807 	 0.5388 	 0.2707 	 0.0921 	 0.0192 	 0.1660
16 	 35.2 	 30.2 	 0.1000 	 1.0508 	 0.6349 	 1.4118 	 0.5180 	 0.2879 	 0.1169 	 0.0337 	 0.1861
17 	 36.1 	 30.8 	 0.1000 	 1.0503 	 0.6332 	 1.4929 	 0.4743 	 0.2299 	 0.0745 	 0.0168 	 0.1608
18 	 35.4 	 29.8 	 0.1000 	 1.0395 	 0.6371 	 1.5257 	 0.4659 	 0.2471 	 0.0899 	 0.0221 	 0.1747
19 	 35.2 	 29.9 	 0.1000 	 1.0341 	 0.6395 	 1.5771 	 0.4400 	 0.2010 	 0.0550 	 0.0086 	 0.1497
20 	 36.7 	 31.1 	 0.1000 	 1.0320 	 0.6394 	 1.3469 	 0.5586 	 0.2924 	 0.1075 	 0.0260 	 0.1726
21 	 35.0 	 29.5 	 0.1000 	 1.0264 	 0.6417 	 1.5430 	 0.4589 	 0.2180 	 0.0683 	 0.0153 	 0.1579
22 	 35.3 	 29.9 	 0.1000 	 1.0251 	 0.6426 	 1.3829 	 0.5304 	 0.2676 	 0.0887 	 0.0193 	 0.1649
23 	 36.8 	 31.4 	 0.1000 	 1.0153 	 0.6451 	 1.4269 	 0.5049 	 0.2654 	 0.0917 	 0.0193 	 0.1705
24 	 36.4 	 30.8 	 0.1000 	 1.0139 	 0.6460 	 1.4664 	 0.4971 	 0.2492 	 0.0861 	 0.0216 	 0.1676
25 	 36.7 	 31.3 	 0.1000 	 1.0126 	 0.6480 	 1.5305 	 0.4836 	 0.2244 	 0.0637 	 0.0138 	 0.1532
26 	 36.5 	 31.0 	 0.1000 	 0.9994 	 0.6524 	 1.4500 	 0.5079 	 0.2455 	 0.0756 	 0.0167 	 0.1592
27 	 37.2 	 31.5 	 0.1000 	 1.0078 	 0.6480 	 1.4165 	 0.5235 	 0.2597 	 0.0827 	 0.0206 	 0.1629
28 	 37.3 	 31.4 	 0.1000 	 0.9970 	 0.6526 	 1.5095 	 0.4656 	 0.2417 	 0.0858 	 0.0229 	 0.1723
29 	 36.3 	 30.7 	 0.1000 	 1.0099 	 0.6474 	 1.4242 	 0.5051 	 0.2614 	 0.1083 	 0.0344 	 0.1797
30 	 37.2 	 31.3 	 0.1000 	 0.9936 	 0.6557 	 1.4248 	 0.5116 	 0.2653 	 0.1079 	 0.0305 	 0.1783
31 	 36.8 	 31.7 	 0.1000 	 0.9911 	 0.6541 	 1.4297 	 0.5272 	 0.2545 	 0.0845 	 0.0213 	 0.1607
32 	 35.6 	 30.2 	 0.1000 	 0.9902 	 0.6545 	 1.4423 	 0.4984 	 0.2635 	 0.1060 	 0.0328 	 0.1822
33 	 35.9 	 30.5 	 0.1000 	 0.9954 	 0.6546 	 1.4020 	 0.5399 	 0.2762 	 0.0973 	 0.0219 	 0.1690
34 	 35.7 	 30.4 	 0.1000 	 0.9918 	 0.6568 	 1.4490 	 0.5219 	 0.2609 	 0.0888 	 0.0195 	 0.1647
35 	 36.1 	 30.9 	 0.1000 	 0.9894 	 0.6553 	 1.4444 	 0.5092 	 0.2611 	 0.0927 	 0.0203 	 0.1697
36 	 36.5 	 31.4 	 0.1000 	 0.9799 	 0.6578 	 1.3405 	 0.5612 	 0.2884 	 0.1009 	 0.0223 	 0.1694
37 	 36.0 	 30.8 	 0.1000 	 0.9833 	 0.6579 	 1.3585 	 0.5488 	 0.2752 	 0.0904 	 0.0194 	 0.1639
38 	 36.2 	 30.6 	 0.1000 	 0.9855 	 0.6570 	 1.4951 	 0.4553 	 0.2490 	 0.1029 	 0.0301 	 0.1845
39 	 36.2 	 31.1 	 0.1000 	 0.9824 	 0.6581 	 1.4304 	 0.5325 	 0.2589 	 0.0809 	 0.0184 	 0.1603
40 	 35.2 	 29.9 	 0.1000 	 0.9796 	 0.6603 	 1.6299 	 0.4415 	 0.2088 	 0.0638 	 0.0112 	 0.1545
41 	 34.8 	 29.5 	 0.1000 	 0.9861 	 0.6568 	 1.4394 	 0.5028 	 0.2581 	 0.1018 	 0.0329 	 0.1779
42 	 35.4 	 29.9 	 0.1000 	 0.9764 	 0.6614 	 1.4490 	 0.5057 	 0.2741 	 0.1118 	 0.0323 	 0.1836
43 	 35.8 	 30.4 	 0.1000 	 0.9820 	 0.6581 	 1.3090 	 0.5728 	 0.3034 	 0.1312 	 0.0485 	 0.1885
44 	 35.0 	 29.6 	 0.1000 	 0.9859 	 0.6580 	 1.5122 	 0.4734 	 0.2375 	 0.0870 	 0.0200 	 0.1680
45 	 35.4 	 30.1 	 0.1000 	 0.9719 	 0.6608 	 1.3825 	 0.5308 	 0.2990 	 0.1231 	 0.0385 	 0.1913
46 	 36.4 	 30.9 	 0.1000 	 0.9716 	 0.6608 	 1.3597 	 0.5614 	 0.2906 	 0.1040 	 0.0276 	 0.1723
47 	 34.3 	 28.7 	 0.1000 	 0.9731 	 0.6611 	 1.4332 	 0.5149 	 0.2690 	 0.0903 	 0.0213 	 0.1692
48 	 37.6 	 31.5 	 0.1000 	 0.9723 	 0.6627 	 1.4087 	 0.5261 	 0.2842 	 0.1070 	 0.0277 	 0.1786
49 	 37.0 	 31.7 	 0.0100 	 0.9695 	 0.6616 	 1.3879 	 0.5228 	 0.2870 	 0.1142 	 0.0306 	 0.1827
50 	 36.8 	 31.3 	 0.0100 	 0.8151 	 0.7240 	 1.3115 	 0.5733 	 0.3064 	 0.1163 	 0.0299 	 0.1780
51 	 40.7 	 34.1 	 0.0100 	 0.7696 	 0.7406 	 1.3054 	 0.5676 	 0.3167 	 0.1273 	 0.0378 	 0.1873
52 	 38.0 	 32.2 	 0.0100 	 0.7494 	 0.7458 	 1.3362 	 0.5619 	 0.2997 	 0.1106 	 0.0288 	 0.1773
53 	 39.0 	 33.3 	 0.0100 	 0.7371 	 0.7512 	 1.3371 	 0.5560 	 0.3012 	 0.1182 	 0.0344 	 0.1826
54 	 39.2 	 33.5 	 0.0100 	 0.7296 	 0.7550 	 1.3803 	 0.5358 	 0.2845 	 0.1081 	 0.0278 	 0.1774
55 	 36.8 	 31.2 	 0.0100 	 0.7189 	 0.7574 	 1.3502 	 0.5490 	 0.2938 	 0.1072 	 0.0271 	 0.1768
56 	 39.3 	 33.1 	 0.0100 	 0.7104 	 0.7605 	 1.3617 	 0.5494 	 0.2961 	 0.1094 	 0.0309 	 0.1784
57 	 41.2 	 35.1 	 0.0100 	 0.7051 	 0.7626 	 1.3683 	 0.5416 	 0.2879 	 0.1018 	 0.0253 	 0.1744
58 	 40.6 	 34.2 	 0.0100 	 0.6983 	 0.7654 	 1.3509 	 0.5433 	 0.3018 	 0.1168 	 0.0335 	 0.1844
59 	 41.8 	 35.3 	 0.0100 	 0.6959 	 0.7669 	 1.3137 	 0.5736 	 0.3133 	 0.1222 	 0.0341 	 0.1828
60 	 39.3 	 33.3 	 0.0100 	 0.6929 	 0.7659 	 1.3643 	 0.5419 	 0.2962 	 0.1140 	 0.0292 	 0.1812
61 	 37.9 	 32.2 	 0.0100 	 0.6839 	 0.7715 	 1.3945 	 0.5322 	 0.2800 	 0.1017 	 0.0265 	 0.1749
62 	 41.0 	 34.6 	 0.0100 	 0.6804 	 0.7728 	 1.3848 	 0.5343 	 0.2867 	 0.1079 	 0.0302 	 0.1795
63 	 38.7 	 32.7 	 0.0100 	 0.6783 	 0.7723 	 1.3832 	 0.5382 	 0.2887 	 0.1046 	 0.0231 	 0.1744
64 	 40.3 	 34.8 	 0.0100 	 0.6728 	 0.7737 	 1.3046 	 0.5872 	 0.3139 	 0.1156 	 0.0291 	 0.1772
65 	 36.4 	 30.8 	 0.0100 	 0.6738 	 0.7743 	 1.2958 	 0.5825 	 0.3176 	 0.1241 	 0.0338 	 0.1827
66 	 36.7 	 31.2 	 0.0100 	 0.6707 	 0.7760 	 1.3551 	 0.5576 	 0.2995 	 0.1092 	 0.0304 	 0.1768
67 	 36.4 	 30.7 	 0.0100 	 0.6645 	 0.7788 	 1.3084 	 0.5871 	 0.3194 	 0.1231 	 0.0346 	 0.1822
68 	 39.2 	 32.9 	 0.0100 	 0.6697 	 0.7749 	 1.3167 	 0.5571 	 0.3031 	 0.1176 	 0.0331 	 0.1821
69 	 40.2 	 33.6 	 0.0100 	 0.6650 	 0.7776 	 1.3094 	 0.5809 	 0.3211 	 0.1239 	 0.0332 	 0.1835
70 	 42.1 	 35.1 	 0.0100 	 0.6589 	 0.7803 	 1.3636 	 0.5432 	 0.2928 	 0.1121 	 0.0286 	 0.1798
71 	 39.1 	 32.9 	 0.0100 	 0.6576 	 0.7801 	 1.3836 	 0.5287 	 0.2926 	 0.1136 	 0.0286 	 0.1822
72 	 43.0 	 37.2 	 0.0100 	 0.6567 	 0.7822 	 1.3044 	 0.5765 	 0.3132 	 0.1222 	 0.0344 	 0.1816
73 	 35.0 	 29.9 	 0.0100 	 0.6522 	 0.7805 	 1.3578 	 0.5494 	 0.3051 	 0.1239 	 0.0358 	 0.1872
74 	 35.9 	 30.6 	 0.0010 	 0.6529 	 0.7823 	 1.3658 	 0.5549 	 0.3033 	 0.1162 	 0.0309 	 0.1817
75 	 35.6 	 30.2 	 0.0010 	 0.6064 	 0.8027 	 1.3286 	 0.5691 	 0.3109 	 0.1195 	 0.0316 	 0.1812
76 	 34.8 	 29.5 	 0.0010 	 0.5869 	 0.8084 	 1.3489 	 0.5544 	 0.3043 	 0.1183 	 0.0314 	 0.1830
77 	 37.7 	 31.9 	 0.0010 	 0.5794 	 0.8117 	 1.3414 	 0.5622 	 0.3071 	 0.1186 	 0.0316 	 0.1825
78 	 37.1 	 31.5 	 0.0010 	 0.5757 	 0.8136 	 1.3468 	 0.5528 	 0.3009 	 0.1159 	 0.0321 	 0.1823
79 	 38.9 	 33.2 	 0.0010 	 0.5721 	 0.8151 	 1.3384 	 0.5641 	 0.3063 	 0.1171 	 0.0297 	 0.1806
80 	 39.7 	 33.3 	 0.0010 	 0.5678 	 0.8152 	 1.3579 	 0.5517 	 0.2991 	 0.1141 	 0.0287 	 0.1803
81 	 38.8 	 33.6 	 0.0010 	 0.5646 	 0.8172 	 1.3552 	 0.5514 	 0.2947 	 0.1137 	 0.0281 	 0.1798
82 	 37.3 	 31.9 	 0.0010 	 0.5640 	 0.8169 	 1.3396 	 0.5644 	 0.3077 	 0.1175 	 0.0316 	 0.1819
83 	 36.4 	 30.9 	 0.0010 	 0.5611 	 0.8199 	 1.3422 	 0.5593 	 0.3040 	 0.1201 	 0.0341 	 0.1832
84 	 38.3 	 32.5 	 0.0010 	 0.5582 	 0.8197 	 1.3513 	 0.5585 	 0.3008 	 0.1143 	 0.0288 	 0.1789
85 	 40.6 	 34.7 	 0.0010 	 0.5586 	 0.8205 	 1.3486 	 0.5556 	 0.3019 	 0.1162 	 0.0305 	 0.1813
86 	 37.3 	 31.5 	 0.0010 	 0.5531 	 0.8231 	 1.3391 	 0.5628 	 0.3088 	 0.1203 	 0.0311 	 0.1822
87 	 39.4 	 32.7 	 0.0010 	 0.5564 	 0.8206 	 1.3708 	 0.5447 	 0.2937 	 0.1105 	 0.0273 	 0.1786
88 	 39.3 	 33.0 	 0.0010 	 0.5523 	 0.8214 	 1.3575 	 0.5557 	 0.3007 	 0.1133 	 0.0268 	 0.1779
89 	 39.0 	 33.1 	 0.0010 	 0.5515 	 0.8220 	 1.3578 	 0.5560 	 0.2997 	 0.1123 	 0.0270 	 0.1781
90 	 37.2 	 31.7 	 0.0010 	 0.5517 	 0.8229 	 1.3521 	 0.5547 	 0.2981 	 0.1147 	 0.0276 	 0.1794
91 	 37.4 	 31.4 	 0.0010 	 0.5496 	 0.8249 	 1.3576 	 0.5548 	 0.2996 	 0.1132 	 0.0291 	 0.1801
92 	 39.9 	 33.9 	 0.0010 	 0.5463 	 0.8235 	 1.3321 	 0.5682 	 0.3074 	 0.1192 	 0.0306 	 0.1805
93 	 37.4 	 31.9 	 0.0010 	 0.5460 	 0.8256 	 1.3742 	 0.5471 	 0.2909 	 0.1048 	 0.0247 	 0.1750
94 	 38.4 	 32.7 	 0.0010 	 0.5436 	 0.8274 	 1.3649 	 0.5484 	 0.2941 	 0.1107 	 0.0274 	 0.1793
95 	 38.5 	 32.1 	 0.0010 	 0.5439 	 0.8260 	 1.3496 	 0.5587 	 0.3032 	 0.1179 	 0.0307 	 0.1818
96 	 39.0 	 33.3 	 0.0010 	 0.5430 	 0.8263 	 1.3701 	 0.5486 	 0.2924 	 0.1090 	 0.0267 	 0.1763
97 	 40.0 	 34.1 	 0.0010 	 0.5417 	 0.8267 	 1.3659 	 0.5516 	 0.2944 	 0.1097 	 0.0266 	 0.1760
98 	 39.1 	 33.5 	 0.0010 	 0.5392 	 0.8293 	 1.3595 	 0.5529 	 0.2972 	 0.1134 	 0.0280 	 0.1788
99 	 37.3 	 31.6 	 0.0010 	 0.5366 	 0.8277 	 1.3715 	 0.5490 	 0.2933 	 0.1121 	 0.0275 	 0.1775
Total train time: 62.7891 minutes
Best Epoch 	 Test Loss 	 Test Acc 	 Test Robust (36) 	 Test Robust (72) 	 Test Robust (108) 	 Mean Cert 	 Test Time
69 	 1.3094 	 0.5808 	 0.3210 	 0.1242 	 0.0334 	 0.1836 	 12.3968
Last Epoch 	 Test Loss 	 Test Acc 	 Test Robust (36) 	 Test Robust (72) 	 Test Robust (108) 	 Mean Cert 	 Test Time
99 	 1.3716 	 0.5489 	 0.2932 	 0.1123 	 0.0273 	 0.1775 	 11.5724
